<?xml version="1.0" encoding="utf-8"?>
<TestRun id="695afa43-4caf-43d0-9f83-180783f143c6" name="ACER@ACERNITRO5 2025-11-24 13:25:24" runUser="ACERNITRO5\ACER" xmlns="http://microsoft.com/schemas/VisualStudio/TeamTest/2010">
  <Times creation="2025-11-24T13:25:24.3528559+01:00" queuing="2025-11-24T13:25:24.3528563+01:00" start="2025-11-24T13:25:23.6931031+01:00" finish="2025-11-24T13:25:33.0912891+01:00" />
  <TestSettings name="default" id="1cdbc8ce-a3a0-4864-95db-3e9cce4af9c7">
    <Deployment runDeploymentRoot="ACER_ACERNITRO5_2025-11-24_13_25_24" />
  </TestSettings>
  <Results>
    <UnitTestResult executionId="504fb65d-61fb-4ecf-940b-85d923ad358e" testId="66b5a6bf-27b3-b59a-13e3-dc52ea6b590a" testName="MininaxTests.Unit.AlgorithmsTests.MinimaxTests.MinimaxAlgo_WhenMaxPlayerFirst_ShouldWork(brancingFactor: 2, levels: 2, algo: SequentialMinimax { })" computerName="ACERNITRO5" duration="00:00:00.0001304" startTime="2025-11-24T13:25:28.7264915+01:00" endTime="2025-11-24T13:25:28.7264917+01:00" testType="13cdc9d9-ddb5-4fa4-a97d-d965ccfc6d4b" outcome="Passed" testListId="8c84fa94-04c1-424b-9868-57a2d4851a1d" relativeResultsDirectory="504fb65d-61fb-4ecf-940b-85d923ad358e" />
    <UnitTestResult executionId="ddc06d1b-eeac-4a13-a400-a551cd56daa3" testId="56310b88-446b-427b-3b6b-d2d1b0d49243" testName="MininaxTests.Unit.AlgorithmsTests.FlakyMinimaxTests.FlakyTest_RaceCondition_MayFail" computerName="ACERNITRO5" duration="00:00:00.0007171" startTime="2025-11-24T13:25:24.3299403+01:00" endTime="2025-11-24T13:25:24.3299403+01:00" testType="13cdc9d9-ddb5-4fa4-a97d-d965ccfc6d4b" outcome="Passed" testListId="8c84fa94-04c1-424b-9868-57a2d4851a1d" relativeResultsDirectory="ddc06d1b-eeac-4a13-a400-a551cd56daa3" />
    <UnitTestResult executionId="cf77eb17-5b1c-450a-af4d-aa2842e745d3" testId="a3f7626d-02cb-6fa8-b5aa-91ffe225874d" testName="MininaxTests.Unit.AlgorithmsTests.FlakyMinimaxTests.FlakyTest_CollectionModificationDuringIteration_MayFail" computerName="ACERNITRO5" duration="00:00:00.2001957" startTime="2025-11-24T13:25:24.5537180+01:00" endTime="2025-11-24T13:25:24.5537184+01:00" testType="13cdc9d9-ddb5-4fa4-a97d-d965ccfc6d4b" outcome="Passed" testListId="8c84fa94-04c1-424b-9868-57a2d4851a1d" relativeResultsDirectory="cf77eb17-5b1c-450a-af4d-aa2842e745d3" />
    <UnitTestResult executionId="87d7b003-ea4c-47a8-944f-6566baf2bb75" testId="c1ee103b-9768-30a9-d0da-31299d93b1ab" testName="MininaxTests.Unit.AlgorithmsTests.MinimaxTests.MinimaxAlgo_WhenMinPlayerFirst_ShouldWork(brancingFactor: 1000, levels: 2, algo: ParallelMinimax_ForEach_ChooseLevel { })" computerName="ACERNITRO5" duration="00:00:00.1208684" startTime="2025-11-24T13:25:28.7262365+01:00" endTime="2025-11-24T13:25:28.7262368+01:00" testType="13cdc9d9-ddb5-4fa4-a97d-d965ccfc6d4b" outcome="Failed" testListId="8c84fa94-04c1-424b-9868-57a2d4851a1d" relativeResultsDirectory="87d7b003-ea4c-47a8-944f-6566baf2bb75">
      <Output>
        <ErrorInfo>
          <Message>Assert.Equal() Failure: Values differ&#xD;
Expected: -1&#xD;
Actual:   1000</Message>
          <StackTrace>   at MininaxTests.Unit.AlgorithmsTests.MinimaxTests.MinimaxAlgo_WhenMinPlayerFirst_ShouldWork(Int32 brancingFactor, Int32 levels, IMinimax`1 algo) in D:\Old Projects\Minimax\tests\MininaxTests.Unit\AlgorithmsTests\MinimaxTests.cs:line 64&#xD;
   at InvokeStub_MinimaxTests.MinimaxAlgo_WhenMinPlayerFirst_ShouldWork(Object, Span`1)&#xD;
   at System.Reflection.MethodBaseInvoker.InvokeWithFewArgs(Object obj, BindingFlags invokeAttr, Binder binder, Object[] parameters, CultureInfo culture)</StackTrace>
        </ErrorInfo>
      </Output>
    </UnitTestResult>
    <UnitTestResult executionId="6baf3e26-f6e0-482d-af54-abc65a8a1edc" testId="c1ee103b-9768-30a9-d0da-31299d93b1ab" testName="MininaxTests.Unit.AlgorithmsTests.MinimaxTests.MinimaxAlgo_WhenMinPlayerFirst_ShouldWork(brancingFactor: 2, levels: 20, algo: SequentialMinimax { })" computerName="ACERNITRO5" duration="00:00:00.7257004" startTime="2025-11-24T13:25:24.9077796+01:00" endTime="2025-11-24T13:25:24.9077799+01:00" testType="13cdc9d9-ddb5-4fa4-a97d-d965ccfc6d4b" outcome="Failed" testListId="8c84fa94-04c1-424b-9868-57a2d4851a1d" relativeResultsDirectory="6baf3e26-f6e0-482d-af54-abc65a8a1edc">
      <Output>
        <ErrorInfo>
          <Message>Assert.Equal() Failure: Values differ&#xD;
Expected: -1&#xD;
Actual:   349526</Message>
          <StackTrace>   at MininaxTests.Unit.AlgorithmsTests.MinimaxTests.MinimaxAlgo_WhenMinPlayerFirst_ShouldWork(Int32 brancingFactor, Int32 levels, IMinimax`1 algo) in D:\Old Projects\Minimax\tests\MininaxTests.Unit\AlgorithmsTests\MinimaxTests.cs:line 64&#xD;
   at InvokeStub_MinimaxTests.MinimaxAlgo_WhenMinPlayerFirst_ShouldWork(Object, Span`1)&#xD;
   at System.Reflection.MethodBaseInvoker.InvokeWithFewArgs(Object obj, BindingFlags invokeAttr, Binder binder, Object[] parameters, CultureInfo culture)</StackTrace>
        </ErrorInfo>
      </Output>
    </UnitTestResult>
    <UnitTestResult executionId="1ac25b25-0ac6-4684-8ee3-317e05410b43" testId="66b5a6bf-27b3-b59a-13e3-dc52ea6b590a" testName="MininaxTests.Unit.AlgorithmsTests.MinimaxTests.MinimaxAlgo_WhenMaxPlayerFirst_ShouldWork(brancingFactor: 50, levels: 4, algo: SequentialMinimax { })" computerName="ACERNITRO5" duration="00:00:00.7374374" startTime="2025-11-24T13:25:30.0637158+01:00" endTime="2025-11-24T13:25:30.0637163+01:00" testType="13cdc9d9-ddb5-4fa4-a97d-d965ccfc6d4b" outcome="Passed" testListId="8c84fa94-04c1-424b-9868-57a2d4851a1d" relativeResultsDirectory="1ac25b25-0ac6-4684-8ee3-317e05410b43" />
    <UnitTestResult executionId="99a105af-3c8c-4ac5-813c-cfa3bf6abd1b" testId="9fcf6c62-e9bb-3a50-9702-e3f9f6e6cbd6" testName="MininaxTests.Unit.AlgorithmsTests.FlakyMinimaxTests.FlakyTest_StaticStateCorruption_MayFail" computerName="ACERNITRO5" duration="00:00:00.0001397" startTime="2025-11-24T13:25:24.2948884+01:00" endTime="2025-11-24T13:25:24.2948884+01:00" testType="13cdc9d9-ddb5-4fa4-a97d-d965ccfc6d4b" outcome="Passed" testListId="8c84fa94-04c1-424b-9868-57a2d4851a1d" relativeResultsDirectory="99a105af-3c8c-4ac5-813c-cfa3bf6abd1b" />
    <UnitTestResult executionId="6780747c-ce25-4b68-88f3-21bc4d2b62ab" testId="66b5a6bf-27b3-b59a-13e3-dc52ea6b590a" testName="MininaxTests.Unit.AlgorithmsTests.MinimaxTests.MinimaxAlgo_WhenMaxPlayerFirst_ShouldWork(brancingFactor: 100, levels: 3, algo: ParallelMinimax_ForEach_FirstLevel { })" computerName="ACERNITRO5" duration="00:00:00.0748084" startTime="2025-11-24T13:25:31.6039290+01:00" endTime="2025-11-24T13:25:31.6039294+01:00" testType="13cdc9d9-ddb5-4fa4-a97d-d965ccfc6d4b" outcome="Passed" testListId="8c84fa94-04c1-424b-9868-57a2d4851a1d" relativeResultsDirectory="6780747c-ce25-4b68-88f3-21bc4d2b62ab" />
    <UnitTestResult executionId="f6b14547-38d7-4d57-9ad2-d62fe8390eda" testId="c1ee103b-9768-30a9-d0da-31299d93b1ab" testName="MininaxTests.Unit.AlgorithmsTests.MinimaxTests.MinimaxAlgo_WhenMinPlayerFirst_ShouldWork(brancingFactor: 50, levels: 4, algo: ParallelMinimax_ForEach_FirstLevel { })" computerName="ACERNITRO5" duration="00:00:00.6274860" startTime="2025-11-24T13:25:27.0877682+01:00" endTime="2025-11-24T13:25:27.0877685+01:00" testType="13cdc9d9-ddb5-4fa4-a97d-d965ccfc6d4b" outcome="Failed" testListId="8c84fa94-04c1-424b-9868-57a2d4851a1d" relativeResultsDirectory="f6b14547-38d7-4d57-9ad2-d62fe8390eda">
      <Output>
        <ErrorInfo>
          <Message>Assert.Equal() Failure: Values differ&#xD;
Expected: -1&#xD;
Actual:   122550</Message>
          <StackTrace>   at MininaxTests.Unit.AlgorithmsTests.MinimaxTests.MinimaxAlgo_WhenMinPlayerFirst_ShouldWork(Int32 brancingFactor, Int32 levels, IMinimax`1 algo) in D:\Old Projects\Minimax\tests\MininaxTests.Unit\AlgorithmsTests\MinimaxTests.cs:line 64&#xD;
   at InvokeStub_MinimaxTests.MinimaxAlgo_WhenMinPlayerFirst_ShouldWork(Object, Span`1)&#xD;
   at System.Reflection.MethodBaseInvoker.InvokeWithFewArgs(Object obj, BindingFlags invokeAttr, Binder binder, Object[] parameters, CultureInfo culture)</StackTrace>
        </ErrorInfo>
      </Output>
    </UnitTestResult>
    <UnitTestResult executionId="3d39615d-2dec-49d9-a9cb-f44e798e6706" testId="d69fd164-87fd-a1fb-f42a-ac7613b8afaa" testName="MininaxTests.Unit.AlgorithmsTests.FlakyMinimaxTests.FlakyTest_ThreadSleepTiming_MayFail" computerName="ACERNITRO5" duration="00:00:00.1180366" startTime="2025-11-24T13:25:24.2946449+01:00" endTime="2025-11-24T13:25:24.2946451+01:00" testType="13cdc9d9-ddb5-4fa4-a97d-d965ccfc6d4b" outcome="Failed" testListId="8c84fa94-04c1-424b-9868-57a2d4851a1d" relativeResultsDirectory="3d39615d-2dec-49d9-a9cb-f44e798e6706">
      <Output>
        <ErrorInfo>
          <Message>Expected task to complete, but timing was unlucky!</Message>
          <StackTrace>   at MininaxTests.Unit.AlgorithmsTests.FlakyMinimaxTests.FlakyTest_ThreadSleepTiming_MayFail() in D:\Old Projects\Minimax\tests\MininaxTests.Unit\AlgorithmsTests\FlakyMinimaxTests.cs:line 86&#xD;
   at System.RuntimeMethodHandle.InvokeMethod(Object target, Void** arguments, Signature sig, Boolean isConstructor)&#xD;
   at System.Reflection.MethodBaseInvoker.InvokeWithNoArgs(Object obj, BindingFlags invokeAttr)</StackTrace>
        </ErrorInfo>
      </Output>
    </UnitTestResult>
    <UnitTestResult executionId="38e92bc5-f4b3-4c93-ad97-e383b4e29db8" testId="ff68cf20-4f6c-3695-9759-570a2747c6c4" testName="MininaxTests.Unit.AlgorithmsTests.FlakyMinimaxTests.FlakyTest_FloatingPointComparison_MayFail" computerName="ACERNITRO5" duration="00:00:00.0002103" startTime="2025-11-24T13:25:24.2948567+01:00" endTime="2025-11-24T13:25:24.2948568+01:00" testType="13cdc9d9-ddb5-4fa4-a97d-d965ccfc6d4b" outcome="Passed" testListId="8c84fa94-04c1-424b-9868-57a2d4851a1d" relativeResultsDirectory="38e92bc5-f4b3-4c93-ad97-e383b4e29db8" />
    <UnitTestResult executionId="b9bc7098-c71b-43ca-a167-1dba8eaca048" testId="634e10d3-c4db-deb3-d91d-97eff9835fa9" testName="MininaxTests.Unit.AlgorithmsTests.FlakyMinimaxTests.FlakyTest_TaskDelayRace_MayFail(delayMs: 10)" computerName="ACERNITRO5" duration="00:00:00.0158668" startTime="2025-11-24T13:25:24.3298914+01:00" endTime="2025-11-24T13:25:24.3298915+01:00" testType="13cdc9d9-ddb5-4fa4-a97d-d965ccfc6d4b" outcome="Failed" testListId="8c84fa94-04c1-424b-9868-57a2d4851a1d" relativeResultsDirectory="b9bc7098-c71b-43ca-a167-1dba8eaca048">
      <Output>
        <ErrorInfo>
          <Message>Expected computation to complete in time!</Message>
          <StackTrace>   at MininaxTests.Unit.AlgorithmsTests.FlakyMinimaxTests.FlakyTest_TaskDelayRace_MayFail(Int32 delayMs) in D:\Old Projects\Minimax\tests\MininaxTests.Unit\AlgorithmsTests\FlakyMinimaxTests.cs:line 190&#xD;
   at InvokeStub_FlakyMinimaxTests.FlakyTest_TaskDelayRace_MayFail(Object, Span`1)&#xD;
   at System.Reflection.MethodBaseInvoker.InvokeWithOneArg(Object obj, BindingFlags invokeAttr, Binder binder, Object[] parameters, CultureInfo culture)</StackTrace>
        </ErrorInfo>
      </Output>
    </UnitTestResult>
    <UnitTestResult executionId="e845a4e7-3e62-49ba-a316-8d2cc8cac57e" testId="9d8f8dac-b0a3-aed5-3458-2441cc8a2022" testName="MininaxTests.Unit.AlgorithmsTests.FlakyMinimaxTests.FlakyTest_ParallelResultsWithSharedState_MayFail(branchingFactor: 4, levels: 3)" computerName="ACERNITRO5" duration="00:00:00.0029654" startTime="2025-11-24T13:25:24.2976880+01:00" endTime="2025-11-24T13:25:24.2976884+01:00" testType="13cdc9d9-ddb5-4fa4-a97d-d965ccfc6d4b" outcome="Passed" testListId="8c84fa94-04c1-424b-9868-57a2d4851a1d" relativeResultsDirectory="e845a4e7-3e62-49ba-a316-8d2cc8cac57e" />
    <UnitTestResult executionId="9da47917-62dd-469b-a3b4-77d66fe07660" testId="c1ee103b-9768-30a9-d0da-31299d93b1ab" testName="MininaxTests.Unit.AlgorithmsTests.MinimaxTests.MinimaxAlgo_WhenMinPlayerFirst_ShouldWork(brancingFactor: 100, levels: 3, algo: ParallelMinimax_ForEach_ChooseLevel { })" computerName="ACERNITRO5" duration="00:00:00.1213257" startTime="2025-11-24T13:25:28.6053199+01:00" endTime="2025-11-24T13:25:28.6053201+01:00" testType="13cdc9d9-ddb5-4fa4-a97d-d965ccfc6d4b" outcome="Failed" testListId="8c84fa94-04c1-424b-9868-57a2d4851a1d" relativeResultsDirectory="9da47917-62dd-469b-a3b4-77d66fe07660">
      <Output>
        <ErrorInfo>
          <Message>Assert.Equal() Failure: Values differ&#xD;
Expected: -1&#xD;
Actual:   9901</Message>
          <StackTrace>   at MininaxTests.Unit.AlgorithmsTests.MinimaxTests.MinimaxAlgo_WhenMinPlayerFirst_ShouldWork(Int32 brancingFactor, Int32 levels, IMinimax`1 algo) in D:\Old Projects\Minimax\tests\MininaxTests.Unit\AlgorithmsTests\MinimaxTests.cs:line 64&#xD;
   at InvokeStub_MinimaxTests.MinimaxAlgo_WhenMinPlayerFirst_ShouldWork(Object, Span`1)&#xD;
   at System.Reflection.MethodBaseInvoker.InvokeWithFewArgs(Object obj, BindingFlags invokeAttr, Binder binder, Object[] parameters, CultureInfo culture)</StackTrace>
        </ErrorInfo>
      </Output>
    </UnitTestResult>
    <UnitTestResult executionId="a4ff45b3-0347-4807-a337-afd98da97acb" testId="66b5a6bf-27b3-b59a-13e3-dc52ea6b590a" testName="MininaxTests.Unit.AlgorithmsTests.MinimaxTests.MinimaxAlgo_WhenMaxPlayerFirst_ShouldWork(brancingFactor: 2, levels: 10, algo: SequentialMinimax { })" computerName="ACERNITRO5" duration="00:00:00.0003888" startTime="2025-11-24T13:25:28.7269132+01:00" endTime="2025-11-24T13:25:28.7269133+01:00" testType="13cdc9d9-ddb5-4fa4-a97d-d965ccfc6d4b" outcome="Passed" testListId="8c84fa94-04c1-424b-9868-57a2d4851a1d" relativeResultsDirectory="a4ff45b3-0347-4807-a337-afd98da97acb" />
    <UnitTestResult executionId="8a170ab8-5850-4e70-a15c-c75238f7335a" testId="66b5a6bf-27b3-b59a-13e3-dc52ea6b590a" testName="MininaxTests.Unit.AlgorithmsTests.MinimaxTests.MinimaxAlgo_WhenMaxPlayerFirst_ShouldWork(brancingFactor: 2, levels: 20, algo: ParallelMinimax_ForEach_ChooseLevel { })" computerName="ACERNITRO5" duration="00:00:00.5476529" startTime="2025-11-24T13:25:32.2288209+01:00" endTime="2025-11-24T13:25:32.2288216+01:00" testType="13cdc9d9-ddb5-4fa4-a97d-d965ccfc6d4b" outcome="Passed" testListId="8c84fa94-04c1-424b-9868-57a2d4851a1d" relativeResultsDirectory="8a170ab8-5850-4e70-a15c-c75238f7335a" />
    <UnitTestResult executionId="480d7462-41d7-414d-89b4-04a5a6d39578" testId="66b5a6bf-27b3-b59a-13e3-dc52ea6b590a" testName="MininaxTests.Unit.AlgorithmsTests.MinimaxTests.MinimaxAlgo_WhenMaxPlayerFirst_ShouldWork(brancingFactor: 2, levels: 20, algo: ParallelMinimax_ForEach_FirstLevel { })" computerName="ACERNITRO5" duration="00:00:00.5419016" startTime="2025-11-24T13:25:30.8189303+01:00" endTime="2025-11-24T13:25:30.8189317+01:00" testType="13cdc9d9-ddb5-4fa4-a97d-d965ccfc6d4b" outcome="Passed" testListId="8c84fa94-04c1-424b-9868-57a2d4851a1d" relativeResultsDirectory="480d7462-41d7-414d-89b4-04a5a6d39578" />
    <UnitTestResult executionId="4ce2cbbe-30f1-4969-9108-1bd5cef91400" testId="66b5a6bf-27b3-b59a-13e3-dc52ea6b590a" testName="MininaxTests.Unit.AlgorithmsTests.MinimaxTests.MinimaxAlgo_WhenMaxPlayerFirst_ShouldWork(brancingFactor: 2, levels: 2, algo: ParallelMinimax_ForEach_ChooseLevel { })" computerName="ACERNITRO5" duration="00:00:00.0001304" startTime="2025-11-24T13:25:31.6807533+01:00" endTime="2025-11-24T13:25:31.6807534+01:00" testType="13cdc9d9-ddb5-4fa4-a97d-d965ccfc6d4b" outcome="Passed" testListId="8c84fa94-04c1-424b-9868-57a2d4851a1d" relativeResultsDirectory="4ce2cbbe-30f1-4969-9108-1bd5cef91400" />
    <UnitTestResult executionId="926f2af8-f387-4b01-9469-2d0d92e45e0e" testId="66b5a6bf-27b3-b59a-13e3-dc52ea6b590a" testName="MininaxTests.Unit.AlgorithmsTests.MinimaxTests.MinimaxAlgo_WhenMaxPlayerFirst_ShouldWork(brancingFactor: 2, levels: 10, algo: ParallelMinimax_ForEach_FirstLevel { })" computerName="ACERNITRO5" duration="00:00:00.0002415" startTime="2025-11-24T13:25:30.2768927+01:00" endTime="2025-11-24T13:25:30.2768929+01:00" testType="13cdc9d9-ddb5-4fa4-a97d-d965ccfc6d4b" outcome="Passed" testListId="8c84fa94-04c1-424b-9868-57a2d4851a1d" relativeResultsDirectory="926f2af8-f387-4b01-9469-2d0d92e45e0e" />
    <UnitTestResult executionId="54842426-653b-4f50-80d2-ba1e6e2c3d96" testId="c1ee103b-9768-30a9-d0da-31299d93b1ab" testName="MininaxTests.Unit.AlgorithmsTests.MinimaxTests.MinimaxAlgo_WhenMinPlayerFirst_ShouldWork(brancingFactor: 2, levels: 10, algo: SequentialMinimax { })" computerName="ACERNITRO5" duration="00:00:00.0010765" startTime="2025-11-24T13:25:24.1845285+01:00" endTime="2025-11-24T13:25:24.1845286+01:00" testType="13cdc9d9-ddb5-4fa4-a97d-d965ccfc6d4b" outcome="Failed" testListId="8c84fa94-04c1-424b-9868-57a2d4851a1d" relativeResultsDirectory="54842426-653b-4f50-80d2-ba1e6e2c3d96">
      <Output>
        <ErrorInfo>
          <Message>Assert.Equal() Failure: Values differ&#xD;
Expected: -1&#xD;
Actual:   342</Message>
          <StackTrace>   at MininaxTests.Unit.AlgorithmsTests.MinimaxTests.MinimaxAlgo_WhenMinPlayerFirst_ShouldWork(Int32 brancingFactor, Int32 levels, IMinimax`1 algo) in D:\Old Projects\Minimax\tests\MininaxTests.Unit\AlgorithmsTests\MinimaxTests.cs:line 64&#xD;
   at InvokeStub_MinimaxTests.MinimaxAlgo_WhenMinPlayerFirst_ShouldWork(Object, Span`1)&#xD;
   at System.Reflection.MethodBaseInvoker.InvokeWithFewArgs(Object obj, BindingFlags invokeAttr, Binder binder, Object[] parameters, CultureInfo culture)</StackTrace>
        </ErrorInfo>
      </Output>
    </UnitTestResult>
    <UnitTestResult executionId="19dd5fec-bb09-4c4c-a3cc-cdb6df28414e" testId="b9b2942c-33a0-e0da-272f-7d15d5134f8f" testName="MininaxTests.Unit.AlgorithmsTests.FlakyMinimaxTests.FlakyTest_RandomSeed_MayFail" computerName="ACERNITRO5" duration="00:00:00.0002227" startTime="2025-11-24T13:25:24.5539842+01:00" endTime="2025-11-24T13:25:24.5539843+01:00" testType="13cdc9d9-ddb5-4fa4-a97d-d965ccfc6d4b" outcome="Passed" testListId="8c84fa94-04c1-424b-9868-57a2d4851a1d" relativeResultsDirectory="19dd5fec-bb09-4c4c-a3cc-cdb6df28414e" />
    <UnitTestResult executionId="a75620ab-f6d8-4dec-acb5-19171bd37e9c" testId="ee98f934-2189-c7df-4f9c-36f7295b35c9" testName="MininaxTests.Unit.AlgorithmsTests.FlakyMinimaxTests.FlakyTest_TaskDelayRace_MayFail(delayMs: 5)" computerName="ACERNITRO5" duration="00:00:00.0103935" startTime="2025-11-24T13:25:24.3296375+01:00" endTime="2025-11-24T13:25:24.3296376+01:00" testType="13cdc9d9-ddb5-4fa4-a97d-d965ccfc6d4b" outcome="Failed" testListId="8c84fa94-04c1-424b-9868-57a2d4851a1d" relativeResultsDirectory="a75620ab-f6d8-4dec-acb5-19171bd37e9c">
      <Output>
        <ErrorInfo>
          <Message>Expected computation to complete in time!</Message>
          <StackTrace>   at MininaxTests.Unit.AlgorithmsTests.FlakyMinimaxTests.FlakyTest_TaskDelayRace_MayFail(Int32 delayMs) in D:\Old Projects\Minimax\tests\MininaxTests.Unit\AlgorithmsTests\FlakyMinimaxTests.cs:line 190&#xD;
   at System.RuntimeMethodHandle.InvokeMethod(Object target, Void** arguments, Signature sig, Boolean isConstructor)&#xD;
   at System.Reflection.MethodBaseInvoker.InvokeDirectByRefWithFewArgs(Object obj, Span`1 copyOfArgs, BindingFlags invokeAttr)</StackTrace>
        </ErrorInfo>
      </Output>
    </UnitTestResult>
    <UnitTestResult executionId="1c0e34ed-6112-4f1e-b78b-d77f2930df1e" testId="c1ee103b-9768-30a9-d0da-31299d93b1ab" testName="MininaxTests.Unit.AlgorithmsTests.MinimaxTests.MinimaxAlgo_WhenMinPlayerFirst_ShouldWork(brancingFactor: 2, levels: 2, algo: ParallelMinimax_ForEach_ChooseLevel { })" computerName="ACERNITRO5" duration="00:00:00.0001912" startTime="2025-11-24T13:25:27.3005669+01:00" endTime="2025-11-24T13:25:27.3005670+01:00" testType="13cdc9d9-ddb5-4fa4-a97d-d965ccfc6d4b" outcome="Failed" testListId="8c84fa94-04c1-424b-9868-57a2d4851a1d" relativeResultsDirectory="1c0e34ed-6112-4f1e-b78b-d77f2930df1e">
      <Output>
        <ErrorInfo>
          <Message>Assert.Equal() Failure: Values differ&#xD;
Expected: -1&#xD;
Actual:   2</Message>
          <StackTrace>   at MininaxTests.Unit.AlgorithmsTests.MinimaxTests.MinimaxAlgo_WhenMinPlayerFirst_ShouldWork(Int32 brancingFactor, Int32 levels, IMinimax`1 algo) in D:\Old Projects\Minimax\tests\MininaxTests.Unit\AlgorithmsTests\MinimaxTests.cs:line 64&#xD;
   at InvokeStub_MinimaxTests.MinimaxAlgo_WhenMinPlayerFirst_ShouldWork(Object, Span`1)&#xD;
   at System.Reflection.MethodBaseInvoker.InvokeWithFewArgs(Object obj, BindingFlags invokeAttr, Binder binder, Object[] parameters, CultureInfo culture)</StackTrace>
        </ErrorInfo>
      </Output>
    </UnitTestResult>
    <UnitTestResult executionId="ec13a3ab-92eb-464e-8053-2a8b74820075" testId="c1ee103b-9768-30a9-d0da-31299d93b1ab" testName="MininaxTests.Unit.AlgorithmsTests.MinimaxTests.MinimaxAlgo_WhenMinPlayerFirst_ShouldWork(brancingFactor: 100, levels: 3, algo: SequentialMinimax { })" computerName="ACERNITRO5" duration="00:00:00.0854457" startTime="2025-11-24T13:25:25.7914371+01:00" endTime="2025-11-24T13:25:25.7914374+01:00" testType="13cdc9d9-ddb5-4fa4-a97d-d965ccfc6d4b" outcome="Failed" testListId="8c84fa94-04c1-424b-9868-57a2d4851a1d" relativeResultsDirectory="ec13a3ab-92eb-464e-8053-2a8b74820075">
      <Output>
        <ErrorInfo>
          <Message>Assert.Equal() Failure: Values differ&#xD;
Expected: -1&#xD;
Actual:   9901</Message>
          <StackTrace>   at MininaxTests.Unit.AlgorithmsTests.MinimaxTests.MinimaxAlgo_WhenMinPlayerFirst_ShouldWork(Int32 brancingFactor, Int32 levels, IMinimax`1 algo) in D:\Old Projects\Minimax\tests\MininaxTests.Unit\AlgorithmsTests\MinimaxTests.cs:line 64&#xD;
   at InvokeStub_MinimaxTests.MinimaxAlgo_WhenMinPlayerFirst_ShouldWork(Object, Span`1)&#xD;
   at System.Reflection.MethodBaseInvoker.InvokeWithFewArgs(Object obj, BindingFlags invokeAttr, Binder binder, Object[] parameters, CultureInfo culture)</StackTrace>
        </ErrorInfo>
      </Output>
    </UnitTestResult>
    <UnitTestResult executionId="0b961932-0cca-4490-a753-265bd01374c2" testId="66b5a6bf-27b3-b59a-13e3-dc52ea6b590a" testName="MininaxTests.Unit.AlgorithmsTests.MinimaxTests.MinimaxAlgo_WhenMaxPlayerFirst_ShouldWork(brancingFactor: 2, levels: 2, algo: ParallelMinimax_ForEach_FirstLevel { })" computerName="ACERNITRO5" duration="00:00:00.0001182" startTime="2025-11-24T13:25:30.2766194+01:00" endTime="2025-11-24T13:25:30.2766195+01:00" testType="13cdc9d9-ddb5-4fa4-a97d-d965ccfc6d4b" outcome="Passed" testListId="8c84fa94-04c1-424b-9868-57a2d4851a1d" relativeResultsDirectory="0b961932-0cca-4490-a753-265bd01374c2" />
    <UnitTestResult executionId="ce0e384e-0472-4792-9801-40407c25bcd5" testId="66b5a6bf-27b3-b59a-13e3-dc52ea6b590a" testName="MininaxTests.Unit.AlgorithmsTests.MinimaxTests.MinimaxAlgo_WhenMaxPlayerFirst_ShouldWork(brancingFactor: 1000, levels: 2, algo: ParallelMinimax_ForEach_ChooseLevel { })" computerName="ACERNITRO5" duration="00:00:00.0695784" startTime="2025-11-24T13:25:33.0232709+01:00" endTime="2025-11-24T13:25:33.0232714+01:00" testType="13cdc9d9-ddb5-4fa4-a97d-d965ccfc6d4b" outcome="Passed" testListId="8c84fa94-04c1-424b-9868-57a2d4851a1d" relativeResultsDirectory="ce0e384e-0472-4792-9801-40407c25bcd5" />
    <UnitTestResult executionId="ec515820-4d2d-4421-a8ce-1929aea894bc" testId="66b5a6bf-27b3-b59a-13e3-dc52ea6b590a" testName="MininaxTests.Unit.AlgorithmsTests.MinimaxTests.MinimaxAlgo_WhenMaxPlayerFirst_ShouldWork(brancingFactor: 2, levels: 10, algo: ParallelMinimax_ForEach_ChooseLevel { })" computerName="ACERNITRO5" duration="00:00:00.0002634" startTime="2025-11-24T13:25:31.6810756+01:00" endTime="2025-11-24T13:25:31.6810757+01:00" testType="13cdc9d9-ddb5-4fa4-a97d-d965ccfc6d4b" outcome="Passed" testListId="8c84fa94-04c1-424b-9868-57a2d4851a1d" relativeResultsDirectory="ec515820-4d2d-4421-a8ce-1929aea894bc" />
    <UnitTestResult executionId="51c5372c-bb6d-4b17-94db-259f40d52123" testId="2e3c0228-238a-3db0-10b2-138db65c20eb" testName="MininaxTests.Unit.AlgorithmsTests.FlakyMinimaxTests.FlakyTest_ParallelResultsWithSharedState_MayFail(branchingFactor: 2, levels: 5)" computerName="ACERNITRO5" duration="00:00:00.0000792" startTime="2025-11-24T13:25:24.3291286+01:00" endTime="2025-11-24T13:25:24.3291286+01:00" testType="13cdc9d9-ddb5-4fa4-a97d-d965ccfc6d4b" outcome="Passed" testListId="8c84fa94-04c1-424b-9868-57a2d4851a1d" relativeResultsDirectory="51c5372c-bb6d-4b17-94db-259f40d52123" />
    <UnitTestResult executionId="59c67b72-81ad-4b28-a074-12882a36d6b1" testId="66b5a6bf-27b3-b59a-13e3-dc52ea6b590a" testName="MininaxTests.Unit.AlgorithmsTests.MinimaxTests.MinimaxAlgo_WhenMaxPlayerFirst_ShouldWork(brancingFactor: 1000, levels: 2, algo: SequentialMinimax { })" computerName="ACERNITRO5" duration="00:00:00.1257620" startTime="2025-11-24T13:25:30.2765265+01:00" endTime="2025-11-24T13:25:30.2765271+01:00" testType="13cdc9d9-ddb5-4fa4-a97d-d965ccfc6d4b" outcome="Passed" testListId="8c84fa94-04c1-424b-9868-57a2d4851a1d" relativeResultsDirectory="59c67b72-81ad-4b28-a074-12882a36d6b1" />
    <UnitTestResult executionId="2fb4285b-ba32-4e67-95fb-64a487b44142" testId="c1ee103b-9768-30a9-d0da-31299d93b1ab" testName="MininaxTests.Unit.AlgorithmsTests.MinimaxTests.MinimaxAlgo_WhenMinPlayerFirst_ShouldWork(brancingFactor: 2, levels: 20, algo: ParallelMinimax_ForEach_FirstLevel { })" computerName="ACERNITRO5" duration="00:00:00.5779988" startTime="2025-11-24T13:25:26.4609754+01:00" endTime="2025-11-24T13:25:26.4609757+01:00" testType="13cdc9d9-ddb5-4fa4-a97d-d965ccfc6d4b" outcome="Failed" testListId="8c84fa94-04c1-424b-9868-57a2d4851a1d" relativeResultsDirectory="2fb4285b-ba32-4e67-95fb-64a487b44142">
      <Output>
        <ErrorInfo>
          <Message>Assert.Equal() Failure: Values differ&#xD;
Expected: -1&#xD;
Actual:   349526</Message>
          <StackTrace>   at MininaxTests.Unit.AlgorithmsTests.MinimaxTests.MinimaxAlgo_WhenMinPlayerFirst_ShouldWork(Int32 brancingFactor, Int32 levels, IMinimax`1 algo) in D:\Old Projects\Minimax\tests\MininaxTests.Unit\AlgorithmsTests\MinimaxTests.cs:line 64&#xD;
   at InvokeStub_MinimaxTests.MinimaxAlgo_WhenMinPlayerFirst_ShouldWork(Object, Span`1)&#xD;
   at System.Reflection.MethodBaseInvoker.InvokeWithFewArgs(Object obj, BindingFlags invokeAttr, Binder binder, Object[] parameters, CultureInfo culture)</StackTrace>
        </ErrorInfo>
      </Output>
    </UnitTestResult>
    <UnitTestResult executionId="852f09d0-8b39-4337-a639-ace21ba6bb2a" testId="c1ee103b-9768-30a9-d0da-31299d93b1ab" testName="MininaxTests.Unit.AlgorithmsTests.MinimaxTests.MinimaxAlgo_WhenMinPlayerFirst_ShouldWork(brancingFactor: 50, levels: 4, algo: SequentialMinimax { })" computerName="ACERNITRO5" duration="00:00:00.7978048" startTime="2025-11-24T13:25:25.7060086+01:00" endTime="2025-11-24T13:25:25.7060088+01:00" testType="13cdc9d9-ddb5-4fa4-a97d-d965ccfc6d4b" outcome="Failed" testListId="8c84fa94-04c1-424b-9868-57a2d4851a1d" relativeResultsDirectory="852f09d0-8b39-4337-a639-ace21ba6bb2a">
      <Output>
        <ErrorInfo>
          <Message>Assert.Equal() Failure: Values differ&#xD;
Expected: -1&#xD;
Actual:   122550</Message>
          <StackTrace>   at MininaxTests.Unit.AlgorithmsTests.MinimaxTests.MinimaxAlgo_WhenMinPlayerFirst_ShouldWork(Int32 brancingFactor, Int32 levels, IMinimax`1 algo) in D:\Old Projects\Minimax\tests\MininaxTests.Unit\AlgorithmsTests\MinimaxTests.cs:line 64&#xD;
   at InvokeStub_MinimaxTests.MinimaxAlgo_WhenMinPlayerFirst_ShouldWork(Object, Span`1)&#xD;
   at System.Reflection.MethodBaseInvoker.InvokeWithFewArgs(Object obj, BindingFlags invokeAttr, Binder binder, Object[] parameters, CultureInfo culture)</StackTrace>
        </ErrorInfo>
      </Output>
    </UnitTestResult>
    <UnitTestResult executionId="bf88d588-49a4-4ccf-9246-b177a4f3276d" testId="333ed00a-581b-1a53-6852-210c428e0e1e" testName="MininaxTests.Unit.AlgorithmsTests.FlakyMinimaxTests.FlakyTest_TimingDependent_MayFail" computerName="ACERNITRO5" duration="00:00:00.0097353" startTime="2025-11-24T13:25:24.1760075+01:00" endTime="2025-11-24T13:25:24.1760240+01:00" testType="13cdc9d9-ddb5-4fa4-a97d-d965ccfc6d4b" outcome="Passed" testListId="8c84fa94-04c1-424b-9868-57a2d4851a1d" relativeResultsDirectory="bf88d588-49a4-4ccf-9246-b177a4f3276d" />
    <UnitTestResult executionId="b210f43e-adc0-493c-b8e6-fefd11340950" testId="66b5a6bf-27b3-b59a-13e3-dc52ea6b590a" testName="MininaxTests.Unit.AlgorithmsTests.MinimaxTests.MinimaxAlgo_WhenMaxPlayerFirst_ShouldWork(brancingFactor: 100, levels: 3, algo: ParallelMinimax_ForEach_ChooseLevel { })" computerName="ACERNITRO5" duration="00:00:00.0715416" startTime="2025-11-24T13:25:32.9536013+01:00" endTime="2025-11-24T13:25:32.9536017+01:00" testType="13cdc9d9-ddb5-4fa4-a97d-d965ccfc6d4b" outcome="Passed" testListId="8c84fa94-04c1-424b-9868-57a2d4851a1d" relativeResultsDirectory="b210f43e-adc0-493c-b8e6-fefd11340950" />
    <UnitTestResult executionId="c837e8ff-c060-4baf-8894-7be4c933f838" testId="66b5a6bf-27b3-b59a-13e3-dc52ea6b590a" testName="MininaxTests.Unit.AlgorithmsTests.MinimaxTests.MinimaxAlgo_WhenMaxPlayerFirst_ShouldWork(brancingFactor: 1000, levels: 2, algo: ParallelMinimax_ForEach_FirstLevel { })" computerName="ACERNITRO5" duration="00:00:00.0766310" startTime="2025-11-24T13:25:31.6806326+01:00" endTime="2025-11-24T13:25:31.6806330+01:00" testType="13cdc9d9-ddb5-4fa4-a97d-d965ccfc6d4b" outcome="Passed" testListId="8c84fa94-04c1-424b-9868-57a2d4851a1d" relativeResultsDirectory="c837e8ff-c060-4baf-8894-7be4c933f838" />
    <UnitTestResult executionId="e9a92f3f-bfcf-4f40-b072-e42bae6ac656" testId="c1ee103b-9768-30a9-d0da-31299d93b1ab" testName="MininaxTests.Unit.AlgorithmsTests.MinimaxTests.MinimaxAlgo_WhenMinPlayerFirst_ShouldWork(brancingFactor: 50, levels: 4, algo: ParallelMinimax_ForEach_ChooseLevel { })" computerName="ACERNITRO5" duration="00:00:00.6459561" startTime="2025-11-24T13:25:28.4842320+01:00" endTime="2025-11-24T13:25:28.4842325+01:00" testType="13cdc9d9-ddb5-4fa4-a97d-d965ccfc6d4b" outcome="Failed" testListId="8c84fa94-04c1-424b-9868-57a2d4851a1d" relativeResultsDirectory="e9a92f3f-bfcf-4f40-b072-e42bae6ac656">
      <Output>
        <ErrorInfo>
          <Message>Assert.Equal() Failure: Values differ&#xD;
Expected: -1&#xD;
Actual:   122550</Message>
          <StackTrace>   at MininaxTests.Unit.AlgorithmsTests.MinimaxTests.MinimaxAlgo_WhenMinPlayerFirst_ShouldWork(Int32 brancingFactor, Int32 levels, IMinimax`1 algo) in D:\Old Projects\Minimax\tests\MininaxTests.Unit\AlgorithmsTests\MinimaxTests.cs:line 64&#xD;
   at InvokeStub_MinimaxTests.MinimaxAlgo_WhenMinPlayerFirst_ShouldWork(Object, Span`1)&#xD;
   at System.Reflection.MethodBaseInvoker.InvokeWithFewArgs(Object obj, BindingFlags invokeAttr, Binder binder, Object[] parameters, CultureInfo culture)</StackTrace>
        </ErrorInfo>
      </Output>
    </UnitTestResult>
    <UnitTestResult executionId="4d385286-fce5-4b3c-bb86-a61c2d6f5e6f" testId="c1ee103b-9768-30a9-d0da-31299d93b1ab" testName="MininaxTests.Unit.AlgorithmsTests.MinimaxTests.MinimaxAlgo_WhenMinPlayerFirst_ShouldWork(brancingFactor: 2, levels: 2, algo: SequentialMinimax { })" computerName="ACERNITRO5" duration="00:00:00.0107718" startTime="2025-11-24T13:25:24.1836714+01:00" endTime="2025-11-24T13:25:24.1836717+01:00" testType="13cdc9d9-ddb5-4fa4-a97d-d965ccfc6d4b" outcome="Failed" testListId="8c84fa94-04c1-424b-9868-57a2d4851a1d" relativeResultsDirectory="4d385286-fce5-4b3c-bb86-a61c2d6f5e6f">
      <Output>
        <ErrorInfo>
          <Message>Assert.Equal() Failure: Values differ&#xD;
Expected: -1&#xD;
Actual:   2</Message>
          <StackTrace>   at MininaxTests.Unit.AlgorithmsTests.MinimaxTests.MinimaxAlgo_WhenMinPlayerFirst_ShouldWork(Int32 brancingFactor, Int32 levels, IMinimax`1 algo) in D:\Old Projects\Minimax\tests\MininaxTests.Unit\AlgorithmsTests\MinimaxTests.cs:line 64&#xD;
   at System.RuntimeMethodHandle.InvokeMethod(Object target, Void** arguments, Signature sig, Boolean isConstructor)&#xD;
   at System.Reflection.MethodBaseInvoker.InvokeDirectByRefWithFewArgs(Object obj, Span`1 copyOfArgs, BindingFlags invokeAttr)</StackTrace>
        </ErrorInfo>
      </Output>
    </UnitTestResult>
    <UnitTestResult executionId="1f64e719-6ad7-4534-8e64-61d2c0992e55" testId="e27deb66-f0e5-37e1-3e9f-5cf156fbcbe4" testName="MininaxTests.Unit.AlgorithmsTests.FlakyMinimaxTests.FlakyTest_DateTimeDependency_MayFail" computerName="ACERNITRO5" duration="00:00:00.0001911" startTime="2025-11-24T13:25:24.2949458+01:00" endTime="2025-11-24T13:25:24.2949458+01:00" testType="13cdc9d9-ddb5-4fa4-a97d-d965ccfc6d4b" outcome="Passed" testListId="8c84fa94-04c1-424b-9868-57a2d4851a1d" relativeResultsDirectory="1f64e719-6ad7-4534-8e64-61d2c0992e55" />
    <UnitTestResult executionId="b18b55b7-8f0e-4bdd-8779-17e3a8be9e6f" testId="c1ee103b-9768-30a9-d0da-31299d93b1ab" testName="MininaxTests.Unit.AlgorithmsTests.MinimaxTests.MinimaxAlgo_WhenMinPlayerFirst_ShouldWork(brancingFactor: 1000, levels: 2, algo: ParallelMinimax_ForEach_FirstLevel { })" computerName="ACERNITRO5" duration="00:00:00.1363652" startTime="2025-11-24T13:25:27.2999604+01:00" endTime="2025-11-24T13:25:27.2999607+01:00" testType="13cdc9d9-ddb5-4fa4-a97d-d965ccfc6d4b" outcome="Failed" testListId="8c84fa94-04c1-424b-9868-57a2d4851a1d" relativeResultsDirectory="b18b55b7-8f0e-4bdd-8779-17e3a8be9e6f">
      <Output>
        <ErrorInfo>
          <Message>Assert.Equal() Failure: Values differ&#xD;
Expected: -1&#xD;
Actual:   1000</Message>
          <StackTrace>   at MininaxTests.Unit.AlgorithmsTests.MinimaxTests.MinimaxAlgo_WhenMinPlayerFirst_ShouldWork(Int32 brancingFactor, Int32 levels, IMinimax`1 algo) in D:\Old Projects\Minimax\tests\MininaxTests.Unit\AlgorithmsTests\MinimaxTests.cs:line 64&#xD;
   at InvokeStub_MinimaxTests.MinimaxAlgo_WhenMinPlayerFirst_ShouldWork(Object, Span`1)&#xD;
   at System.Reflection.MethodBaseInvoker.InvokeWithFewArgs(Object obj, BindingFlags invokeAttr, Binder binder, Object[] parameters, CultureInfo culture)</StackTrace>
        </ErrorInfo>
      </Output>
    </UnitTestResult>
    <UnitTestResult executionId="a5000bcd-c548-42b9-91e1-bae7025c39a4" testId="c1ee103b-9768-30a9-d0da-31299d93b1ab" testName="MininaxTests.Unit.AlgorithmsTests.MinimaxTests.MinimaxAlgo_WhenMinPlayerFirst_ShouldWork(brancingFactor: 2, levels: 10, algo: ParallelMinimax_ForEach_ChooseLevel { })" computerName="ACERNITRO5" duration="00:00:00.0003552" startTime="2025-11-24T13:25:27.3015282+01:00" endTime="2025-11-24T13:25:27.3015283+01:00" testType="13cdc9d9-ddb5-4fa4-a97d-d965ccfc6d4b" outcome="Failed" testListId="8c84fa94-04c1-424b-9868-57a2d4851a1d" relativeResultsDirectory="a5000bcd-c548-42b9-91e1-bae7025c39a4">
      <Output>
        <ErrorInfo>
          <Message>Assert.Equal() Failure: Values differ&#xD;
Expected: -1&#xD;
Actual:   342</Message>
          <StackTrace>   at MininaxTests.Unit.AlgorithmsTests.MinimaxTests.MinimaxAlgo_WhenMinPlayerFirst_ShouldWork(Int32 brancingFactor, Int32 levels, IMinimax`1 algo) in D:\Old Projects\Minimax\tests\MininaxTests.Unit\AlgorithmsTests\MinimaxTests.cs:line 64&#xD;
   at InvokeStub_MinimaxTests.MinimaxAlgo_WhenMinPlayerFirst_ShouldWork(Object, Span`1)&#xD;
   at System.Reflection.MethodBaseInvoker.InvokeWithFewArgs(Object obj, BindingFlags invokeAttr, Binder binder, Object[] parameters, CultureInfo culture)</StackTrace>
        </ErrorInfo>
      </Output>
    </UnitTestResult>
    <UnitTestResult executionId="2baebbd5-b683-4331-b57b-3f8d674c91bf" testId="c1ee103b-9768-30a9-d0da-31299d93b1ab" testName="MininaxTests.Unit.AlgorithmsTests.MinimaxTests.MinimaxAlgo_WhenMinPlayerFirst_ShouldWork(brancingFactor: 2, levels: 20, algo: ParallelMinimax_ForEach_ChooseLevel { })" computerName="ACERNITRO5" duration="00:00:00.5364703" startTime="2025-11-24T13:25:27.8374781+01:00" endTime="2025-11-24T13:25:27.8374788+01:00" testType="13cdc9d9-ddb5-4fa4-a97d-d965ccfc6d4b" outcome="Failed" testListId="8c84fa94-04c1-424b-9868-57a2d4851a1d" relativeResultsDirectory="2baebbd5-b683-4331-b57b-3f8d674c91bf">
      <Output>
        <ErrorInfo>
          <Message>Assert.Equal() Failure: Values differ&#xD;
Expected: -1&#xD;
Actual:   349526</Message>
          <StackTrace>   at MininaxTests.Unit.AlgorithmsTests.MinimaxTests.MinimaxAlgo_WhenMinPlayerFirst_ShouldWork(Int32 brancingFactor, Int32 levels, IMinimax`1 algo) in D:\Old Projects\Minimax\tests\MininaxTests.Unit\AlgorithmsTests\MinimaxTests.cs:line 64&#xD;
   at InvokeStub_MinimaxTests.MinimaxAlgo_WhenMinPlayerFirst_ShouldWork(Object, Span`1)&#xD;
   at System.Reflection.MethodBaseInvoker.InvokeWithFewArgs(Object obj, BindingFlags invokeAttr, Binder binder, Object[] parameters, CultureInfo culture)</StackTrace>
        </ErrorInfo>
      </Output>
    </UnitTestResult>
    <UnitTestResult executionId="c0e7533d-f380-46af-b071-c818af8fc9c4" testId="c1ee103b-9768-30a9-d0da-31299d93b1ab" testName="MininaxTests.Unit.AlgorithmsTests.MinimaxTests.MinimaxAlgo_WhenMinPlayerFirst_ShouldWork(brancingFactor: 2, levels: 2, algo: ParallelMinimax_ForEach_FirstLevel { })" computerName="ACERNITRO5" duration="00:00:00.0004030" startTime="2025-11-24T13:25:25.8815366+01:00" endTime="2025-11-24T13:25:25.8815371+01:00" testType="13cdc9d9-ddb5-4fa4-a97d-d965ccfc6d4b" outcome="Failed" testListId="8c84fa94-04c1-424b-9868-57a2d4851a1d" relativeResultsDirectory="c0e7533d-f380-46af-b071-c818af8fc9c4">
      <Output>
        <ErrorInfo>
          <Message>Assert.Equal() Failure: Values differ&#xD;
Expected: -1&#xD;
Actual:   2</Message>
          <StackTrace>   at MininaxTests.Unit.AlgorithmsTests.MinimaxTests.MinimaxAlgo_WhenMinPlayerFirst_ShouldWork(Int32 brancingFactor, Int32 levels, IMinimax`1 algo) in D:\Old Projects\Minimax\tests\MininaxTests.Unit\AlgorithmsTests\MinimaxTests.cs:line 64&#xD;
   at InvokeStub_MinimaxTests.MinimaxAlgo_WhenMinPlayerFirst_ShouldWork(Object, Span`1)&#xD;
   at System.Reflection.MethodBaseInvoker.InvokeWithFewArgs(Object obj, BindingFlags invokeAttr, Binder binder, Object[] parameters, CultureInfo culture)</StackTrace>
        </ErrorInfo>
      </Output>
    </UnitTestResult>
    <UnitTestResult executionId="f8912e68-a5f1-4402-a977-60ea8117b5d8" testId="c1ee103b-9768-30a9-d0da-31299d93b1ab" testName="MininaxTests.Unit.AlgorithmsTests.MinimaxTests.MinimaxAlgo_WhenMinPlayerFirst_ShouldWork(brancingFactor: 1000, levels: 2, algo: SequentialMinimax { })" computerName="ACERNITRO5" duration="00:00:00.0891905" startTime="2025-11-24T13:25:25.8809225+01:00" endTime="2025-11-24T13:25:25.8809230+01:00" testType="13cdc9d9-ddb5-4fa4-a97d-d965ccfc6d4b" outcome="Failed" testListId="8c84fa94-04c1-424b-9868-57a2d4851a1d" relativeResultsDirectory="f8912e68-a5f1-4402-a977-60ea8117b5d8">
      <Output>
        <ErrorInfo>
          <Message>Assert.Equal() Failure: Values differ&#xD;
Expected: -1&#xD;
Actual:   1000</Message>
          <StackTrace>   at MininaxTests.Unit.AlgorithmsTests.MinimaxTests.MinimaxAlgo_WhenMinPlayerFirst_ShouldWork(Int32 brancingFactor, Int32 levels, IMinimax`1 algo) in D:\Old Projects\Minimax\tests\MininaxTests.Unit\AlgorithmsTests\MinimaxTests.cs:line 64&#xD;
   at InvokeStub_MinimaxTests.MinimaxAlgo_WhenMinPlayerFirst_ShouldWork(Object, Span`1)&#xD;
   at System.Reflection.MethodBaseInvoker.InvokeWithFewArgs(Object obj, BindingFlags invokeAttr, Binder binder, Object[] parameters, CultureInfo culture)</StackTrace>
        </ErrorInfo>
      </Output>
    </UnitTestResult>
    <UnitTestResult executionId="fb77de57-5243-4a3b-9975-a54333bf3340" testId="0ede4ed3-1d4f-8231-2756-56e8be0a41ec" testName="MininaxTests.Unit.AlgorithmsTests.FlakyMinimaxTests.FlakyTest_ParallelResultsWithSharedState_MayFail(branchingFactor: 3, levels: 4)" computerName="ACERNITRO5" duration="00:00:00.0003054" startTime="2025-11-24T13:25:24.3290871+01:00" endTime="2025-11-24T13:25:24.3290872+01:00" testType="13cdc9d9-ddb5-4fa4-a97d-d965ccfc6d4b" outcome="Passed" testListId="8c84fa94-04c1-424b-9868-57a2d4851a1d" relativeResultsDirectory="fb77de57-5243-4a3b-9975-a54333bf3340" />
    <UnitTestResult executionId="cff46005-ef97-4914-9367-9771f2f9ff71" testId="66b5a6bf-27b3-b59a-13e3-dc52ea6b590a" testName="MininaxTests.Unit.AlgorithmsTests.MinimaxTests.MinimaxAlgo_WhenMaxPlayerFirst_ShouldWork(brancingFactor: 100, levels: 3, algo: SequentialMinimax { })" computerName="ACERNITRO5" duration="00:00:00.0868982" startTime="2025-11-24T13:25:30.1506853+01:00" endTime="2025-11-24T13:25:30.1506857+01:00" testType="13cdc9d9-ddb5-4fa4-a97d-d965ccfc6d4b" outcome="Passed" testListId="8c84fa94-04c1-424b-9868-57a2d4851a1d" relativeResultsDirectory="cff46005-ef97-4914-9367-9771f2f9ff71" />
    <UnitTestResult executionId="1f939419-716f-4f9f-8699-b3ca8f74e55c" testId="c1ee103b-9768-30a9-d0da-31299d93b1ab" testName="MininaxTests.Unit.AlgorithmsTests.MinimaxTests.MinimaxAlgo_WhenMinPlayerFirst_ShouldWork(brancingFactor: 2, levels: 10, algo: ParallelMinimax_ForEach_FirstLevel { })" computerName="ACERNITRO5" duration="00:00:00.0002942" startTime="2025-11-24T13:25:25.8823198+01:00" endTime="2025-11-24T13:25:25.8823201+01:00" testType="13cdc9d9-ddb5-4fa4-a97d-d965ccfc6d4b" outcome="Failed" testListId="8c84fa94-04c1-424b-9868-57a2d4851a1d" relativeResultsDirectory="1f939419-716f-4f9f-8699-b3ca8f74e55c">
      <Output>
        <ErrorInfo>
          <Message>Assert.Equal() Failure: Values differ&#xD;
Expected: -1&#xD;
Actual:   342</Message>
          <StackTrace>   at MininaxTests.Unit.AlgorithmsTests.MinimaxTests.MinimaxAlgo_WhenMinPlayerFirst_ShouldWork(Int32 brancingFactor, Int32 levels, IMinimax`1 algo) in D:\Old Projects\Minimax\tests\MininaxTests.Unit\AlgorithmsTests\MinimaxTests.cs:line 64&#xD;
   at InvokeStub_MinimaxTests.MinimaxAlgo_WhenMinPlayerFirst_ShouldWork(Object, Span`1)&#xD;
   at System.Reflection.MethodBaseInvoker.InvokeWithFewArgs(Object obj, BindingFlags invokeAttr, Binder binder, Object[] parameters, CultureInfo culture)</StackTrace>
        </ErrorInfo>
      </Output>
    </UnitTestResult>
    <UnitTestResult executionId="c8cc29aa-22c9-4f21-b822-eafbdecbad74" testId="66b5a6bf-27b3-b59a-13e3-dc52ea6b590a" testName="MininaxTests.Unit.AlgorithmsTests.MinimaxTests.MinimaxAlgo_WhenMaxPlayerFirst_ShouldWork(brancingFactor: 50, levels: 4, algo: ParallelMinimax_ForEach_ChooseLevel { })" computerName="ACERNITRO5" duration="00:00:00.6531129" startTime="2025-11-24T13:25:32.8819915+01:00" endTime="2025-11-24T13:25:32.8819919+01:00" testType="13cdc9d9-ddb5-4fa4-a97d-d965ccfc6d4b" outcome="Passed" testListId="8c84fa94-04c1-424b-9868-57a2d4851a1d" relativeResultsDirectory="c8cc29aa-22c9-4f21-b822-eafbdecbad74" />
    <UnitTestResult executionId="249bcff5-3ce5-424f-bf93-82477e13d65c" testId="c1ee103b-9768-30a9-d0da-31299d93b1ab" testName="MininaxTests.Unit.AlgorithmsTests.MinimaxTests.MinimaxAlgo_WhenMinPlayerFirst_ShouldWork(brancingFactor: 100, levels: 3, algo: ParallelMinimax_ForEach_FirstLevel { })" computerName="ACERNITRO5" duration="00:00:00.0754983" startTime="2025-11-24T13:25:27.1633382+01:00" endTime="2025-11-24T13:25:27.1633387+01:00" testType="13cdc9d9-ddb5-4fa4-a97d-d965ccfc6d4b" outcome="Failed" testListId="8c84fa94-04c1-424b-9868-57a2d4851a1d" relativeResultsDirectory="249bcff5-3ce5-424f-bf93-82477e13d65c">
      <Output>
        <ErrorInfo>
          <Message>Assert.Equal() Failure: Values differ&#xD;
Expected: -1&#xD;
Actual:   9901</Message>
          <StackTrace>   at MininaxTests.Unit.AlgorithmsTests.MinimaxTests.MinimaxAlgo_WhenMinPlayerFirst_ShouldWork(Int32 brancingFactor, Int32 levels, IMinimax`1 algo) in D:\Old Projects\Minimax\tests\MininaxTests.Unit\AlgorithmsTests\MinimaxTests.cs:line 64&#xD;
   at InvokeStub_MinimaxTests.MinimaxAlgo_WhenMinPlayerFirst_ShouldWork(Object, Span`1)&#xD;
   at System.Reflection.MethodBaseInvoker.InvokeWithFewArgs(Object obj, BindingFlags invokeAttr, Binder binder, Object[] parameters, CultureInfo culture)</StackTrace>
        </ErrorInfo>
      </Output>
    </UnitTestResult>
    <UnitTestResult executionId="bca0f837-118d-4e8c-ae9e-57252a96b84e" testId="66b5a6bf-27b3-b59a-13e3-dc52ea6b590a" testName="MininaxTests.Unit.AlgorithmsTests.MinimaxTests.MinimaxAlgo_WhenMaxPlayerFirst_ShouldWork(brancingFactor: 2, levels: 20, algo: SequentialMinimax { })" computerName="ACERNITRO5" duration="00:00:00.5991645" startTime="2025-11-24T13:25:29.3261972+01:00" endTime="2025-11-24T13:25:29.3261976+01:00" testType="13cdc9d9-ddb5-4fa4-a97d-d965ccfc6d4b" outcome="Passed" testListId="8c84fa94-04c1-424b-9868-57a2d4851a1d" relativeResultsDirectory="bca0f837-118d-4e8c-ae9e-57252a96b84e" />
    <UnitTestResult executionId="e24d3df1-5876-4cb6-8e9b-0c86afb27bee" testId="66b5a6bf-27b3-b59a-13e3-dc52ea6b590a" testName="MininaxTests.Unit.AlgorithmsTests.MinimaxTests.MinimaxAlgo_WhenMaxPlayerFirst_ShouldWork(brancingFactor: 50, levels: 4, algo: ParallelMinimax_ForEach_FirstLevel { })" computerName="ACERNITRO5" duration="00:00:00.7100465" startTime="2025-11-24T13:25:31.5290624+01:00" endTime="2025-11-24T13:25:31.5290628+01:00" testType="13cdc9d9-ddb5-4fa4-a97d-d965ccfc6d4b" outcome="Passed" testListId="8c84fa94-04c1-424b-9868-57a2d4851a1d" relativeResultsDirectory="e24d3df1-5876-4cb6-8e9b-0c86afb27bee" />
    <UnitTestResult executionId="842459f2-8fd0-4757-8e0d-e1cb3fc0a5c5" testId="7e0da9ee-8842-0ac0-5323-31ffa45acd1f" testName="MininaxTests.Unit.AlgorithmsTests.FlakyMinimaxTests.FlakyTest_RandomAssertion_MayFail" computerName="ACERNITRO5" duration="00:00:00.0001013" startTime="2025-11-24T13:25:24.2949102+01:00" endTime="2025-11-24T13:25:24.2949103+01:00" testType="13cdc9d9-ddb5-4fa4-a97d-d965ccfc6d4b" outcome="Passed" testListId="8c84fa94-04c1-424b-9868-57a2d4851a1d" relativeResultsDirectory="842459f2-8fd0-4757-8e0d-e1cb3fc0a5c5" />
    <UnitTestResult executionId="45aa23ce-2c53-4680-999e-d8164088f0b4" testId="538b25b8-b6d6-c107-3a02-1152d8f49cf1" testName="MininaxTests.Unit.AlgorithmsTests.FlakyMinimaxTests.FlakyTest_MemoryPressureDependent_MayFail" computerName="ACERNITRO5" duration="00:00:00.0274486" startTime="2025-11-24T13:25:24.3533556+01:00" endTime="2025-11-24T13:25:24.3533561+01:00" testType="13cdc9d9-ddb5-4fa4-a97d-d965ccfc6d4b" outcome="Passed" testListId="8c84fa94-04c1-424b-9868-57a2d4851a1d" relativeResultsDirectory="45aa23ce-2c53-4680-999e-d8164088f0b4" />
  </Results>
  <TestDefinitions>
    <UnitTest name="MininaxTests.Unit.AlgorithmsTests.FlakyMinimaxTests.FlakyTest_RaceCondition_MayFail" storage="d:\old projects\minimax\tests\mininaxtests.unit\bin\debug\net8.0\mininaxtests.unit.dll" id="56310b88-446b-427b-3b6b-d2d1b0d49243">
      <Execution id="ddc06d1b-eeac-4a13-a400-a551cd56daa3" />
      <TestMethod codeBase="D:\Old Projects\Minimax\tests\MininaxTests.Unit\bin\Debug\net8.0\MininaxTests.Unit.dll" adapterTypeName="executor://xunit/VsTestRunner2/netcoreapp" className="MininaxTests.Unit.AlgorithmsTests.FlakyMinimaxTests" name="FlakyTest_RaceCondition_MayFail" />
    </UnitTest>
    <UnitTest name="MininaxTests.Unit.AlgorithmsTests.FlakyMinimaxTests.FlakyTest_ParallelResultsWithSharedState_MayFail(branchingFactor: 3, levels: 4)" storage="d:\old projects\minimax\tests\mininaxtests.unit\bin\debug\net8.0\mininaxtests.unit.dll" id="0ede4ed3-1d4f-8231-2756-56e8be0a41ec">
      <Execution id="fb77de57-5243-4a3b-9975-a54333bf3340" />
      <TestMethod codeBase="D:\Old Projects\Minimax\tests\MininaxTests.Unit\bin\Debug\net8.0\MininaxTests.Unit.dll" adapterTypeName="executor://xunit/VsTestRunner2/netcoreapp" className="MininaxTests.Unit.AlgorithmsTests.FlakyMinimaxTests" name="FlakyTest_ParallelResultsWithSharedState_MayFail" />
    </UnitTest>
    <UnitTest name="MininaxTests.Unit.AlgorithmsTests.FlakyMinimaxTests.FlakyTest_MemoryPressureDependent_MayFail" storage="d:\old projects\minimax\tests\mininaxtests.unit\bin\debug\net8.0\mininaxtests.unit.dll" id="538b25b8-b6d6-c107-3a02-1152d8f49cf1">
      <Execution id="45aa23ce-2c53-4680-999e-d8164088f0b4" />
      <TestMethod codeBase="D:\Old Projects\Minimax\tests\MininaxTests.Unit\bin\Debug\net8.0\MininaxTests.Unit.dll" adapterTypeName="executor://xunit/VsTestRunner2/netcoreapp" className="MininaxTests.Unit.AlgorithmsTests.FlakyMinimaxTests" name="FlakyTest_MemoryPressureDependent_MayFail" />
    </UnitTest>
    <UnitTest name="MininaxTests.Unit.AlgorithmsTests.FlakyMinimaxTests.FlakyTest_TaskDelayRace_MayFail(delayMs: 5)" storage="d:\old projects\minimax\tests\mininaxtests.unit\bin\debug\net8.0\mininaxtests.unit.dll" id="ee98f934-2189-c7df-4f9c-36f7295b35c9">
      <Execution id="a75620ab-f6d8-4dec-acb5-19171bd37e9c" />
      <TestMethod codeBase="D:\Old Projects\Minimax\tests\MininaxTests.Unit\bin\Debug\net8.0\MininaxTests.Unit.dll" adapterTypeName="executor://xunit/VsTestRunner2/netcoreapp" className="MininaxTests.Unit.AlgorithmsTests.FlakyMinimaxTests" name="FlakyTest_TaskDelayRace_MayFail" />
    </UnitTest>
    <UnitTest name="MininaxTests.Unit.AlgorithmsTests.FlakyMinimaxTests.FlakyTest_FloatingPointComparison_MayFail" storage="d:\old projects\minimax\tests\mininaxtests.unit\bin\debug\net8.0\mininaxtests.unit.dll" id="ff68cf20-4f6c-3695-9759-570a2747c6c4">
      <Execution id="38e92bc5-f4b3-4c93-ad97-e383b4e29db8" />
      <TestMethod codeBase="D:\Old Projects\Minimax\tests\MininaxTests.Unit\bin\Debug\net8.0\MininaxTests.Unit.dll" adapterTypeName="executor://xunit/VsTestRunner2/netcoreapp" className="MininaxTests.Unit.AlgorithmsTests.FlakyMinimaxTests" name="FlakyTest_FloatingPointComparison_MayFail" />
    </UnitTest>
    <UnitTest name="MininaxTests.Unit.AlgorithmsTests.FlakyMinimaxTests.FlakyTest_RandomAssertion_MayFail" storage="d:\old projects\minimax\tests\mininaxtests.unit\bin\debug\net8.0\mininaxtests.unit.dll" id="7e0da9ee-8842-0ac0-5323-31ffa45acd1f">
      <Execution id="842459f2-8fd0-4757-8e0d-e1cb3fc0a5c5" />
      <TestMethod codeBase="D:\Old Projects\Minimax\tests\MininaxTests.Unit\bin\Debug\net8.0\MininaxTests.Unit.dll" adapterTypeName="executor://xunit/VsTestRunner2/netcoreapp" className="MininaxTests.Unit.AlgorithmsTests.FlakyMinimaxTests" name="FlakyTest_RandomAssertion_MayFail" />
    </UnitTest>
    <UnitTest name="MininaxTests.Unit.AlgorithmsTests.FlakyMinimaxTests.FlakyTest_ParallelResultsWithSharedState_MayFail(branchingFactor: 2, levels: 5)" storage="d:\old projects\minimax\tests\mininaxtests.unit\bin\debug\net8.0\mininaxtests.unit.dll" id="2e3c0228-238a-3db0-10b2-138db65c20eb">
      <Execution id="51c5372c-bb6d-4b17-94db-259f40d52123" />
      <TestMethod codeBase="D:\Old Projects\Minimax\tests\MininaxTests.Unit\bin\Debug\net8.0\MininaxTests.Unit.dll" adapterTypeName="executor://xunit/VsTestRunner2/netcoreapp" className="MininaxTests.Unit.AlgorithmsTests.FlakyMinimaxTests" name="FlakyTest_ParallelResultsWithSharedState_MayFail" />
    </UnitTest>
    <UnitTest name="MininaxTests.Unit.AlgorithmsTests.FlakyMinimaxTests.FlakyTest_RandomSeed_MayFail" storage="d:\old projects\minimax\tests\mininaxtests.unit\bin\debug\net8.0\mininaxtests.unit.dll" id="b9b2942c-33a0-e0da-272f-7d15d5134f8f">
      <Execution id="19dd5fec-bb09-4c4c-a3cc-cdb6df28414e" />
      <TestMethod codeBase="D:\Old Projects\Minimax\tests\MininaxTests.Unit\bin\Debug\net8.0\MininaxTests.Unit.dll" adapterTypeName="executor://xunit/VsTestRunner2/netcoreapp" className="MininaxTests.Unit.AlgorithmsTests.FlakyMinimaxTests" name="FlakyTest_RandomSeed_MayFail" />
    </UnitTest>
    <UnitTest name="MininaxTests.Unit.AlgorithmsTests.MinimaxTests.MinimaxAlgo_WhenMinPlayerFirst_ShouldWork" storage="d:\old projects\minimax\tests\mininaxtests.unit\bin\debug\net8.0\mininaxtests.unit.dll" id="c1ee103b-9768-30a9-d0da-31299d93b1ab">
      <Execution id="4d385286-fce5-4b3c-bb86-a61c2d6f5e6f" />
      <TestMethod codeBase="D:\Old Projects\Minimax\tests\MininaxTests.Unit\bin\Debug\net8.0\MininaxTests.Unit.dll" adapterTypeName="executor://xunit/VsTestRunner2/netcoreapp" className="MininaxTests.Unit.AlgorithmsTests.MinimaxTests" name="MinimaxAlgo_WhenMinPlayerFirst_ShouldWork" />
    </UnitTest>
    <UnitTest name="MininaxTests.Unit.AlgorithmsTests.FlakyMinimaxTests.FlakyTest_DateTimeDependency_MayFail" storage="d:\old projects\minimax\tests\mininaxtests.unit\bin\debug\net8.0\mininaxtests.unit.dll" id="e27deb66-f0e5-37e1-3e9f-5cf156fbcbe4">
      <Execution id="1f64e719-6ad7-4534-8e64-61d2c0992e55" />
      <TestMethod codeBase="D:\Old Projects\Minimax\tests\MininaxTests.Unit\bin\Debug\net8.0\MininaxTests.Unit.dll" adapterTypeName="executor://xunit/VsTestRunner2/netcoreapp" className="MininaxTests.Unit.AlgorithmsTests.FlakyMinimaxTests" name="FlakyTest_DateTimeDependency_MayFail" />
    </UnitTest>
    <UnitTest name="MininaxTests.Unit.AlgorithmsTests.FlakyMinimaxTests.FlakyTest_ParallelResultsWithSharedState_MayFail(branchingFactor: 4, levels: 3)" storage="d:\old projects\minimax\tests\mininaxtests.unit\bin\debug\net8.0\mininaxtests.unit.dll" id="9d8f8dac-b0a3-aed5-3458-2441cc8a2022">
      <Execution id="e845a4e7-3e62-49ba-a316-8d2cc8cac57e" />
      <TestMethod codeBase="D:\Old Projects\Minimax\tests\MininaxTests.Unit\bin\Debug\net8.0\MininaxTests.Unit.dll" adapterTypeName="executor://xunit/VsTestRunner2/netcoreapp" className="MininaxTests.Unit.AlgorithmsTests.FlakyMinimaxTests" name="FlakyTest_ParallelResultsWithSharedState_MayFail" />
    </UnitTest>
    <UnitTest name="MininaxTests.Unit.AlgorithmsTests.FlakyMinimaxTests.FlakyTest_ThreadSleepTiming_MayFail" storage="d:\old projects\minimax\tests\mininaxtests.unit\bin\debug\net8.0\mininaxtests.unit.dll" id="d69fd164-87fd-a1fb-f42a-ac7613b8afaa">
      <Execution id="3d39615d-2dec-49d9-a9cb-f44e798e6706" />
      <TestMethod codeBase="D:\Old Projects\Minimax\tests\MininaxTests.Unit\bin\Debug\net8.0\MininaxTests.Unit.dll" adapterTypeName="executor://xunit/VsTestRunner2/netcoreapp" className="MininaxTests.Unit.AlgorithmsTests.FlakyMinimaxTests" name="FlakyTest_ThreadSleepTiming_MayFail" />
    </UnitTest>
    <UnitTest name="MininaxTests.Unit.AlgorithmsTests.FlakyMinimaxTests.FlakyTest_TimingDependent_MayFail" storage="d:\old projects\minimax\tests\mininaxtests.unit\bin\debug\net8.0\mininaxtests.unit.dll" id="333ed00a-581b-1a53-6852-210c428e0e1e">
      <Execution id="bf88d588-49a4-4ccf-9246-b177a4f3276d" />
      <TestMethod codeBase="D:\Old Projects\Minimax\tests\MininaxTests.Unit\bin\Debug\net8.0\MininaxTests.Unit.dll" adapterTypeName="executor://xunit/VsTestRunner2/netcoreapp" className="MininaxTests.Unit.AlgorithmsTests.FlakyMinimaxTests" name="FlakyTest_TimingDependent_MayFail" />
    </UnitTest>
    <UnitTest name="MininaxTests.Unit.AlgorithmsTests.MinimaxTests.MinimaxAlgo_WhenMaxPlayerFirst_ShouldWork" storage="d:\old projects\minimax\tests\mininaxtests.unit\bin\debug\net8.0\mininaxtests.unit.dll" id="66b5a6bf-27b3-b59a-13e3-dc52ea6b590a">
      <Execution id="504fb65d-61fb-4ecf-940b-85d923ad358e" />
      <TestMethod codeBase="D:\Old Projects\Minimax\tests\MininaxTests.Unit\bin\Debug\net8.0\MininaxTests.Unit.dll" adapterTypeName="executor://xunit/VsTestRunner2/netcoreapp" className="MininaxTests.Unit.AlgorithmsTests.MinimaxTests" name="MinimaxAlgo_WhenMaxPlayerFirst_ShouldWork" />
    </UnitTest>
    <UnitTest name="MininaxTests.Unit.AlgorithmsTests.FlakyMinimaxTests.FlakyTest_TaskDelayRace_MayFail(delayMs: 10)" storage="d:\old projects\minimax\tests\mininaxtests.unit\bin\debug\net8.0\mininaxtests.unit.dll" id="634e10d3-c4db-deb3-d91d-97eff9835fa9">
      <Execution id="b9bc7098-c71b-43ca-a167-1dba8eaca048" />
      <TestMethod codeBase="D:\Old Projects\Minimax\tests\MininaxTests.Unit\bin\Debug\net8.0\MininaxTests.Unit.dll" adapterTypeName="executor://xunit/VsTestRunner2/netcoreapp" className="MininaxTests.Unit.AlgorithmsTests.FlakyMinimaxTests" name="FlakyTest_TaskDelayRace_MayFail" />
    </UnitTest>
    <UnitTest name="MininaxTests.Unit.AlgorithmsTests.FlakyMinimaxTests.FlakyTest_StaticStateCorruption_MayFail" storage="d:\old projects\minimax\tests\mininaxtests.unit\bin\debug\net8.0\mininaxtests.unit.dll" id="9fcf6c62-e9bb-3a50-9702-e3f9f6e6cbd6">
      <Execution id="99a105af-3c8c-4ac5-813c-cfa3bf6abd1b" />
      <TestMethod codeBase="D:\Old Projects\Minimax\tests\MininaxTests.Unit\bin\Debug\net8.0\MininaxTests.Unit.dll" adapterTypeName="executor://xunit/VsTestRunner2/netcoreapp" className="MininaxTests.Unit.AlgorithmsTests.FlakyMinimaxTests" name="FlakyTest_StaticStateCorruption_MayFail" />
    </UnitTest>
    <UnitTest name="MininaxTests.Unit.AlgorithmsTests.FlakyMinimaxTests.FlakyTest_CollectionModificationDuringIteration_MayFail" storage="d:\old projects\minimax\tests\mininaxtests.unit\bin\debug\net8.0\mininaxtests.unit.dll" id="a3f7626d-02cb-6fa8-b5aa-91ffe225874d">
      <Execution id="cf77eb17-5b1c-450a-af4d-aa2842e745d3" />
      <TestMethod codeBase="D:\Old Projects\Minimax\tests\MininaxTests.Unit\bin\Debug\net8.0\MininaxTests.Unit.dll" adapterTypeName="executor://xunit/VsTestRunner2/netcoreapp" className="MininaxTests.Unit.AlgorithmsTests.FlakyMinimaxTests" name="FlakyTest_CollectionModificationDuringIteration_MayFail" />
    </UnitTest>
  </TestDefinitions>
  <TestEntries>
    <TestEntry testId="66b5a6bf-27b3-b59a-13e3-dc52ea6b590a" executionId="504fb65d-61fb-4ecf-940b-85d923ad358e" testListId="8c84fa94-04c1-424b-9868-57a2d4851a1d" />
    <TestEntry testId="56310b88-446b-427b-3b6b-d2d1b0d49243" executionId="ddc06d1b-eeac-4a13-a400-a551cd56daa3" testListId="8c84fa94-04c1-424b-9868-57a2d4851a1d" />
    <TestEntry testId="a3f7626d-02cb-6fa8-b5aa-91ffe225874d" executionId="cf77eb17-5b1c-450a-af4d-aa2842e745d3" testListId="8c84fa94-04c1-424b-9868-57a2d4851a1d" />
    <TestEntry testId="c1ee103b-9768-30a9-d0da-31299d93b1ab" executionId="87d7b003-ea4c-47a8-944f-6566baf2bb75" testListId="8c84fa94-04c1-424b-9868-57a2d4851a1d" />
    <TestEntry testId="c1ee103b-9768-30a9-d0da-31299d93b1ab" executionId="6baf3e26-f6e0-482d-af54-abc65a8a1edc" testListId="8c84fa94-04c1-424b-9868-57a2d4851a1d" />
    <TestEntry testId="66b5a6bf-27b3-b59a-13e3-dc52ea6b590a" executionId="1ac25b25-0ac6-4684-8ee3-317e05410b43" testListId="8c84fa94-04c1-424b-9868-57a2d4851a1d" />
    <TestEntry testId="9fcf6c62-e9bb-3a50-9702-e3f9f6e6cbd6" executionId="99a105af-3c8c-4ac5-813c-cfa3bf6abd1b" testListId="8c84fa94-04c1-424b-9868-57a2d4851a1d" />
    <TestEntry testId="66b5a6bf-27b3-b59a-13e3-dc52ea6b590a" executionId="6780747c-ce25-4b68-88f3-21bc4d2b62ab" testListId="8c84fa94-04c1-424b-9868-57a2d4851a1d" />
    <TestEntry testId="c1ee103b-9768-30a9-d0da-31299d93b1ab" executionId="f6b14547-38d7-4d57-9ad2-d62fe8390eda" testListId="8c84fa94-04c1-424b-9868-57a2d4851a1d" />
    <TestEntry testId="d69fd164-87fd-a1fb-f42a-ac7613b8afaa" executionId="3d39615d-2dec-49d9-a9cb-f44e798e6706" testListId="8c84fa94-04c1-424b-9868-57a2d4851a1d" />
    <TestEntry testId="ff68cf20-4f6c-3695-9759-570a2747c6c4" executionId="38e92bc5-f4b3-4c93-ad97-e383b4e29db8" testListId="8c84fa94-04c1-424b-9868-57a2d4851a1d" />
    <TestEntry testId="634e10d3-c4db-deb3-d91d-97eff9835fa9" executionId="b9bc7098-c71b-43ca-a167-1dba8eaca048" testListId="8c84fa94-04c1-424b-9868-57a2d4851a1d" />
    <TestEntry testId="9d8f8dac-b0a3-aed5-3458-2441cc8a2022" executionId="e845a4e7-3e62-49ba-a316-8d2cc8cac57e" testListId="8c84fa94-04c1-424b-9868-57a2d4851a1d" />
    <TestEntry testId="c1ee103b-9768-30a9-d0da-31299d93b1ab" executionId="9da47917-62dd-469b-a3b4-77d66fe07660" testListId="8c84fa94-04c1-424b-9868-57a2d4851a1d" />
    <TestEntry testId="66b5a6bf-27b3-b59a-13e3-dc52ea6b590a" executionId="a4ff45b3-0347-4807-a337-afd98da97acb" testListId="8c84fa94-04c1-424b-9868-57a2d4851a1d" />
    <TestEntry testId="66b5a6bf-27b3-b59a-13e3-dc52ea6b590a" executionId="8a170ab8-5850-4e70-a15c-c75238f7335a" testListId="8c84fa94-04c1-424b-9868-57a2d4851a1d" />
    <TestEntry testId="66b5a6bf-27b3-b59a-13e3-dc52ea6b590a" executionId="480d7462-41d7-414d-89b4-04a5a6d39578" testListId="8c84fa94-04c1-424b-9868-57a2d4851a1d" />
    <TestEntry testId="66b5a6bf-27b3-b59a-13e3-dc52ea6b590a" executionId="4ce2cbbe-30f1-4969-9108-1bd5cef91400" testListId="8c84fa94-04c1-424b-9868-57a2d4851a1d" />
    <TestEntry testId="66b5a6bf-27b3-b59a-13e3-dc52ea6b590a" executionId="926f2af8-f387-4b01-9469-2d0d92e45e0e" testListId="8c84fa94-04c1-424b-9868-57a2d4851a1d" />
    <TestEntry testId="c1ee103b-9768-30a9-d0da-31299d93b1ab" executionId="54842426-653b-4f50-80d2-ba1e6e2c3d96" testListId="8c84fa94-04c1-424b-9868-57a2d4851a1d" />
    <TestEntry testId="b9b2942c-33a0-e0da-272f-7d15d5134f8f" executionId="19dd5fec-bb09-4c4c-a3cc-cdb6df28414e" testListId="8c84fa94-04c1-424b-9868-57a2d4851a1d" />
    <TestEntry testId="ee98f934-2189-c7df-4f9c-36f7295b35c9" executionId="a75620ab-f6d8-4dec-acb5-19171bd37e9c" testListId="8c84fa94-04c1-424b-9868-57a2d4851a1d" />
    <TestEntry testId="c1ee103b-9768-30a9-d0da-31299d93b1ab" executionId="1c0e34ed-6112-4f1e-b78b-d77f2930df1e" testListId="8c84fa94-04c1-424b-9868-57a2d4851a1d" />
    <TestEntry testId="c1ee103b-9768-30a9-d0da-31299d93b1ab" executionId="ec13a3ab-92eb-464e-8053-2a8b74820075" testListId="8c84fa94-04c1-424b-9868-57a2d4851a1d" />
    <TestEntry testId="66b5a6bf-27b3-b59a-13e3-dc52ea6b590a" executionId="0b961932-0cca-4490-a753-265bd01374c2" testListId="8c84fa94-04c1-424b-9868-57a2d4851a1d" />
    <TestEntry testId="66b5a6bf-27b3-b59a-13e3-dc52ea6b590a" executionId="ce0e384e-0472-4792-9801-40407c25bcd5" testListId="8c84fa94-04c1-424b-9868-57a2d4851a1d" />
    <TestEntry testId="66b5a6bf-27b3-b59a-13e3-dc52ea6b590a" executionId="ec515820-4d2d-4421-a8ce-1929aea894bc" testListId="8c84fa94-04c1-424b-9868-57a2d4851a1d" />
    <TestEntry testId="2e3c0228-238a-3db0-10b2-138db65c20eb" executionId="51c5372c-bb6d-4b17-94db-259f40d52123" testListId="8c84fa94-04c1-424b-9868-57a2d4851a1d" />
    <TestEntry testId="66b5a6bf-27b3-b59a-13e3-dc52ea6b590a" executionId="59c67b72-81ad-4b28-a074-12882a36d6b1" testListId="8c84fa94-04c1-424b-9868-57a2d4851a1d" />
    <TestEntry testId="c1ee103b-9768-30a9-d0da-31299d93b1ab" executionId="2fb4285b-ba32-4e67-95fb-64a487b44142" testListId="8c84fa94-04c1-424b-9868-57a2d4851a1d" />
    <TestEntry testId="c1ee103b-9768-30a9-d0da-31299d93b1ab" executionId="852f09d0-8b39-4337-a639-ace21ba6bb2a" testListId="8c84fa94-04c1-424b-9868-57a2d4851a1d" />
    <TestEntry testId="333ed00a-581b-1a53-6852-210c428e0e1e" executionId="bf88d588-49a4-4ccf-9246-b177a4f3276d" testListId="8c84fa94-04c1-424b-9868-57a2d4851a1d" />
    <TestEntry testId="66b5a6bf-27b3-b59a-13e3-dc52ea6b590a" executionId="b210f43e-adc0-493c-b8e6-fefd11340950" testListId="8c84fa94-04c1-424b-9868-57a2d4851a1d" />
    <TestEntry testId="66b5a6bf-27b3-b59a-13e3-dc52ea6b590a" executionId="c837e8ff-c060-4baf-8894-7be4c933f838" testListId="8c84fa94-04c1-424b-9868-57a2d4851a1d" />
    <TestEntry testId="c1ee103b-9768-30a9-d0da-31299d93b1ab" executionId="e9a92f3f-bfcf-4f40-b072-e42bae6ac656" testListId="8c84fa94-04c1-424b-9868-57a2d4851a1d" />
    <TestEntry testId="c1ee103b-9768-30a9-d0da-31299d93b1ab" executionId="4d385286-fce5-4b3c-bb86-a61c2d6f5e6f" testListId="8c84fa94-04c1-424b-9868-57a2d4851a1d" />
    <TestEntry testId="e27deb66-f0e5-37e1-3e9f-5cf156fbcbe4" executionId="1f64e719-6ad7-4534-8e64-61d2c0992e55" testListId="8c84fa94-04c1-424b-9868-57a2d4851a1d" />
    <TestEntry testId="c1ee103b-9768-30a9-d0da-31299d93b1ab" executionId="b18b55b7-8f0e-4bdd-8779-17e3a8be9e6f" testListId="8c84fa94-04c1-424b-9868-57a2d4851a1d" />
    <TestEntry testId="c1ee103b-9768-30a9-d0da-31299d93b1ab" executionId="a5000bcd-c548-42b9-91e1-bae7025c39a4" testListId="8c84fa94-04c1-424b-9868-57a2d4851a1d" />
    <TestEntry testId="c1ee103b-9768-30a9-d0da-31299d93b1ab" executionId="2baebbd5-b683-4331-b57b-3f8d674c91bf" testListId="8c84fa94-04c1-424b-9868-57a2d4851a1d" />
    <TestEntry testId="c1ee103b-9768-30a9-d0da-31299d93b1ab" executionId="c0e7533d-f380-46af-b071-c818af8fc9c4" testListId="8c84fa94-04c1-424b-9868-57a2d4851a1d" />
    <TestEntry testId="c1ee103b-9768-30a9-d0da-31299d93b1ab" executionId="f8912e68-a5f1-4402-a977-60ea8117b5d8" testListId="8c84fa94-04c1-424b-9868-57a2d4851a1d" />
    <TestEntry testId="0ede4ed3-1d4f-8231-2756-56e8be0a41ec" executionId="fb77de57-5243-4a3b-9975-a54333bf3340" testListId="8c84fa94-04c1-424b-9868-57a2d4851a1d" />
    <TestEntry testId="66b5a6bf-27b3-b59a-13e3-dc52ea6b590a" executionId="cff46005-ef97-4914-9367-9771f2f9ff71" testListId="8c84fa94-04c1-424b-9868-57a2d4851a1d" />
    <TestEntry testId="c1ee103b-9768-30a9-d0da-31299d93b1ab" executionId="1f939419-716f-4f9f-8699-b3ca8f74e55c" testListId="8c84fa94-04c1-424b-9868-57a2d4851a1d" />
    <TestEntry testId="66b5a6bf-27b3-b59a-13e3-dc52ea6b590a" executionId="c8cc29aa-22c9-4f21-b822-eafbdecbad74" testListId="8c84fa94-04c1-424b-9868-57a2d4851a1d" />
    <TestEntry testId="c1ee103b-9768-30a9-d0da-31299d93b1ab" executionId="249bcff5-3ce5-424f-bf93-82477e13d65c" testListId="8c84fa94-04c1-424b-9868-57a2d4851a1d" />
    <TestEntry testId="66b5a6bf-27b3-b59a-13e3-dc52ea6b590a" executionId="bca0f837-118d-4e8c-ae9e-57252a96b84e" testListId="8c84fa94-04c1-424b-9868-57a2d4851a1d" />
    <TestEntry testId="66b5a6bf-27b3-b59a-13e3-dc52ea6b590a" executionId="e24d3df1-5876-4cb6-8e9b-0c86afb27bee" testListId="8c84fa94-04c1-424b-9868-57a2d4851a1d" />
    <TestEntry testId="7e0da9ee-8842-0ac0-5323-31ffa45acd1f" executionId="842459f2-8fd0-4757-8e0d-e1cb3fc0a5c5" testListId="8c84fa94-04c1-424b-9868-57a2d4851a1d" />
    <TestEntry testId="538b25b8-b6d6-c107-3a02-1152d8f49cf1" executionId="45aa23ce-2c53-4680-999e-d8164088f0b4" testListId="8c84fa94-04c1-424b-9868-57a2d4851a1d" />
  </TestEntries>
  <TestLists>
    <TestList name="Results Not in a List" id="8c84fa94-04c1-424b-9868-57a2d4851a1d" />
    <TestList name="All Loaded Results" id="19431567-8539-422a-85d7-44ee4e166bda" />
  </TestLists>
  <ResultSummary outcome="Failed">
    <Counters total="51" executed="51" passed="30" failed="21" error="0" timeout="0" aborted="0" inconclusive="0" passedButRunAborted="0" notRunnable="0" notExecuted="0" disconnected="0" warning="0" completed="0" inProgress="0" pending="0" />
    <Output>
      <StdOut>[xUnit.net 00:00:00.00] xUnit.net VSTest Adapter v2.5.3.1+6b60a9e56a (64-bit .NET 8.0.22)&#xD;
[xUnit.net 00:00:00.05]   Discovering: MininaxTests.Unit&#xD;
[xUnit.net 00:00:00.09]   Discovered:  MininaxTests.Unit&#xD;
[xUnit.net 00:00:00.09]   Starting:    MininaxTests.Unit&#xD;
[xUnit.net 00:00:00.14]       Assert.Equal() Failure: Values differ&#xD;
[xUnit.net 00:00:00.14]       Expected: -1&#xD;
[xUnit.net 00:00:00.14]       Actual:   2&#xD;
[xUnit.net 00:00:00.14]       Stack Trace:&#xD;
[xUnit.net 00:00:00.14]         D:\Old Projects\Minimax\tests\MininaxTests.Unit\AlgorithmsTests\MinimaxTests.cs(64,0): at MininaxTests.Unit.AlgorithmsTests.MinimaxTests.MinimaxAlgo_WhenMinPlayerFirst_ShouldWork(Int32 brancingFactor, Int32 levels, IMinimax`1 algo)&#xD;
[xUnit.net 00:00:00.14]            at System.RuntimeMethodHandle.InvokeMethod(Object target, Void** arguments, Signature sig, Boolean isConstructor)&#xD;
[xUnit.net 00:00:00.14]            at System.Reflection.MethodBaseInvoker.InvokeDirectByRefWithFewArgs(Object obj, Span`1 copyOfArgs, BindingFlags invokeAttr)&#xD;
[xUnit.net 00:00:00.15]       Assert.Equal() Failure: Values differ&#xD;
[xUnit.net 00:00:00.15]       Expected: -1&#xD;
[xUnit.net 00:00:00.15]       Actual:   342&#xD;
[xUnit.net 00:00:00.15]       Stack Trace:&#xD;
[xUnit.net 00:00:00.15]         D:\Old Projects\Minimax\tests\MininaxTests.Unit\AlgorithmsTests\MinimaxTests.cs(64,0): at MininaxTests.Unit.AlgorithmsTests.MinimaxTests.MinimaxAlgo_WhenMinPlayerFirst_ShouldWork(Int32 brancingFactor, Int32 levels, IMinimax`1 algo)&#xD;
[xUnit.net 00:00:00.15]            at InvokeStub_MinimaxTests.MinimaxAlgo_WhenMinPlayerFirst_ShouldWork(Object, Span`1)&#xD;
[xUnit.net 00:00:00.15]            at System.Reflection.MethodBaseInvoker.InvokeWithFewArgs(Object obj, BindingFlags invokeAttr, Binder binder, Object[] parameters, CultureInfo culture)&#xD;
[xUnit.net 00:00:00.26]       Expected task to complete, but timing was unlucky!&#xD;
[xUnit.net 00:00:00.26]       Stack Trace:&#xD;
[xUnit.net 00:00:00.26]         D:\Old Projects\Minimax\tests\MininaxTests.Unit\AlgorithmsTests\FlakyMinimaxTests.cs(86,0): at MininaxTests.Unit.AlgorithmsTests.FlakyMinimaxTests.FlakyTest_ThreadSleepTiming_MayFail()&#xD;
[xUnit.net 00:00:00.26]            at System.RuntimeMethodHandle.InvokeMethod(Object target, Void** arguments, Signature sig, Boolean isConstructor)&#xD;
[xUnit.net 00:00:00.26]            at System.Reflection.MethodBaseInvoker.InvokeWithNoArgs(Object obj, BindingFlags invokeAttr)&#xD;
[xUnit.net 00:00:00.29]       Expected computation to complete in time!&#xD;
[xUnit.net 00:00:00.29]       Stack Trace:&#xD;
[xUnit.net 00:00:00.29]         D:\Old Projects\Minimax\tests\MininaxTests.Unit\AlgorithmsTests\FlakyMinimaxTests.cs(190,0): at MininaxTests.Unit.AlgorithmsTests.FlakyMinimaxTests.FlakyTest_TaskDelayRace_MayFail(Int32 delayMs)&#xD;
[xUnit.net 00:00:00.29]            at System.RuntimeMethodHandle.InvokeMethod(Object target, Void** arguments, Signature sig, Boolean isConstructor)&#xD;
[xUnit.net 00:00:00.29]            at System.Reflection.MethodBaseInvoker.InvokeDirectByRefWithFewArgs(Object obj, Span`1 copyOfArgs, BindingFlags invokeAttr)&#xD;
[xUnit.net 00:00:00.29]       Expected computation to complete in time!&#xD;
[xUnit.net 00:00:00.29]       Stack Trace:&#xD;
[xUnit.net 00:00:00.29]         D:\Old Projects\Minimax\tests\MininaxTests.Unit\AlgorithmsTests\FlakyMinimaxTests.cs(190,0): at MininaxTests.Unit.AlgorithmsTests.FlakyMinimaxTests.FlakyTest_TaskDelayRace_MayFail(Int32 delayMs)&#xD;
[xUnit.net 00:00:00.29]            at InvokeStub_FlakyMinimaxTests.FlakyTest_TaskDelayRace_MayFail(Object, Span`1)&#xD;
[xUnit.net 00:00:00.29]            at System.Reflection.MethodBaseInvoker.InvokeWithOneArg(Object obj, BindingFlags invokeAttr, Binder binder, Object[] parameters, CultureInfo culture)&#xD;
[xUnit.net 00:00:00.87]       Assert.Equal() Failure: Values differ&#xD;
[xUnit.net 00:00:00.87]       Expected: -1&#xD;
[xUnit.net 00:00:00.87]       Actual:   349526&#xD;
[xUnit.net 00:00:00.87]       Stack Trace:&#xD;
[xUnit.net 00:00:00.87]         D:\Old Projects\Minimax\tests\MininaxTests.Unit\AlgorithmsTests\MinimaxTests.cs(64,0): at MininaxTests.Unit.AlgorithmsTests.MinimaxTests.MinimaxAlgo_WhenMinPlayerFirst_ShouldWork(Int32 brancingFactor, Int32 levels, IMinimax`1 algo)&#xD;
[xUnit.net 00:00:00.87]            at InvokeStub_MinimaxTests.MinimaxAlgo_WhenMinPlayerFirst_ShouldWork(Object, Span`1)&#xD;
[xUnit.net 00:00:00.87]            at System.Reflection.MethodBaseInvoker.InvokeWithFewArgs(Object obj, BindingFlags invokeAttr, Binder binder, Object[] parameters, CultureInfo culture)&#xD;
[xUnit.net 00:00:01.67]       Assert.Equal() Failure: Values differ&#xD;
[xUnit.net 00:00:01.67]       Expected: -1&#xD;
[xUnit.net 00:00:01.67]       Actual:   122550&#xD;
[xUnit.net 00:00:01.67]       Stack Trace:&#xD;
[xUnit.net 00:00:01.67]         D:\Old Projects\Minimax\tests\MininaxTests.Unit\AlgorithmsTests\MinimaxTests.cs(64,0): at MininaxTests.Unit.AlgorithmsTests.MinimaxTests.MinimaxAlgo_WhenMinPlayerFirst_ShouldWork(Int32 brancingFactor, Int32 levels, IMinimax`1 algo)&#xD;
[xUnit.net 00:00:01.67]            at InvokeStub_MinimaxTests.MinimaxAlgo_WhenMinPlayerFirst_ShouldWork(Object, Span`1)&#xD;
[xUnit.net 00:00:01.67]            at System.Reflection.MethodBaseInvoker.InvokeWithFewArgs(Object obj, BindingFlags invokeAttr, Binder binder, Object[] parameters, CultureInfo culture)&#xD;
[xUnit.net 00:00:01.75]       Assert.Equal() Failure: Values differ&#xD;
[xUnit.net 00:00:01.75]       Expected: -1&#xD;
[xUnit.net 00:00:01.75]       Actual:   9901&#xD;
[xUnit.net 00:00:01.75]       Stack Trace:&#xD;
[xUnit.net 00:00:01.75]         D:\Old Projects\Minimax\tests\MininaxTests.Unit\AlgorithmsTests\MinimaxTests.cs(64,0): at MininaxTests.Unit.AlgorithmsTests.MinimaxTests.MinimaxAlgo_WhenMinPlayerFirst_ShouldWork(Int32 brancingFactor, Int32 levels, IMinimax`1 algo)&#xD;
[xUnit.net 00:00:01.75]            at InvokeStub_MinimaxTests.MinimaxAlgo_WhenMinPlayerFirst_ShouldWork(Object, Span`1)&#xD;
[xUnit.net 00:00:01.75]            at System.Reflection.MethodBaseInvoker.InvokeWithFewArgs(Object obj, BindingFlags invokeAttr, Binder binder, Object[] parameters, CultureInfo culture)&#xD;
[xUnit.net 00:00:01.84]       Assert.Equal() Failure: Values differ&#xD;
[xUnit.net 00:00:01.84]       Expected: -1&#xD;
[xUnit.net 00:00:01.84]       Actual:   1000&#xD;
[xUnit.net 00:00:01.84]       Stack Trace:&#xD;
[xUnit.net 00:00:01.84]         D:\Old Projects\Minimax\tests\MininaxTests.Unit\AlgorithmsTests\MinimaxTests.cs(64,0): at MininaxTests.Unit.AlgorithmsTests.MinimaxTests.MinimaxAlgo_WhenMinPlayerFirst_ShouldWork(Int32 brancingFactor, Int32 levels, IMinimax`1 algo)&#xD;
[xUnit.net 00:00:01.84]            at InvokeStub_MinimaxTests.MinimaxAlgo_WhenMinPlayerFirst_ShouldWork(Object, Span`1)&#xD;
[xUnit.net 00:00:01.84]            at System.Reflection.MethodBaseInvoker.InvokeWithFewArgs(Object obj, BindingFlags invokeAttr, Binder binder, Object[] parameters, CultureInfo culture)&#xD;
[xUnit.net 00:00:01.84]       Assert.Equal() Failure: Values differ&#xD;
[xUnit.net 00:00:01.84]       Expected: -1&#xD;
[xUnit.net 00:00:01.84]       Actual:   2&#xD;
[xUnit.net 00:00:01.84]       Stack Trace:&#xD;
[xUnit.net 00:00:01.84]         D:\Old Projects\Minimax\tests\MininaxTests.Unit\AlgorithmsTests\MinimaxTests.cs(64,0): at MininaxTests.Unit.AlgorithmsTests.MinimaxTests.MinimaxAlgo_WhenMinPlayerFirst_ShouldWork(Int32 brancingFactor, Int32 levels, IMinimax`1 algo)&#xD;
[xUnit.net 00:00:01.84]            at InvokeStub_MinimaxTests.MinimaxAlgo_WhenMinPlayerFirst_ShouldWork(Object, Span`1)&#xD;
[xUnit.net 00:00:01.84]            at System.Reflection.MethodBaseInvoker.InvokeWithFewArgs(Object obj, BindingFlags invokeAttr, Binder binder, Object[] parameters, CultureInfo culture)&#xD;
[xUnit.net 00:00:01.84]       Assert.Equal() Failure: Values differ&#xD;
[xUnit.net 00:00:01.84]       Expected: -1&#xD;
[xUnit.net 00:00:01.84]       Actual:   342&#xD;
[xUnit.net 00:00:01.84]       Stack Trace:&#xD;
[xUnit.net 00:00:01.84]         D:\Old Projects\Minimax\tests\MininaxTests.Unit\AlgorithmsTests\MinimaxTests.cs(64,0): at MininaxTests.Unit.AlgorithmsTests.MinimaxTests.MinimaxAlgo_WhenMinPlayerFirst_ShouldWork(Int32 brancingFactor, Int32 levels, IMinimax`1 algo)&#xD;
[xUnit.net 00:00:01.84]            at InvokeStub_MinimaxTests.MinimaxAlgo_WhenMinPlayerFirst_ShouldWork(Object, Span`1)&#xD;
[xUnit.net 00:00:01.84]            at System.Reflection.MethodBaseInvoker.InvokeWithFewArgs(Object obj, BindingFlags invokeAttr, Binder binder, Object[] parameters, CultureInfo culture)&#xD;
[xUnit.net 00:00:02.42]       Assert.Equal() Failure: Values differ&#xD;
[xUnit.net 00:00:02.42]       Expected: -1&#xD;
[xUnit.net 00:00:02.42]       Actual:   349526&#xD;
[xUnit.net 00:00:02.42]       Stack Trace:&#xD;
[xUnit.net 00:00:02.42]         D:\Old Projects\Minimax\tests\MininaxTests.Unit\AlgorithmsTests\MinimaxTests.cs(64,0): at MininaxTests.Unit.AlgorithmsTests.MinimaxTests.MinimaxAlgo_WhenMinPlayerFirst_ShouldWork(Int32 brancingFactor, Int32 levels, IMinimax`1 algo)&#xD;
[xUnit.net 00:00:02.42]            at InvokeStub_MinimaxTests.MinimaxAlgo_WhenMinPlayerFirst_ShouldWork(Object, Span`1)&#xD;
[xUnit.net 00:00:02.42]            at System.Reflection.MethodBaseInvoker.InvokeWithFewArgs(Object obj, BindingFlags invokeAttr, Binder binder, Object[] parameters, CultureInfo culture)&#xD;
[xUnit.net 00:00:03.05]       Assert.Equal() Failure: Values differ&#xD;
[xUnit.net 00:00:03.05]       Expected: -1&#xD;
[xUnit.net 00:00:03.05]       Actual:   122550&#xD;
[xUnit.net 00:00:03.05]       Stack Trace:&#xD;
[xUnit.net 00:00:03.05]         D:\Old Projects\Minimax\tests\MininaxTests.Unit\AlgorithmsTests\MinimaxTests.cs(64,0): at MininaxTests.Unit.AlgorithmsTests.MinimaxTests.MinimaxAlgo_WhenMinPlayerFirst_ShouldWork(Int32 brancingFactor, Int32 levels, IMinimax`1 algo)&#xD;
[xUnit.net 00:00:03.05]            at InvokeStub_MinimaxTests.MinimaxAlgo_WhenMinPlayerFirst_ShouldWork(Object, Span`1)&#xD;
[xUnit.net 00:00:03.05]            at System.Reflection.MethodBaseInvoker.InvokeWithFewArgs(Object obj, BindingFlags invokeAttr, Binder binder, Object[] parameters, CultureInfo culture)&#xD;
[xUnit.net 00:00:03.12]       Assert.Equal() Failure: Values differ&#xD;
[xUnit.net 00:00:03.12]       Expected: -1&#xD;
[xUnit.net 00:00:03.12]       Actual:   9901&#xD;
[xUnit.net 00:00:03.12]       Stack Trace:&#xD;
[xUnit.net 00:00:03.12]         D:\Old Projects\Minimax\tests\MininaxTests.Unit\AlgorithmsTests\MinimaxTests.cs(64,0): at MininaxTests.Unit.AlgorithmsTests.MinimaxTests.MinimaxAlgo_WhenMinPlayerFirst_ShouldWork(Int32 brancingFactor, Int32 levels, IMinimax`1 algo)&#xD;
[xUnit.net 00:00:03.12]            at InvokeStub_MinimaxTests.MinimaxAlgo_WhenMinPlayerFirst_ShouldWork(Object, Span`1)&#xD;
[xUnit.net 00:00:03.12]            at System.Reflection.MethodBaseInvoker.InvokeWithFewArgs(Object obj, BindingFlags invokeAttr, Binder binder, Object[] parameters, CultureInfo culture)&#xD;
[xUnit.net 00:00:03.26]       Assert.Equal() Failure: Values differ&#xD;
[xUnit.net 00:00:03.26]       Expected: -1&#xD;
[xUnit.net 00:00:03.26]       Actual:   1000&#xD;
[xUnit.net 00:00:03.26]       Stack Trace:&#xD;
[xUnit.net 00:00:03.26]         D:\Old Projects\Minimax\tests\MininaxTests.Unit\AlgorithmsTests\MinimaxTests.cs(64,0): at MininaxTests.Unit.AlgorithmsTests.MinimaxTests.MinimaxAlgo_WhenMinPlayerFirst_ShouldWork(Int32 brancingFactor, Int32 levels, IMinimax`1 algo)&#xD;
[xUnit.net 00:00:03.26]            at InvokeStub_MinimaxTests.MinimaxAlgo_WhenMinPlayerFirst_ShouldWork(Object, Span`1)&#xD;
[xUnit.net 00:00:03.26]            at System.Reflection.MethodBaseInvoker.InvokeWithFewArgs(Object obj, BindingFlags invokeAttr, Binder binder, Object[] parameters, CultureInfo culture)&#xD;
[xUnit.net 00:00:03.26]       Assert.Equal() Failure: Values differ&#xD;
[xUnit.net 00:00:03.26]       Expected: -1&#xD;
[xUnit.net 00:00:03.26]       Actual:   2&#xD;
[xUnit.net 00:00:03.26]       Stack Trace:&#xD;
[xUnit.net 00:00:03.26]         D:\Old Projects\Minimax\tests\MininaxTests.Unit\AlgorithmsTests\MinimaxTests.cs(64,0): at MininaxTests.Unit.AlgorithmsTests.MinimaxTests.MinimaxAlgo_WhenMinPlayerFirst_ShouldWork(Int32 brancingFactor, Int32 levels, IMinimax`1 algo)&#xD;
[xUnit.net 00:00:03.26]            at InvokeStub_MinimaxTests.MinimaxAlgo_WhenMinPlayerFirst_ShouldWork(Object, Span`1)&#xD;
[xUnit.net 00:00:03.26]            at System.Reflection.MethodBaseInvoker.InvokeWithFewArgs(Object obj, BindingFlags invokeAttr, Binder binder, Object[] parameters, CultureInfo culture)&#xD;
[xUnit.net 00:00:03.26]       Assert.Equal() Failure: Values differ&#xD;
[xUnit.net 00:00:03.26]       Expected: -1&#xD;
[xUnit.net 00:00:03.26]       Actual:   342&#xD;
[xUnit.net 00:00:03.26]       Stack Trace:&#xD;
[xUnit.net 00:00:03.26]         D:\Old Projects\Minimax\tests\MininaxTests.Unit\AlgorithmsTests\MinimaxTests.cs(64,0): at MininaxTests.Unit.AlgorithmsTests.MinimaxTests.MinimaxAlgo_WhenMinPlayerFirst_ShouldWork(Int32 brancingFactor, Int32 levels, IMinimax`1 algo)&#xD;
[xUnit.net 00:00:03.26]            at InvokeStub_MinimaxTests.MinimaxAlgo_WhenMinPlayerFirst_ShouldWork(Object, Span`1)&#xD;
[xUnit.net 00:00:03.26]            at System.Reflection.MethodBaseInvoker.InvokeWithFewArgs(Object obj, BindingFlags invokeAttr, Binder binder, Object[] parameters, CultureInfo culture)&#xD;
[xUnit.net 00:00:03.80]       Assert.Equal() Failure: Values differ&#xD;
[xUnit.net 00:00:03.80]       Expected: -1&#xD;
[xUnit.net 00:00:03.80]       Actual:   349526&#xD;
[xUnit.net 00:00:03.80]       Stack Trace:&#xD;
[xUnit.net 00:00:03.80]         D:\Old Projects\Minimax\tests\MininaxTests.Unit\AlgorithmsTests\MinimaxTests.cs(64,0): at MininaxTests.Unit.AlgorithmsTests.MinimaxTests.MinimaxAlgo_WhenMinPlayerFirst_ShouldWork(Int32 brancingFactor, Int32 levels, IMinimax`1 algo)&#xD;
[xUnit.net 00:00:03.80]            at InvokeStub_MinimaxTests.MinimaxAlgo_WhenMinPlayerFirst_ShouldWork(Object, Span`1)&#xD;
[xUnit.net 00:00:03.80]            at System.Reflection.MethodBaseInvoker.InvokeWithFewArgs(Object obj, BindingFlags invokeAttr, Binder binder, Object[] parameters, CultureInfo culture)&#xD;
[xUnit.net 00:00:04.44]       Assert.Equal() Failure: Values differ&#xD;
[xUnit.net 00:00:04.44]       Expected: -1&#xD;
[xUnit.net 00:00:04.44]       Actual:   122550&#xD;
[xUnit.net 00:00:04.44]       Stack Trace:&#xD;
[xUnit.net 00:00:04.45]         D:\Old Projects\Minimax\tests\MininaxTests.Unit\AlgorithmsTests\MinimaxTests.cs(64,0): at MininaxTests.Unit.AlgorithmsTests.MinimaxTests.MinimaxAlgo_WhenMinPlayerFirst_ShouldWork(Int32 brancingFactor, Int32 levels, IMinimax`1 algo)&#xD;
[xUnit.net 00:00:04.45]            at InvokeStub_MinimaxTests.MinimaxAlgo_WhenMinPlayerFirst_ShouldWork(Object, Span`1)&#xD;
[xUnit.net 00:00:04.45]            at System.Reflection.MethodBaseInvoker.InvokeWithFewArgs(Object obj, BindingFlags invokeAttr, Binder binder, Object[] parameters, CultureInfo culture)&#xD;
[xUnit.net 00:00:04.57]       Assert.Equal() Failure: Values differ&#xD;
[xUnit.net 00:00:04.57]       Expected: -1&#xD;
[xUnit.net 00:00:04.57]       Actual:   9901&#xD;
[xUnit.net 00:00:04.57]       Stack Trace:&#xD;
[xUnit.net 00:00:04.57]         D:\Old Projects\Minimax\tests\MininaxTests.Unit\AlgorithmsTests\MinimaxTests.cs(64,0): at MininaxTests.Unit.AlgorithmsTests.MinimaxTests.MinimaxAlgo_WhenMinPlayerFirst_ShouldWork(Int32 brancingFactor, Int32 levels, IMinimax`1 algo)&#xD;
[xUnit.net 00:00:04.57]            at InvokeStub_MinimaxTests.MinimaxAlgo_WhenMinPlayerFirst_ShouldWork(Object, Span`1)&#xD;
[xUnit.net 00:00:04.57]            at System.Reflection.MethodBaseInvoker.InvokeWithFewArgs(Object obj, BindingFlags invokeAttr, Binder binder, Object[] parameters, CultureInfo culture)&#xD;
[xUnit.net 00:00:04.69]       Assert.Equal() Failure: Values differ&#xD;
[xUnit.net 00:00:04.69]       Expected: -1&#xD;
[xUnit.net 00:00:04.69]       Actual:   1000&#xD;
[xUnit.net 00:00:04.69]       Stack Trace:&#xD;
[xUnit.net 00:00:04.69]         D:\Old Projects\Minimax\tests\MininaxTests.Unit\AlgorithmsTests\MinimaxTests.cs(64,0): at MininaxTests.Unit.AlgorithmsTests.MinimaxTests.MinimaxAlgo_WhenMinPlayerFirst_ShouldWork(Int32 brancingFactor, Int32 levels, IMinimax`1 algo)&#xD;
[xUnit.net 00:00:04.69]            at InvokeStub_MinimaxTests.MinimaxAlgo_WhenMinPlayerFirst_ShouldWork(Object, Span`1)&#xD;
[xUnit.net 00:00:04.69]            at System.Reflection.MethodBaseInvoker.InvokeWithFewArgs(Object obj, BindingFlags invokeAttr, Binder binder, Object[] parameters, CultureInfo culture)&#xD;
[xUnit.net 00:00:08.99]   Finished:    MininaxTests.Unit&#xD;
</StdOut>
    </Output>
    <RunInfos>
      <RunInfo computerName="ACERNITRO5" outcome="Error" timestamp="2025-11-24T13:25:24.1822363+01:00">
        <Text>[xUnit.net 00:00:00.14]     MininaxTests.Unit.AlgorithmsTests.MinimaxTests.MinimaxAlgo_WhenMinPlayerFirst_ShouldWork(brancingFactor: 2, levels: 2, algo: SequentialMinimax { }) [FAIL]</Text>
      </RunInfo>
      <RunInfo computerName="ACERNITRO5" outcome="Error" timestamp="2025-11-24T13:25:24.1841604+01:00">
        <Text>[xUnit.net 00:00:00.15]     MininaxTests.Unit.AlgorithmsTests.MinimaxTests.MinimaxAlgo_WhenMinPlayerFirst_ShouldWork(brancingFactor: 2, levels: 10, algo: SequentialMinimax { }) [FAIL]</Text>
      </RunInfo>
      <RunInfo computerName="ACERNITRO5" outcome="Error" timestamp="2025-11-24T13:25:24.2944835+01:00">
        <Text>[xUnit.net 00:00:00.25]     MininaxTests.Unit.AlgorithmsTests.FlakyMinimaxTests.FlakyTest_ThreadSleepTiming_MayFail [FAIL]</Text>
      </RunInfo>
      <RunInfo computerName="ACERNITRO5" outcome="Error" timestamp="2025-11-24T13:25:24.3668562+01:00">
        <Text>[xUnit.net 00:00:00.29]     MininaxTests.Unit.AlgorithmsTests.FlakyMinimaxTests.FlakyTest_TaskDelayRace_MayFail(delayMs: 5) [FAIL]</Text>
      </RunInfo>
      <RunInfo computerName="ACERNITRO5" outcome="Error" timestamp="2025-11-24T13:25:24.3670166+01:00">
        <Text>[xUnit.net 00:00:00.29]     MininaxTests.Unit.AlgorithmsTests.FlakyMinimaxTests.FlakyTest_TaskDelayRace_MayFail(delayMs: 10) [FAIL]</Text>
      </RunInfo>
      <RunInfo computerName="ACERNITRO5" outcome="Error" timestamp="2025-11-24T13:25:24.9080277+01:00">
        <Text>[xUnit.net 00:00:00.87]     MininaxTests.Unit.AlgorithmsTests.MinimaxTests.MinimaxAlgo_WhenMinPlayerFirst_ShouldWork(brancingFactor: 2, levels: 20, algo: SequentialMinimax { }) [FAIL]</Text>
      </RunInfo>
      <RunInfo computerName="ACERNITRO5" outcome="Error" timestamp="2025-11-24T13:25:25.7054750+01:00">
        <Text>[xUnit.net 00:00:01.67]     MininaxTests.Unit.AlgorithmsTests.MinimaxTests.MinimaxAlgo_WhenMinPlayerFirst_ShouldWork(brancingFactor: 50, levels: 4, algo: SequentialMinimax { }) [FAIL]</Text>
      </RunInfo>
      <RunInfo computerName="ACERNITRO5" outcome="Error" timestamp="2025-11-24T13:25:25.7917370+01:00">
        <Text>[xUnit.net 00:00:01.75]     MininaxTests.Unit.AlgorithmsTests.MinimaxTests.MinimaxAlgo_WhenMinPlayerFirst_ShouldWork(brancingFactor: 100, levels: 3, algo: SequentialMinimax { }) [FAIL]</Text>
      </RunInfo>
      <RunInfo computerName="ACERNITRO5" outcome="Error" timestamp="2025-11-24T13:25:25.8805549+01:00">
        <Text>[xUnit.net 00:00:01.84]     MininaxTests.Unit.AlgorithmsTests.MinimaxTests.MinimaxAlgo_WhenMinPlayerFirst_ShouldWork(brancingFactor: 1000, levels: 2, algo: SequentialMinimax { }) [FAIL]</Text>
      </RunInfo>
      <RunInfo computerName="ACERNITRO5" outcome="Error" timestamp="2025-11-24T13:25:25.8811602+01:00">
        <Text>[xUnit.net 00:00:01.84]     MininaxTests.Unit.AlgorithmsTests.MinimaxTests.MinimaxAlgo_WhenMinPlayerFirst_ShouldWork(brancingFactor: 2, levels: 2, algo: ParallelMinimax_ForEach_FirstLevel { }) [FAIL]</Text>
      </RunInfo>
      <RunInfo computerName="ACERNITRO5" outcome="Error" timestamp="2025-11-24T13:25:25.8818023+01:00">
        <Text>[xUnit.net 00:00:01.84]     MininaxTests.Unit.AlgorithmsTests.MinimaxTests.MinimaxAlgo_WhenMinPlayerFirst_ShouldWork(brancingFactor: 2, levels: 10, algo: ParallelMinimax_ForEach_FirstLevel { }) [FAIL]</Text>
      </RunInfo>
      <RunInfo computerName="ACERNITRO5" outcome="Error" timestamp="2025-11-24T13:25:26.4602674+01:00">
        <Text>[xUnit.net 00:00:02.42]     MininaxTests.Unit.AlgorithmsTests.MinimaxTests.MinimaxAlgo_WhenMinPlayerFirst_ShouldWork(brancingFactor: 2, levels: 20, algo: ParallelMinimax_ForEach_FirstLevel { }) [FAIL]</Text>
      </RunInfo>
      <RunInfo computerName="ACERNITRO5" outcome="Error" timestamp="2025-11-24T13:25:27.0874226+01:00">
        <Text>[xUnit.net 00:00:03.05]     MininaxTests.Unit.AlgorithmsTests.MinimaxTests.MinimaxAlgo_WhenMinPlayerFirst_ShouldWork(brancingFactor: 50, levels: 4, algo: ParallelMinimax_ForEach_FirstLevel { }) [FAIL]</Text>
      </RunInfo>
      <RunInfo computerName="ACERNITRO5" outcome="Error" timestamp="2025-11-24T13:25:27.1630303+01:00">
        <Text>[xUnit.net 00:00:03.12]     MininaxTests.Unit.AlgorithmsTests.MinimaxTests.MinimaxAlgo_WhenMinPlayerFirst_ShouldWork(brancingFactor: 100, levels: 3, algo: ParallelMinimax_ForEach_FirstLevel { }) [FAIL]</Text>
      </RunInfo>
      <RunInfo computerName="ACERNITRO5" outcome="Error" timestamp="2025-11-24T13:25:27.2996054+01:00">
        <Text>[xUnit.net 00:00:03.26]     MininaxTests.Unit.AlgorithmsTests.MinimaxTests.MinimaxAlgo_WhenMinPlayerFirst_ShouldWork(brancingFactor: 1000, levels: 2, algo: ParallelMinimax_ForEach_FirstLevel { }) [FAIL]</Text>
      </RunInfo>
      <RunInfo computerName="ACERNITRO5" outcome="Error" timestamp="2025-11-24T13:25:27.3001692+01:00">
        <Text>[xUnit.net 00:00:03.26]     MininaxTests.Unit.AlgorithmsTests.MinimaxTests.MinimaxAlgo_WhenMinPlayerFirst_ShouldWork(brancingFactor: 2, levels: 2, algo: ParallelMinimax_ForEach_ChooseLevel { }) [FAIL]</Text>
      </RunInfo>
      <RunInfo computerName="ACERNITRO5" outcome="Error" timestamp="2025-11-24T13:25:27.3008042+01:00">
        <Text>[xUnit.net 00:00:03.26]     MininaxTests.Unit.AlgorithmsTests.MinimaxTests.MinimaxAlgo_WhenMinPlayerFirst_ShouldWork(brancingFactor: 2, levels: 10, algo: ParallelMinimax_ForEach_ChooseLevel { }) [FAIL]</Text>
      </RunInfo>
      <RunInfo computerName="ACERNITRO5" outcome="Error" timestamp="2025-11-24T13:25:27.8370695+01:00">
        <Text>[xUnit.net 00:00:03.80]     MininaxTests.Unit.AlgorithmsTests.MinimaxTests.MinimaxAlgo_WhenMinPlayerFirst_ShouldWork(brancingFactor: 2, levels: 20, algo: ParallelMinimax_ForEach_ChooseLevel { }) [FAIL]</Text>
      </RunInfo>
      <RunInfo computerName="ACERNITRO5" outcome="Error" timestamp="2025-11-24T13:25:28.4837896+01:00">
        <Text>[xUnit.net 00:00:04.44]     MininaxTests.Unit.AlgorithmsTests.MinimaxTests.MinimaxAlgo_WhenMinPlayerFirst_ShouldWork(brancingFactor: 50, levels: 4, algo: ParallelMinimax_ForEach_ChooseLevel { }) [FAIL]</Text>
      </RunInfo>
      <RunInfo computerName="ACERNITRO5" outcome="Error" timestamp="2025-11-24T13:25:28.6049350+01:00">
        <Text>[xUnit.net 00:00:04.57]     MininaxTests.Unit.AlgorithmsTests.MinimaxTests.MinimaxAlgo_WhenMinPlayerFirst_ShouldWork(brancingFactor: 100, levels: 3, algo: ParallelMinimax_ForEach_ChooseLevel { }) [FAIL]</Text>
      </RunInfo>
      <RunInfo computerName="ACERNITRO5" outcome="Error" timestamp="2025-11-24T13:25:28.7259911+01:00">
        <Text>[xUnit.net 00:00:04.69]     MininaxTests.Unit.AlgorithmsTests.MinimaxTests.MinimaxAlgo_WhenMinPlayerFirst_ShouldWork(brancingFactor: 1000, levels: 2, algo: ParallelMinimax_ForEach_ChooseLevel { }) [FAIL]</Text>
      </RunInfo>
    </RunInfos>
  </ResultSummary>
</TestRun>