<?xml version="1.0" encoding="utf-8"?>
<TestRun id="d2b31cfc-5061-4e30-9381-763062908312" name="ACER@ACERNITRO5 2025-11-24 13:26:34" runUser="ACERNITRO5\ACER" xmlns="http://microsoft.com/schemas/VisualStudio/TeamTest/2010">
  <Times creation="2025-11-24T13:26:34.3715338+01:00" queuing="2025-11-24T13:26:34.3715341+01:00" start="2025-11-24T13:26:33.6277115+01:00" finish="2025-11-24T13:26:43.0382268+01:00" />
  <TestSettings name="default" id="8b0a5922-4b36-41d6-8c64-3ced24801b0e">
    <Deployment runDeploymentRoot="ACER_ACERNITRO5_2025-11-24_13_26_34" />
  </TestSettings>
  <Results>
    <UnitTestResult executionId="a93dca60-7313-4377-9bbe-9bb1cb065ee2" testId="66b5a6bf-27b3-b59a-13e3-dc52ea6b590a" testName="MininaxTests.Unit.AlgorithmsTests.MinimaxTests.MinimaxAlgo_WhenMaxPlayerFirst_ShouldWork(brancingFactor: 2, levels: 20, algo: SequentialMinimax { })" computerName="ACERNITRO5" duration="00:00:00.5784239" startTime="2025-11-24T13:26:39.3294557+01:00" endTime="2025-11-24T13:26:39.3294561+01:00" testType="13cdc9d9-ddb5-4fa4-a97d-d965ccfc6d4b" outcome="Passed" testListId="8c84fa94-04c1-424b-9868-57a2d4851a1d" relativeResultsDirectory="a93dca60-7313-4377-9bbe-9bb1cb065ee2" />
    <UnitTestResult executionId="830c792c-3246-42f2-a647-9d727fa199d7" testId="66b5a6bf-27b3-b59a-13e3-dc52ea6b590a" testName="MininaxTests.Unit.AlgorithmsTests.MinimaxTests.MinimaxAlgo_WhenMaxPlayerFirst_ShouldWork(brancingFactor: 1000, levels: 2, algo: ParallelMinimax_ForEach_ChooseLevel { })" computerName="ACERNITRO5" duration="00:00:00.0748690" startTime="2025-11-24T13:26:42.9694265+01:00" endTime="2025-11-24T13:26:42.9694269+01:00" testType="13cdc9d9-ddb5-4fa4-a97d-d965ccfc6d4b" outcome="Passed" testListId="8c84fa94-04c1-424b-9868-57a2d4851a1d" relativeResultsDirectory="830c792c-3246-42f2-a647-9d727fa199d7" />
    <UnitTestResult executionId="ec88fdad-3d44-431d-9d6a-570d24262f15" testId="a3f7626d-02cb-6fa8-b5aa-91ffe225874d" testName="MininaxTests.Unit.AlgorithmsTests.FlakyMinimaxTests.FlakyTest_CollectionModificationDuringIteration_MayFail" computerName="ACERNITRO5" duration="00:00:00.2143771" startTime="2025-11-24T13:26:34.5346385+01:00" endTime="2025-11-24T13:26:34.5346391+01:00" testType="13cdc9d9-ddb5-4fa4-a97d-d965ccfc6d4b" outcome="Passed" testListId="8c84fa94-04c1-424b-9868-57a2d4851a1d" relativeResultsDirectory="ec88fdad-3d44-431d-9d6a-570d24262f15" />
    <UnitTestResult executionId="a1f26aa0-80c5-4e8f-832d-56bb4aa668c8" testId="0ede4ed3-1d4f-8231-2756-56e8be0a41ec" testName="MininaxTests.Unit.AlgorithmsTests.FlakyMinimaxTests.FlakyTest_ParallelResultsWithSharedState_MayFail(branchingFactor: 3, levels: 4)" computerName="ACERNITRO5" duration="00:00:00.0005232" startTime="2025-11-24T13:26:34.3463088+01:00" endTime="2025-11-24T13:26:34.3463093+01:00" testType="13cdc9d9-ddb5-4fa4-a97d-d965ccfc6d4b" outcome="Failed" testListId="8c84fa94-04c1-424b-9868-57a2d4851a1d" relativeResultsDirectory="a1f26aa0-80c5-4e8f-832d-56bb4aa668c8">
      <Output>
        <ErrorInfo>
          <Message>Assert.Equal() Failure: Values differ&#xD;
Expected: 2&#xD;
Actual:   1</Message>
          <StackTrace>   at MininaxTests.Unit.AlgorithmsTests.FlakyMinimaxTests.FlakyTest_ParallelResultsWithSharedState_MayFail(Int32 branchingFactor, Int32 levels) in D:\Old Projects\Minimax\tests\MininaxTests.Unit\AlgorithmsTests\FlakyMinimaxTests.cs:line 130&#xD;
   at InvokeStub_FlakyMinimaxTests.FlakyTest_ParallelResultsWithSharedState_MayFail(Object, Span`1)&#xD;
   at System.Reflection.MethodBaseInvoker.InvokeWithFewArgs(Object obj, BindingFlags invokeAttr, Binder binder, Object[] parameters, CultureInfo culture)</StackTrace>
        </ErrorInfo>
      </Output>
    </UnitTestResult>
    <UnitTestResult executionId="9842a066-02bb-4b4a-b5c4-e9cb8cd79c12" testId="c1ee103b-9768-30a9-d0da-31299d93b1ab" testName="MininaxTests.Unit.AlgorithmsTests.MinimaxTests.MinimaxAlgo_WhenMinPlayerFirst_ShouldWork(brancingFactor: 2, levels: 20, algo: ParallelMinimax_ForEach_FirstLevel { })" computerName="ACERNITRO5" duration="00:00:00.5948259" startTime="2025-11-24T13:26:36.4851708+01:00" endTime="2025-11-24T13:26:36.4851710+01:00" testType="13cdc9d9-ddb5-4fa4-a97d-d965ccfc6d4b" outcome="Failed" testListId="8c84fa94-04c1-424b-9868-57a2d4851a1d" relativeResultsDirectory="9842a066-02bb-4b4a-b5c4-e9cb8cd79c12">
      <Output>
        <ErrorInfo>
          <Message>Assert.Equal() Failure: Values differ&#xD;
Expected: -1&#xD;
Actual:   349526</Message>
          <StackTrace>   at MininaxTests.Unit.AlgorithmsTests.MinimaxTests.MinimaxAlgo_WhenMinPlayerFirst_ShouldWork(Int32 brancingFactor, Int32 levels, IMinimax`1 algo) in D:\Old Projects\Minimax\tests\MininaxTests.Unit\AlgorithmsTests\MinimaxTests.cs:line 64&#xD;
   at InvokeStub_MinimaxTests.MinimaxAlgo_WhenMinPlayerFirst_ShouldWork(Object, Span`1)&#xD;
   at System.Reflection.MethodBaseInvoker.InvokeWithFewArgs(Object obj, BindingFlags invokeAttr, Binder binder, Object[] parameters, CultureInfo culture)</StackTrace>
        </ErrorInfo>
      </Output>
    </UnitTestResult>
    <UnitTestResult executionId="b2fcf377-21c2-45f3-ba95-536e15b528da" testId="66b5a6bf-27b3-b59a-13e3-dc52ea6b590a" testName="MininaxTests.Unit.AlgorithmsTests.MinimaxTests.MinimaxAlgo_WhenMaxPlayerFirst_ShouldWork(brancingFactor: 100, levels: 3, algo: ParallelMinimax_ForEach_FirstLevel { })" computerName="ACERNITRO5" duration="00:00:00.1151027" startTime="2025-11-24T13:26:41.5644585+01:00" endTime="2025-11-24T13:26:41.5644590+01:00" testType="13cdc9d9-ddb5-4fa4-a97d-d965ccfc6d4b" outcome="Passed" testListId="8c84fa94-04c1-424b-9868-57a2d4851a1d" relativeResultsDirectory="b2fcf377-21c2-45f3-ba95-536e15b528da" />
    <UnitTestResult executionId="4cf55fc5-cef1-4ccd-a0c6-ff6ac3aee11f" testId="66b5a6bf-27b3-b59a-13e3-dc52ea6b590a" testName="MininaxTests.Unit.AlgorithmsTests.MinimaxTests.MinimaxAlgo_WhenMaxPlayerFirst_ShouldWork(brancingFactor: 2, levels: 2, algo: ParallelMinimax_ForEach_FirstLevel { })" computerName="ACERNITRO5" duration="00:00:00.0001163" startTime="2025-11-24T13:26:40.2836086+01:00" endTime="2025-11-24T13:26:40.2836087+01:00" testType="13cdc9d9-ddb5-4fa4-a97d-d965ccfc6d4b" outcome="Passed" testListId="8c84fa94-04c1-424b-9868-57a2d4851a1d" relativeResultsDirectory="4cf55fc5-cef1-4ccd-a0c6-ff6ac3aee11f" />
    <UnitTestResult executionId="1709fc19-66e8-4868-916f-860cbc15dbfe" testId="56310b88-446b-427b-3b6b-d2d1b0d49243" testName="MininaxTests.Unit.AlgorithmsTests.FlakyMinimaxTests.FlakyTest_RaceCondition_MayFail" computerName="ACERNITRO5" duration="00:00:00.0010435" startTime="2025-11-24T13:26:34.3467902+01:00" endTime="2025-11-24T13:26:34.3467902+01:00" testType="13cdc9d9-ddb5-4fa4-a97d-d965ccfc6d4b" outcome="Passed" testListId="8c84fa94-04c1-424b-9868-57a2d4851a1d" relativeResultsDirectory="1709fc19-66e8-4868-916f-860cbc15dbfe" />
    <UnitTestResult executionId="c0ba81c9-632f-43f8-8334-4c00417a1d99" testId="66b5a6bf-27b3-b59a-13e3-dc52ea6b590a" testName="MininaxTests.Unit.AlgorithmsTests.MinimaxTests.MinimaxAlgo_WhenMaxPlayerFirst_ShouldWork(brancingFactor: 100, levels: 3, algo: ParallelMinimax_ForEach_ChooseLevel { })" computerName="ACERNITRO5" duration="00:00:00.0736417" startTime="2025-11-24T13:26:42.8944840+01:00" endTime="2025-11-24T13:26:42.8944844+01:00" testType="13cdc9d9-ddb5-4fa4-a97d-d965ccfc6d4b" outcome="Passed" testListId="8c84fa94-04c1-424b-9868-57a2d4851a1d" relativeResultsDirectory="c0ba81c9-632f-43f8-8334-4c00417a1d99" />
    <UnitTestResult executionId="9b899a49-a38a-4871-a414-189f9fe2e886" testId="c1ee103b-9768-30a9-d0da-31299d93b1ab" testName="MininaxTests.Unit.AlgorithmsTests.MinimaxTests.MinimaxAlgo_WhenMinPlayerFirst_ShouldWork(brancingFactor: 50, levels: 4, algo: SequentialMinimax { })" computerName="ACERNITRO5" duration="00:00:00.7910087" startTime="2025-11-24T13:26:35.7191514+01:00" endTime="2025-11-24T13:26:35.7191517+01:00" testType="13cdc9d9-ddb5-4fa4-a97d-d965ccfc6d4b" outcome="Failed" testListId="8c84fa94-04c1-424b-9868-57a2d4851a1d" relativeResultsDirectory="9b899a49-a38a-4871-a414-189f9fe2e886">
      <Output>
        <ErrorInfo>
          <Message>Assert.Equal() Failure: Values differ&#xD;
Expected: -1&#xD;
Actual:   122550</Message>
          <StackTrace>   at MininaxTests.Unit.AlgorithmsTests.MinimaxTests.MinimaxAlgo_WhenMinPlayerFirst_ShouldWork(Int32 brancingFactor, Int32 levels, IMinimax`1 algo) in D:\Old Projects\Minimax\tests\MininaxTests.Unit\AlgorithmsTests\MinimaxTests.cs:line 64&#xD;
   at InvokeStub_MinimaxTests.MinimaxAlgo_WhenMinPlayerFirst_ShouldWork(Object, Span`1)&#xD;
   at System.Reflection.MethodBaseInvoker.InvokeWithFewArgs(Object obj, BindingFlags invokeAttr, Binder binder, Object[] parameters, CultureInfo culture)</StackTrace>
        </ErrorInfo>
      </Output>
    </UnitTestResult>
    <UnitTestResult executionId="2efc1bb1-28eb-4e89-a2d8-82ee054526dc" testId="66b5a6bf-27b3-b59a-13e3-dc52ea6b590a" testName="MininaxTests.Unit.AlgorithmsTests.MinimaxTests.MinimaxAlgo_WhenMaxPlayerFirst_ShouldWork(brancingFactor: 1000, levels: 2, algo: ParallelMinimax_ForEach_FirstLevel { })" computerName="ACERNITRO5" duration="00:00:00.1217862" startTime="2025-11-24T13:26:41.6864486+01:00" endTime="2025-11-24T13:26:41.6864492+01:00" testType="13cdc9d9-ddb5-4fa4-a97d-d965ccfc6d4b" outcome="Passed" testListId="8c84fa94-04c1-424b-9868-57a2d4851a1d" relativeResultsDirectory="2efc1bb1-28eb-4e89-a2d8-82ee054526dc" />
    <UnitTestResult executionId="1dc73733-cb5b-40e2-849d-d35d1c6eeed8" testId="66b5a6bf-27b3-b59a-13e3-dc52ea6b590a" testName="MininaxTests.Unit.AlgorithmsTests.MinimaxTests.MinimaxAlgo_WhenMaxPlayerFirst_ShouldWork(brancingFactor: 2, levels: 10, algo: SequentialMinimax { })" computerName="ACERNITRO5" duration="00:00:00.0004792" startTime="2025-11-24T13:26:38.7509147+01:00" endTime="2025-11-24T13:26:38.7509149+01:00" testType="13cdc9d9-ddb5-4fa4-a97d-d965ccfc6d4b" outcome="Passed" testListId="8c84fa94-04c1-424b-9868-57a2d4851a1d" relativeResultsDirectory="1dc73733-cb5b-40e2-849d-d35d1c6eeed8" />
    <UnitTestResult executionId="35203929-5c64-40cb-93ec-8965fe785647" testId="c1ee103b-9768-30a9-d0da-31299d93b1ab" testName="MininaxTests.Unit.AlgorithmsTests.MinimaxTests.MinimaxAlgo_WhenMinPlayerFirst_ShouldWork(brancingFactor: 2, levels: 2, algo: SequentialMinimax { })" computerName="ACERNITRO5" duration="00:00:00.0110230" startTime="2025-11-24T13:26:34.1459652+01:00" endTime="2025-11-24T13:26:34.1459655+01:00" testType="13cdc9d9-ddb5-4fa4-a97d-d965ccfc6d4b" outcome="Failed" testListId="8c84fa94-04c1-424b-9868-57a2d4851a1d" relativeResultsDirectory="35203929-5c64-40cb-93ec-8965fe785647">
      <Output>
        <ErrorInfo>
          <Message>Assert.Equal() Failure: Values differ&#xD;
Expected: -1&#xD;
Actual:   2</Message>
          <StackTrace>   at MininaxTests.Unit.AlgorithmsTests.MinimaxTests.MinimaxAlgo_WhenMinPlayerFirst_ShouldWork(Int32 brancingFactor, Int32 levels, IMinimax`1 algo) in D:\Old Projects\Minimax\tests\MininaxTests.Unit\AlgorithmsTests\MinimaxTests.cs:line 64&#xD;
   at System.RuntimeMethodHandle.InvokeMethod(Object target, Void** arguments, Signature sig, Boolean isConstructor)&#xD;
   at System.Reflection.MethodBaseInvoker.InvokeDirectByRefWithFewArgs(Object obj, Span`1 copyOfArgs, BindingFlags invokeAttr)</StackTrace>
        </ErrorInfo>
      </Output>
    </UnitTestResult>
    <UnitTestResult executionId="30eb63b4-3570-4f84-9dd0-128806205df4" testId="9fcf6c62-e9bb-3a50-9702-e3f9f6e6cbd6" testName="MininaxTests.Unit.AlgorithmsTests.FlakyMinimaxTests.FlakyTest_StaticStateCorruption_MayFail" computerName="ACERNITRO5" duration="00:00:00.0001128" startTime="2025-11-24T13:26:34.2602974+01:00" endTime="2025-11-24T13:26:34.2602976+01:00" testType="13cdc9d9-ddb5-4fa4-a97d-d965ccfc6d4b" outcome="Passed" testListId="8c84fa94-04c1-424b-9868-57a2d4851a1d" relativeResultsDirectory="30eb63b4-3570-4f84-9dd0-128806205df4" />
    <UnitTestResult executionId="27d08259-2760-409c-85ad-2a366d9de328" testId="c1ee103b-9768-30a9-d0da-31299d93b1ab" testName="MininaxTests.Unit.AlgorithmsTests.MinimaxTests.MinimaxAlgo_WhenMinPlayerFirst_ShouldWork(brancingFactor: 2, levels: 10, algo: SequentialMinimax { })" computerName="ACERNITRO5" duration="00:00:00.0014276" startTime="2025-11-24T13:26:34.1579032+01:00" endTime="2025-11-24T13:26:34.1579037+01:00" testType="13cdc9d9-ddb5-4fa4-a97d-d965ccfc6d4b" outcome="Failed" testListId="8c84fa94-04c1-424b-9868-57a2d4851a1d" relativeResultsDirectory="27d08259-2760-409c-85ad-2a366d9de328">
      <Output>
        <ErrorInfo>
          <Message>Assert.Equal() Failure: Values differ&#xD;
Expected: -1&#xD;
Actual:   342</Message>
          <StackTrace>   at MininaxTests.Unit.AlgorithmsTests.MinimaxTests.MinimaxAlgo_WhenMinPlayerFirst_ShouldWork(Int32 brancingFactor, Int32 levels, IMinimax`1 algo) in D:\Old Projects\Minimax\tests\MininaxTests.Unit\AlgorithmsTests\MinimaxTests.cs:line 64&#xD;
   at InvokeStub_MinimaxTests.MinimaxAlgo_WhenMinPlayerFirst_ShouldWork(Object, Span`1)&#xD;
   at System.Reflection.MethodBaseInvoker.InvokeWithFewArgs(Object obj, BindingFlags invokeAttr, Binder binder, Object[] parameters, CultureInfo culture)</StackTrace>
        </ErrorInfo>
      </Output>
    </UnitTestResult>
    <UnitTestResult executionId="f3cce6be-07b9-46cf-85a6-560f39979fce" testId="538b25b8-b6d6-c107-3a02-1152d8f49cf1" testName="MininaxTests.Unit.AlgorithmsTests.FlakyMinimaxTests.FlakyTest_MemoryPressureDependent_MayFail" computerName="ACERNITRO5" duration="00:00:00.0204986" startTime="2025-11-24T13:26:34.3468209+01:00" endTime="2025-11-24T13:26:34.3468210+01:00" testType="13cdc9d9-ddb5-4fa4-a97d-d965ccfc6d4b" outcome="Passed" testListId="8c84fa94-04c1-424b-9868-57a2d4851a1d" relativeResultsDirectory="f3cce6be-07b9-46cf-85a6-560f39979fce" />
    <UnitTestResult executionId="75fac295-e8f8-4b28-86a4-e20ee8d7a41d" testId="66b5a6bf-27b3-b59a-13e3-dc52ea6b590a" testName="MininaxTests.Unit.AlgorithmsTests.MinimaxTests.MinimaxAlgo_WhenMaxPlayerFirst_ShouldWork(brancingFactor: 100, levels: 3, algo: SequentialMinimax { })" computerName="ACERNITRO5" duration="00:00:00.0836533" startTime="2025-11-24T13:26:40.1535040+01:00" endTime="2025-11-24T13:26:40.1535044+01:00" testType="13cdc9d9-ddb5-4fa4-a97d-d965ccfc6d4b" outcome="Passed" testListId="8c84fa94-04c1-424b-9868-57a2d4851a1d" relativeResultsDirectory="75fac295-e8f8-4b28-86a4-e20ee8d7a41d" />
    <UnitTestResult executionId="1f6ec894-e82e-4a73-be1c-36b167b6eeed" testId="66b5a6bf-27b3-b59a-13e3-dc52ea6b590a" testName="MininaxTests.Unit.AlgorithmsTests.MinimaxTests.MinimaxAlgo_WhenMaxPlayerFirst_ShouldWork(brancingFactor: 2, levels: 10, algo: ParallelMinimax_ForEach_ChooseLevel { })" computerName="ACERNITRO5" duration="00:00:00.0004098" startTime="2025-11-24T13:26:41.6871264+01:00" endTime="2025-11-24T13:26:41.6871283+01:00" testType="13cdc9d9-ddb5-4fa4-a97d-d965ccfc6d4b" outcome="Passed" testListId="8c84fa94-04c1-424b-9868-57a2d4851a1d" relativeResultsDirectory="1f6ec894-e82e-4a73-be1c-36b167b6eeed" />
    <UnitTestResult executionId="02d59aee-482c-4942-af11-ae8d2610703d" testId="c1ee103b-9768-30a9-d0da-31299d93b1ab" testName="MininaxTests.Unit.AlgorithmsTests.MinimaxTests.MinimaxAlgo_WhenMinPlayerFirst_ShouldWork(brancingFactor: 2, levels: 20, algo: ParallelMinimax_ForEach_ChooseLevel { })" computerName="ACERNITRO5" duration="00:00:00.5266124" startTime="2025-11-24T13:26:37.8648217+01:00" endTime="2025-11-24T13:26:37.8648219+01:00" testType="13cdc9d9-ddb5-4fa4-a97d-d965ccfc6d4b" outcome="Failed" testListId="8c84fa94-04c1-424b-9868-57a2d4851a1d" relativeResultsDirectory="02d59aee-482c-4942-af11-ae8d2610703d">
      <Output>
        <ErrorInfo>
          <Message>Assert.Equal() Failure: Values differ&#xD;
Expected: -1&#xD;
Actual:   349526</Message>
          <StackTrace>   at MininaxTests.Unit.AlgorithmsTests.MinimaxTests.MinimaxAlgo_WhenMinPlayerFirst_ShouldWork(Int32 brancingFactor, Int32 levels, IMinimax`1 algo) in D:\Old Projects\Minimax\tests\MininaxTests.Unit\AlgorithmsTests\MinimaxTests.cs:line 64&#xD;
   at InvokeStub_MinimaxTests.MinimaxAlgo_WhenMinPlayerFirst_ShouldWork(Object, Span`1)&#xD;
   at System.Reflection.MethodBaseInvoker.InvokeWithFewArgs(Object obj, BindingFlags invokeAttr, Binder binder, Object[] parameters, CultureInfo culture)</StackTrace>
        </ErrorInfo>
      </Output>
    </UnitTestResult>
    <UnitTestResult executionId="ded0c0bf-3db6-49c6-9f7f-2f50e805e21c" testId="66b5a6bf-27b3-b59a-13e3-dc52ea6b590a" testName="MininaxTests.Unit.AlgorithmsTests.MinimaxTests.MinimaxAlgo_WhenMaxPlayerFirst_ShouldWork(brancingFactor: 2, levels: 20, algo: ParallelMinimax_ForEach_ChooseLevel { })" computerName="ACERNITRO5" duration="00:00:00.5016284" startTime="2025-11-24T13:26:42.1888873+01:00" endTime="2025-11-24T13:26:42.1888884+01:00" testType="13cdc9d9-ddb5-4fa4-a97d-d965ccfc6d4b" outcome="Passed" testListId="8c84fa94-04c1-424b-9868-57a2d4851a1d" relativeResultsDirectory="ded0c0bf-3db6-49c6-9f7f-2f50e805e21c" />
    <UnitTestResult executionId="2f37c6c3-c303-40c6-8a54-309d3cc9c724" testId="66b5a6bf-27b3-b59a-13e3-dc52ea6b590a" testName="MininaxTests.Unit.AlgorithmsTests.MinimaxTests.MinimaxAlgo_WhenMaxPlayerFirst_ShouldWork(brancingFactor: 50, levels: 4, algo: SequentialMinimax { })" computerName="ACERNITRO5" duration="00:00:00.7402306" startTime="2025-11-24T13:26:40.0697658+01:00" endTime="2025-11-24T13:26:40.0697662+01:00" testType="13cdc9d9-ddb5-4fa4-a97d-d965ccfc6d4b" outcome="Passed" testListId="8c84fa94-04c1-424b-9868-57a2d4851a1d" relativeResultsDirectory="2f37c6c3-c303-40c6-8a54-309d3cc9c724" />
    <UnitTestResult executionId="b099267a-ba70-48d1-b8d9-505da5c38487" testId="c1ee103b-9768-30a9-d0da-31299d93b1ab" testName="MininaxTests.Unit.AlgorithmsTests.MinimaxTests.MinimaxAlgo_WhenMinPlayerFirst_ShouldWork(brancingFactor: 100, levels: 3, algo: ParallelMinimax_ForEach_FirstLevel { })" computerName="ACERNITRO5" duration="00:00:00.0781277" startTime="2025-11-24T13:26:37.1824212+01:00" endTime="2025-11-24T13:26:37.1824214+01:00" testType="13cdc9d9-ddb5-4fa4-a97d-d965ccfc6d4b" outcome="Failed" testListId="8c84fa94-04c1-424b-9868-57a2d4851a1d" relativeResultsDirectory="b099267a-ba70-48d1-b8d9-505da5c38487">
      <Output>
        <ErrorInfo>
          <Message>Assert.Equal() Failure: Values differ&#xD;
Expected: -1&#xD;
Actual:   9901</Message>
          <StackTrace>   at MininaxTests.Unit.AlgorithmsTests.MinimaxTests.MinimaxAlgo_WhenMinPlayerFirst_ShouldWork(Int32 brancingFactor, Int32 levels, IMinimax`1 algo) in D:\Old Projects\Minimax\tests\MininaxTests.Unit\AlgorithmsTests\MinimaxTests.cs:line 64&#xD;
   at InvokeStub_MinimaxTests.MinimaxAlgo_WhenMinPlayerFirst_ShouldWork(Object, Span`1)&#xD;
   at System.Reflection.MethodBaseInvoker.InvokeWithFewArgs(Object obj, BindingFlags invokeAttr, Binder binder, Object[] parameters, CultureInfo culture)</StackTrace>
        </ErrorInfo>
      </Output>
    </UnitTestResult>
    <UnitTestResult executionId="758625d9-acaa-49db-a1a7-4cc6b3156998" testId="66b5a6bf-27b3-b59a-13e3-dc52ea6b590a" testName="MininaxTests.Unit.AlgorithmsTests.MinimaxTests.MinimaxAlgo_WhenMaxPlayerFirst_ShouldWork(brancingFactor: 2, levels: 2, algo: ParallelMinimax_ForEach_ChooseLevel { })" computerName="ACERNITRO5" duration="00:00:00.0001950" startTime="2025-11-24T13:26:41.6866063+01:00" endTime="2025-11-24T13:26:41.6866064+01:00" testType="13cdc9d9-ddb5-4fa4-a97d-d965ccfc6d4b" outcome="Passed" testListId="8c84fa94-04c1-424b-9868-57a2d4851a1d" relativeResultsDirectory="758625d9-acaa-49db-a1a7-4cc6b3156998" />
    <UnitTestResult executionId="0b6157d8-b458-4f17-bf5a-89ab594e363c" testId="9d8f8dac-b0a3-aed5-3458-2441cc8a2022" testName="MininaxTests.Unit.AlgorithmsTests.FlakyMinimaxTests.FlakyTest_ParallelResultsWithSharedState_MayFail(branchingFactor: 4, levels: 3)" computerName="ACERNITRO5" duration="00:00:00.0031701" startTime="2025-11-24T13:26:34.2638753+01:00" endTime="2025-11-24T13:26:34.2638754+01:00" testType="13cdc9d9-ddb5-4fa4-a97d-d965ccfc6d4b" outcome="Passed" testListId="8c84fa94-04c1-424b-9868-57a2d4851a1d" relativeResultsDirectory="0b6157d8-b458-4f17-bf5a-89ab594e363c" />
    <UnitTestResult executionId="d7dd8cb0-0962-4d6d-9d5d-3a7913ebfdf0" testId="634e10d3-c4db-deb3-d91d-97eff9835fa9" testName="MininaxTests.Unit.AlgorithmsTests.FlakyMinimaxTests.FlakyTest_TaskDelayRace_MayFail(delayMs: 10)" computerName="ACERNITRO5" duration="00:00:00.0122208" startTime="2025-11-24T13:26:34.3467433+01:00" endTime="2025-11-24T13:26:34.3467434+01:00" testType="13cdc9d9-ddb5-4fa4-a97d-d965ccfc6d4b" outcome="Failed" testListId="8c84fa94-04c1-424b-9868-57a2d4851a1d" relativeResultsDirectory="d7dd8cb0-0962-4d6d-9d5d-3a7913ebfdf0">
      <Output>
        <ErrorInfo>
          <Message>Expected computation to complete in time!</Message>
          <StackTrace>   at MininaxTests.Unit.AlgorithmsTests.FlakyMinimaxTests.FlakyTest_TaskDelayRace_MayFail(Int32 delayMs) in D:\Old Projects\Minimax\tests\MininaxTests.Unit\AlgorithmsTests\FlakyMinimaxTests.cs:line 190&#xD;
   at InvokeStub_FlakyMinimaxTests.FlakyTest_TaskDelayRace_MayFail(Object, Span`1)&#xD;
   at System.Reflection.MethodBaseInvoker.InvokeWithOneArg(Object obj, BindingFlags invokeAttr, Binder binder, Object[] parameters, CultureInfo culture)</StackTrace>
        </ErrorInfo>
      </Output>
    </UnitTestResult>
    <UnitTestResult executionId="85b29032-0349-40f6-8f1f-a6dfc1f16383" testId="c1ee103b-9768-30a9-d0da-31299d93b1ab" testName="MininaxTests.Unit.AlgorithmsTests.MinimaxTests.MinimaxAlgo_WhenMinPlayerFirst_ShouldWork(brancingFactor: 100, levels: 3, algo: SequentialMinimax { })" computerName="ACERNITRO5" duration="00:00:00.0830521" startTime="2025-11-24T13:26:35.8024497+01:00" endTime="2025-11-24T13:26:35.8024503+01:00" testType="13cdc9d9-ddb5-4fa4-a97d-d965ccfc6d4b" outcome="Failed" testListId="8c84fa94-04c1-424b-9868-57a2d4851a1d" relativeResultsDirectory="85b29032-0349-40f6-8f1f-a6dfc1f16383">
      <Output>
        <ErrorInfo>
          <Message>Assert.Equal() Failure: Values differ&#xD;
Expected: -1&#xD;
Actual:   9901</Message>
          <StackTrace>   at MininaxTests.Unit.AlgorithmsTests.MinimaxTests.MinimaxAlgo_WhenMinPlayerFirst_ShouldWork(Int32 brancingFactor, Int32 levels, IMinimax`1 algo) in D:\Old Projects\Minimax\tests\MininaxTests.Unit\AlgorithmsTests\MinimaxTests.cs:line 64&#xD;
   at InvokeStub_MinimaxTests.MinimaxAlgo_WhenMinPlayerFirst_ShouldWork(Object, Span`1)&#xD;
   at System.Reflection.MethodBaseInvoker.InvokeWithFewArgs(Object obj, BindingFlags invokeAttr, Binder binder, Object[] parameters, CultureInfo culture)</StackTrace>
        </ErrorInfo>
      </Output>
    </UnitTestResult>
    <UnitTestResult executionId="8037e54d-b2e8-487c-a747-3f9333ffa636" testId="66b5a6bf-27b3-b59a-13e3-dc52ea6b590a" testName="MininaxTests.Unit.AlgorithmsTests.MinimaxTests.MinimaxAlgo_WhenMaxPlayerFirst_ShouldWork(brancingFactor: 2, levels: 10, algo: ParallelMinimax_ForEach_FirstLevel { })" computerName="ACERNITRO5" duration="00:00:00.0002209" startTime="2025-11-24T13:26:40.2838803+01:00" endTime="2025-11-24T13:26:40.2838804+01:00" testType="13cdc9d9-ddb5-4fa4-a97d-d965ccfc6d4b" outcome="Passed" testListId="8c84fa94-04c1-424b-9868-57a2d4851a1d" relativeResultsDirectory="8037e54d-b2e8-487c-a747-3f9333ffa636" />
    <UnitTestResult executionId="7bc24366-ae5f-49bc-84ae-ad09ac26b658" testId="c1ee103b-9768-30a9-d0da-31299d93b1ab" testName="MininaxTests.Unit.AlgorithmsTests.MinimaxTests.MinimaxAlgo_WhenMinPlayerFirst_ShouldWork(brancingFactor: 100, levels: 3, algo: ParallelMinimax_ForEach_ChooseLevel { })" computerName="ACERNITRO5" duration="00:00:00.1157545" startTime="2025-11-24T13:26:38.6261056+01:00" endTime="2025-11-24T13:26:38.6261058+01:00" testType="13cdc9d9-ddb5-4fa4-a97d-d965ccfc6d4b" outcome="Failed" testListId="8c84fa94-04c1-424b-9868-57a2d4851a1d" relativeResultsDirectory="7bc24366-ae5f-49bc-84ae-ad09ac26b658">
      <Output>
        <ErrorInfo>
          <Message>Assert.Equal() Failure: Values differ&#xD;
Expected: -1&#xD;
Actual:   9901</Message>
          <StackTrace>   at MininaxTests.Unit.AlgorithmsTests.MinimaxTests.MinimaxAlgo_WhenMinPlayerFirst_ShouldWork(Int32 brancingFactor, Int32 levels, IMinimax`1 algo) in D:\Old Projects\Minimax\tests\MininaxTests.Unit\AlgorithmsTests\MinimaxTests.cs:line 64&#xD;
   at InvokeStub_MinimaxTests.MinimaxAlgo_WhenMinPlayerFirst_ShouldWork(Object, Span`1)&#xD;
   at System.Reflection.MethodBaseInvoker.InvokeWithFewArgs(Object obj, BindingFlags invokeAttr, Binder binder, Object[] parameters, CultureInfo culture)</StackTrace>
        </ErrorInfo>
      </Output>
    </UnitTestResult>
    <UnitTestResult executionId="b37d062c-400e-4fc4-87c5-1892d2411a2e" testId="2e3c0228-238a-3db0-10b2-138db65c20eb" testName="MininaxTests.Unit.AlgorithmsTests.FlakyMinimaxTests.FlakyTest_ParallelResultsWithSharedState_MayFail(branchingFactor: 2, levels: 5)" computerName="ACERNITRO5" duration="00:00:00.0000950" startTime="2025-11-24T13:26:34.3463915+01:00" endTime="2025-11-24T13:26:34.3463915+01:00" testType="13cdc9d9-ddb5-4fa4-a97d-d965ccfc6d4b" outcome="Passed" testListId="8c84fa94-04c1-424b-9868-57a2d4851a1d" relativeResultsDirectory="b37d062c-400e-4fc4-87c5-1892d2411a2e" />
    <UnitTestResult executionId="0e8cd636-7833-411c-8f84-ed0712397425" testId="ff68cf20-4f6c-3695-9759-570a2747c6c4" testName="MininaxTests.Unit.AlgorithmsTests.FlakyMinimaxTests.FlakyTest_FloatingPointComparison_MayFail" computerName="ACERNITRO5" duration="00:00:00.0004101" startTime="2025-11-24T13:26:34.2601464+01:00" endTime="2025-11-24T13:26:34.2601465+01:00" testType="13cdc9d9-ddb5-4fa4-a97d-d965ccfc6d4b" outcome="Passed" testListId="8c84fa94-04c1-424b-9868-57a2d4851a1d" relativeResultsDirectory="0e8cd636-7833-411c-8f84-ed0712397425" />
    <UnitTestResult executionId="fb6f2edb-e963-45de-9822-320a6bc5d209" testId="c1ee103b-9768-30a9-d0da-31299d93b1ab" testName="MininaxTests.Unit.AlgorithmsTests.MinimaxTests.MinimaxAlgo_WhenMinPlayerFirst_ShouldWork(brancingFactor: 50, levels: 4, algo: ParallelMinimax_ForEach_ChooseLevel { })" computerName="ACERNITRO5" duration="00:00:00.6451735" startTime="2025-11-24T13:26:38.5103845+01:00" endTime="2025-11-24T13:26:38.5103849+01:00" testType="13cdc9d9-ddb5-4fa4-a97d-d965ccfc6d4b" outcome="Failed" testListId="8c84fa94-04c1-424b-9868-57a2d4851a1d" relativeResultsDirectory="fb6f2edb-e963-45de-9822-320a6bc5d209">
      <Output>
        <ErrorInfo>
          <Message>Assert.Equal() Failure: Values differ&#xD;
Expected: -1&#xD;
Actual:   122550</Message>
          <StackTrace>   at MininaxTests.Unit.AlgorithmsTests.MinimaxTests.MinimaxAlgo_WhenMinPlayerFirst_ShouldWork(Int32 brancingFactor, Int32 levels, IMinimax`1 algo) in D:\Old Projects\Minimax\tests\MininaxTests.Unit\AlgorithmsTests\MinimaxTests.cs:line 64&#xD;
   at InvokeStub_MinimaxTests.MinimaxAlgo_WhenMinPlayerFirst_ShouldWork(Object, Span`1)&#xD;
   at System.Reflection.MethodBaseInvoker.InvokeWithFewArgs(Object obj, BindingFlags invokeAttr, Binder binder, Object[] parameters, CultureInfo culture)</StackTrace>
        </ErrorInfo>
      </Output>
    </UnitTestResult>
    <UnitTestResult executionId="d98ac9dd-a854-43f2-a38d-6d5e53d418bc" testId="c1ee103b-9768-30a9-d0da-31299d93b1ab" testName="MininaxTests.Unit.AlgorithmsTests.MinimaxTests.MinimaxAlgo_WhenMinPlayerFirst_ShouldWork(brancingFactor: 2, levels: 10, algo: ParallelMinimax_ForEach_FirstLevel { })" computerName="ACERNITRO5" duration="00:00:00.0002835" startTime="2025-11-24T13:26:35.8889016+01:00" endTime="2025-11-24T13:26:35.8889017+01:00" testType="13cdc9d9-ddb5-4fa4-a97d-d965ccfc6d4b" outcome="Failed" testListId="8c84fa94-04c1-424b-9868-57a2d4851a1d" relativeResultsDirectory="d98ac9dd-a854-43f2-a38d-6d5e53d418bc">
      <Output>
        <ErrorInfo>
          <Message>Assert.Equal() Failure: Values differ&#xD;
Expected: -1&#xD;
Actual:   342</Message>
          <StackTrace>   at MininaxTests.Unit.AlgorithmsTests.MinimaxTests.MinimaxAlgo_WhenMinPlayerFirst_ShouldWork(Int32 brancingFactor, Int32 levels, IMinimax`1 algo) in D:\Old Projects\Minimax\tests\MininaxTests.Unit\AlgorithmsTests\MinimaxTests.cs:line 64&#xD;
   at InvokeStub_MinimaxTests.MinimaxAlgo_WhenMinPlayerFirst_ShouldWork(Object, Span`1)&#xD;
   at System.Reflection.MethodBaseInvoker.InvokeWithFewArgs(Object obj, BindingFlags invokeAttr, Binder binder, Object[] parameters, CultureInfo culture)</StackTrace>
        </ErrorInfo>
      </Output>
    </UnitTestResult>
    <UnitTestResult executionId="74a0ea50-74e3-451c-8851-4be4be254f7b" testId="d69fd164-87fd-a1fb-f42a-ac7613b8afaa" testName="MininaxTests.Unit.AlgorithmsTests.FlakyMinimaxTests.FlakyTest_ThreadSleepTiming_MayFail" computerName="ACERNITRO5" duration="00:00:00.1227640" startTime="2025-11-24T13:26:34.2597495+01:00" endTime="2025-11-24T13:26:34.2597508+01:00" testType="13cdc9d9-ddb5-4fa4-a97d-d965ccfc6d4b" outcome="Passed" testListId="8c84fa94-04c1-424b-9868-57a2d4851a1d" relativeResultsDirectory="74a0ea50-74e3-451c-8851-4be4be254f7b" />
    <UnitTestResult executionId="dce83aa6-afb2-4a28-af7e-7781103f7169" testId="c1ee103b-9768-30a9-d0da-31299d93b1ab" testName="MininaxTests.Unit.AlgorithmsTests.MinimaxTests.MinimaxAlgo_WhenMinPlayerFirst_ShouldWork(brancingFactor: 2, levels: 2, algo: ParallelMinimax_ForEach_ChooseLevel { })" computerName="ACERNITRO5" duration="00:00:00.0002165" startTime="2025-11-24T13:26:37.3374944+01:00" endTime="2025-11-24T13:26:37.3374946+01:00" testType="13cdc9d9-ddb5-4fa4-a97d-d965ccfc6d4b" outcome="Failed" testListId="8c84fa94-04c1-424b-9868-57a2d4851a1d" relativeResultsDirectory="dce83aa6-afb2-4a28-af7e-7781103f7169">
      <Output>
        <ErrorInfo>
          <Message>Assert.Equal() Failure: Values differ&#xD;
Expected: -1&#xD;
Actual:   2</Message>
          <StackTrace>   at MininaxTests.Unit.AlgorithmsTests.MinimaxTests.MinimaxAlgo_WhenMinPlayerFirst_ShouldWork(Int32 brancingFactor, Int32 levels, IMinimax`1 algo) in D:\Old Projects\Minimax\tests\MininaxTests.Unit\AlgorithmsTests\MinimaxTests.cs:line 64&#xD;
   at InvokeStub_MinimaxTests.MinimaxAlgo_WhenMinPlayerFirst_ShouldWork(Object, Span`1)&#xD;
   at System.Reflection.MethodBaseInvoker.InvokeWithFewArgs(Object obj, BindingFlags invokeAttr, Binder binder, Object[] parameters, CultureInfo culture)</StackTrace>
        </ErrorInfo>
      </Output>
    </UnitTestResult>
    <UnitTestResult executionId="e307142f-907f-430e-8c16-60ddc546d966" testId="333ed00a-581b-1a53-6852-210c428e0e1e" testName="MininaxTests.Unit.AlgorithmsTests.FlakyMinimaxTests.FlakyTest_TimingDependent_MayFail" computerName="ACERNITRO5" duration="00:00:00.0104201" startTime="2025-11-24T13:26:34.1373303+01:00" endTime="2025-11-24T13:26:34.1373471+01:00" testType="13cdc9d9-ddb5-4fa4-a97d-d965ccfc6d4b" outcome="Passed" testListId="8c84fa94-04c1-424b-9868-57a2d4851a1d" relativeResultsDirectory="e307142f-907f-430e-8c16-60ddc546d966" />
    <UnitTestResult executionId="6351565a-5f5d-4292-9305-8ae5333accfd" testId="66b5a6bf-27b3-b59a-13e3-dc52ea6b590a" testName="MininaxTests.Unit.AlgorithmsTests.MinimaxTests.MinimaxAlgo_WhenMaxPlayerFirst_ShouldWork(brancingFactor: 1000, levels: 2, algo: SequentialMinimax { })" computerName="ACERNITRO5" duration="00:00:00.1299448" startTime="2025-11-24T13:26:40.2835189+01:00" endTime="2025-11-24T13:26:40.2835193+01:00" testType="13cdc9d9-ddb5-4fa4-a97d-d965ccfc6d4b" outcome="Passed" testListId="8c84fa94-04c1-424b-9868-57a2d4851a1d" relativeResultsDirectory="6351565a-5f5d-4292-9305-8ae5333accfd" />
    <UnitTestResult executionId="915e197e-5834-4960-871a-46cd69ecde7c" testId="66b5a6bf-27b3-b59a-13e3-dc52ea6b590a" testName="MininaxTests.Unit.AlgorithmsTests.MinimaxTests.MinimaxAlgo_WhenMaxPlayerFirst_ShouldWork(brancingFactor: 50, levels: 4, algo: ParallelMinimax_ForEach_FirstLevel { })" computerName="ACERNITRO5" duration="00:00:00.6091523" startTime="2025-11-24T13:26:41.4495087+01:00" endTime="2025-11-24T13:26:41.4495092+01:00" testType="13cdc9d9-ddb5-4fa4-a97d-d965ccfc6d4b" outcome="Passed" testListId="8c84fa94-04c1-424b-9868-57a2d4851a1d" relativeResultsDirectory="915e197e-5834-4960-871a-46cd69ecde7c" />
    <UnitTestResult executionId="a1b0bdd6-2aa6-4044-90ec-561aa90a3736" testId="c1ee103b-9768-30a9-d0da-31299d93b1ab" testName="MininaxTests.Unit.AlgorithmsTests.MinimaxTests.MinimaxAlgo_WhenMinPlayerFirst_ShouldWork(brancingFactor: 2, levels: 20, algo: SequentialMinimax { })" computerName="ACERNITRO5" duration="00:00:00.7832701" startTime="2025-11-24T13:26:34.9279770+01:00" endTime="2025-11-24T13:26:34.9279772+01:00" testType="13cdc9d9-ddb5-4fa4-a97d-d965ccfc6d4b" outcome="Failed" testListId="8c84fa94-04c1-424b-9868-57a2d4851a1d" relativeResultsDirectory="a1b0bdd6-2aa6-4044-90ec-561aa90a3736">
      <Output>
        <ErrorInfo>
          <Message>Assert.Equal() Failure: Values differ&#xD;
Expected: -1&#xD;
Actual:   349526</Message>
          <StackTrace>   at MininaxTests.Unit.AlgorithmsTests.MinimaxTests.MinimaxAlgo_WhenMinPlayerFirst_ShouldWork(Int32 brancingFactor, Int32 levels, IMinimax`1 algo) in D:\Old Projects\Minimax\tests\MininaxTests.Unit\AlgorithmsTests\MinimaxTests.cs:line 64&#xD;
   at InvokeStub_MinimaxTests.MinimaxAlgo_WhenMinPlayerFirst_ShouldWork(Object, Span`1)&#xD;
   at System.Reflection.MethodBaseInvoker.InvokeWithFewArgs(Object obj, BindingFlags invokeAttr, Binder binder, Object[] parameters, CultureInfo culture)</StackTrace>
        </ErrorInfo>
      </Output>
    </UnitTestResult>
    <UnitTestResult executionId="558e4521-a652-4dab-814d-5674e4222d9f" testId="e27deb66-f0e5-37e1-3e9f-5cf156fbcbe4" testName="MininaxTests.Unit.AlgorithmsTests.FlakyMinimaxTests.FlakyTest_DateTimeDependency_MayFail" computerName="ACERNITRO5" duration="00:00:00.0001799" startTime="2025-11-24T13:26:34.2606630+01:00" endTime="2025-11-24T13:26:34.2606631+01:00" testType="13cdc9d9-ddb5-4fa4-a97d-d965ccfc6d4b" outcome="Passed" testListId="8c84fa94-04c1-424b-9868-57a2d4851a1d" relativeResultsDirectory="558e4521-a652-4dab-814d-5674e4222d9f" />
    <UnitTestResult executionId="819af0a9-5d8f-4c55-8cf5-31c09d89f4ae" testId="7e0da9ee-8842-0ac0-5323-31ffa45acd1f" testName="MininaxTests.Unit.AlgorithmsTests.FlakyMinimaxTests.FlakyTest_RandomAssertion_MayFail" computerName="ACERNITRO5" duration="00:00:00.0001130" startTime="2025-11-24T13:26:34.2604467+01:00" endTime="2025-11-24T13:26:34.2604468+01:00" testType="13cdc9d9-ddb5-4fa4-a97d-d965ccfc6d4b" outcome="Passed" testListId="8c84fa94-04c1-424b-9868-57a2d4851a1d" relativeResultsDirectory="819af0a9-5d8f-4c55-8cf5-31c09d89f4ae" />
    <UnitTestResult executionId="b79a0782-53aa-487f-9215-e5cdcb6cbafe" testId="c1ee103b-9768-30a9-d0da-31299d93b1ab" testName="MininaxTests.Unit.AlgorithmsTests.MinimaxTests.MinimaxAlgo_WhenMinPlayerFirst_ShouldWork(brancingFactor: 1000, levels: 2, algo: ParallelMinimax_ForEach_ChooseLevel { })" computerName="ACERNITRO5" duration="00:00:00.1236810" startTime="2025-11-24T13:26:38.7500752+01:00" endTime="2025-11-24T13:26:38.7500755+01:00" testType="13cdc9d9-ddb5-4fa4-a97d-d965ccfc6d4b" outcome="Failed" testListId="8c84fa94-04c1-424b-9868-57a2d4851a1d" relativeResultsDirectory="b79a0782-53aa-487f-9215-e5cdcb6cbafe">
      <Output>
        <ErrorInfo>
          <Message>Assert.Equal() Failure: Values differ&#xD;
Expected: -1&#xD;
Actual:   1000</Message>
          <StackTrace>   at MininaxTests.Unit.AlgorithmsTests.MinimaxTests.MinimaxAlgo_WhenMinPlayerFirst_ShouldWork(Int32 brancingFactor, Int32 levels, IMinimax`1 algo) in D:\Old Projects\Minimax\tests\MininaxTests.Unit\AlgorithmsTests\MinimaxTests.cs:line 64&#xD;
   at InvokeStub_MinimaxTests.MinimaxAlgo_WhenMinPlayerFirst_ShouldWork(Object, Span`1)&#xD;
   at System.Reflection.MethodBaseInvoker.InvokeWithFewArgs(Object obj, BindingFlags invokeAttr, Binder binder, Object[] parameters, CultureInfo culture)</StackTrace>
        </ErrorInfo>
      </Output>
    </UnitTestResult>
    <UnitTestResult executionId="d3b4a901-603a-4b16-853d-4cb491c97e43" testId="c1ee103b-9768-30a9-d0da-31299d93b1ab" testName="MininaxTests.Unit.AlgorithmsTests.MinimaxTests.MinimaxAlgo_WhenMinPlayerFirst_ShouldWork(brancingFactor: 2, levels: 10, algo: ParallelMinimax_ForEach_ChooseLevel { })" computerName="ACERNITRO5" duration="00:00:00.0004054" startTime="2025-11-24T13:26:37.3380014+01:00" endTime="2025-11-24T13:26:37.3380015+01:00" testType="13cdc9d9-ddb5-4fa4-a97d-d965ccfc6d4b" outcome="Failed" testListId="8c84fa94-04c1-424b-9868-57a2d4851a1d" relativeResultsDirectory="d3b4a901-603a-4b16-853d-4cb491c97e43">
      <Output>
        <ErrorInfo>
          <Message>Assert.Equal() Failure: Values differ&#xD;
Expected: -1&#xD;
Actual:   342</Message>
          <StackTrace>   at MininaxTests.Unit.AlgorithmsTests.MinimaxTests.MinimaxAlgo_WhenMinPlayerFirst_ShouldWork(Int32 brancingFactor, Int32 levels, IMinimax`1 algo) in D:\Old Projects\Minimax\tests\MininaxTests.Unit\AlgorithmsTests\MinimaxTests.cs:line 64&#xD;
   at InvokeStub_MinimaxTests.MinimaxAlgo_WhenMinPlayerFirst_ShouldWork(Object, Span`1)&#xD;
   at System.Reflection.MethodBaseInvoker.InvokeWithFewArgs(Object obj, BindingFlags invokeAttr, Binder binder, Object[] parameters, CultureInfo culture)</StackTrace>
        </ErrorInfo>
      </Output>
    </UnitTestResult>
    <UnitTestResult executionId="a90d55c9-e591-4900-a268-759d3777952b" testId="b9b2942c-33a0-e0da-272f-7d15d5134f8f" testName="MininaxTests.Unit.AlgorithmsTests.FlakyMinimaxTests.FlakyTest_RandomSeed_MayFail" computerName="ACERNITRO5" duration="00:00:00.0002747" startTime="2025-11-24T13:26:34.5349946+01:00" endTime="2025-11-24T13:26:34.5349947+01:00" testType="13cdc9d9-ddb5-4fa4-a97d-d965ccfc6d4b" outcome="Passed" testListId="8c84fa94-04c1-424b-9868-57a2d4851a1d" relativeResultsDirectory="a90d55c9-e591-4900-a268-759d3777952b" />
    <UnitTestResult executionId="db25e35d-279c-477b-a516-f72c73d6be69" testId="ee98f934-2189-c7df-4f9c-36f7295b35c9" testName="MininaxTests.Unit.AlgorithmsTests.FlakyMinimaxTests.FlakyTest_TaskDelayRace_MayFail(delayMs: 5)" computerName="ACERNITRO5" duration="00:00:00.0204482" startTime="2025-11-24T13:26:34.3464282+01:00" endTime="2025-11-24T13:26:34.3464282+01:00" testType="13cdc9d9-ddb5-4fa4-a97d-d965ccfc6d4b" outcome="Passed" testListId="8c84fa94-04c1-424b-9868-57a2d4851a1d" relativeResultsDirectory="db25e35d-279c-477b-a516-f72c73d6be69" />
    <UnitTestResult executionId="d72cf877-3318-4138-b343-8c382cc3cb8d" testId="66b5a6bf-27b3-b59a-13e3-dc52ea6b590a" testName="MininaxTests.Unit.AlgorithmsTests.MinimaxTests.MinimaxAlgo_WhenMaxPlayerFirst_ShouldWork(brancingFactor: 50, levels: 4, algo: ParallelMinimax_ForEach_ChooseLevel { })" computerName="ACERNITRO5" duration="00:00:00.6318315" startTime="2025-11-24T13:26:42.8207637+01:00" endTime="2025-11-24T13:26:42.8207644+01:00" testType="13cdc9d9-ddb5-4fa4-a97d-d965ccfc6d4b" outcome="Passed" testListId="8c84fa94-04c1-424b-9868-57a2d4851a1d" relativeResultsDirectory="d72cf877-3318-4138-b343-8c382cc3cb8d" />
    <UnitTestResult executionId="b3132f2e-ba9b-425c-b713-e63e83d39644" testId="66b5a6bf-27b3-b59a-13e3-dc52ea6b590a" testName="MininaxTests.Unit.AlgorithmsTests.MinimaxTests.MinimaxAlgo_WhenMaxPlayerFirst_ShouldWork(brancingFactor: 2, levels: 20, algo: ParallelMinimax_ForEach_FirstLevel { })" computerName="ACERNITRO5" duration="00:00:00.5560771" startTime="2025-11-24T13:26:40.8400484+01:00" endTime="2025-11-24T13:26:40.8400487+01:00" testType="13cdc9d9-ddb5-4fa4-a97d-d965ccfc6d4b" outcome="Passed" testListId="8c84fa94-04c1-424b-9868-57a2d4851a1d" relativeResultsDirectory="b3132f2e-ba9b-425c-b713-e63e83d39644" />
    <UnitTestResult executionId="8c5a0f94-b96b-40f3-b2ca-ae8eb5e682fa" testId="c1ee103b-9768-30a9-d0da-31299d93b1ab" testName="MininaxTests.Unit.AlgorithmsTests.MinimaxTests.MinimaxAlgo_WhenMinPlayerFirst_ShouldWork(brancingFactor: 2, levels: 2, algo: ParallelMinimax_ForEach_FirstLevel { })" computerName="ACERNITRO5" duration="00:00:00.0010284" startTime="2025-11-24T13:26:35.8883154+01:00" endTime="2025-11-24T13:26:35.8883156+01:00" testType="13cdc9d9-ddb5-4fa4-a97d-d965ccfc6d4b" outcome="Failed" testListId="8c84fa94-04c1-424b-9868-57a2d4851a1d" relativeResultsDirectory="8c5a0f94-b96b-40f3-b2ca-ae8eb5e682fa">
      <Output>
        <ErrorInfo>
          <Message>Assert.Equal() Failure: Values differ&#xD;
Expected: -1&#xD;
Actual:   2</Message>
          <StackTrace>   at MininaxTests.Unit.AlgorithmsTests.MinimaxTests.MinimaxAlgo_WhenMinPlayerFirst_ShouldWork(Int32 brancingFactor, Int32 levels, IMinimax`1 algo) in D:\Old Projects\Minimax\tests\MininaxTests.Unit\AlgorithmsTests\MinimaxTests.cs:line 64&#xD;
   at InvokeStub_MinimaxTests.MinimaxAlgo_WhenMinPlayerFirst_ShouldWork(Object, Span`1)&#xD;
   at System.Reflection.MethodBaseInvoker.InvokeWithFewArgs(Object obj, BindingFlags invokeAttr, Binder binder, Object[] parameters, CultureInfo culture)</StackTrace>
        </ErrorInfo>
      </Output>
    </UnitTestResult>
    <UnitTestResult executionId="38541f81-9870-402a-86f7-afd8a6ee3b66" testId="c1ee103b-9768-30a9-d0da-31299d93b1ab" testName="MininaxTests.Unit.AlgorithmsTests.MinimaxTests.MinimaxAlgo_WhenMinPlayerFirst_ShouldWork(brancingFactor: 1000, levels: 2, algo: ParallelMinimax_ForEach_FirstLevel { })" computerName="ACERNITRO5" duration="00:00:00.1544278" startTime="2025-11-24T13:26:37.3371046+01:00" endTime="2025-11-24T13:26:37.3371048+01:00" testType="13cdc9d9-ddb5-4fa4-a97d-d965ccfc6d4b" outcome="Failed" testListId="8c84fa94-04c1-424b-9868-57a2d4851a1d" relativeResultsDirectory="38541f81-9870-402a-86f7-afd8a6ee3b66">
      <Output>
        <ErrorInfo>
          <Message>Assert.Equal() Failure: Values differ&#xD;
Expected: -1&#xD;
Actual:   1000</Message>
          <StackTrace>   at MininaxTests.Unit.AlgorithmsTests.MinimaxTests.MinimaxAlgo_WhenMinPlayerFirst_ShouldWork(Int32 brancingFactor, Int32 levels, IMinimax`1 algo) in D:\Old Projects\Minimax\tests\MininaxTests.Unit\AlgorithmsTests\MinimaxTests.cs:line 64&#xD;
   at InvokeStub_MinimaxTests.MinimaxAlgo_WhenMinPlayerFirst_ShouldWork(Object, Span`1)&#xD;
   at System.Reflection.MethodBaseInvoker.InvokeWithFewArgs(Object obj, BindingFlags invokeAttr, Binder binder, Object[] parameters, CultureInfo culture)</StackTrace>
        </ErrorInfo>
      </Output>
    </UnitTestResult>
    <UnitTestResult executionId="f110cfe4-e54a-4980-9a68-3b8533f230e7" testId="c1ee103b-9768-30a9-d0da-31299d93b1ab" testName="MininaxTests.Unit.AlgorithmsTests.MinimaxTests.MinimaxAlgo_WhenMinPlayerFirst_ShouldWork(brancingFactor: 1000, levels: 2, algo: SequentialMinimax { })" computerName="ACERNITRO5" duration="00:00:00.0848870" startTime="2025-11-24T13:26:35.8874740+01:00" endTime="2025-11-24T13:26:35.8874741+01:00" testType="13cdc9d9-ddb5-4fa4-a97d-d965ccfc6d4b" outcome="Failed" testListId="8c84fa94-04c1-424b-9868-57a2d4851a1d" relativeResultsDirectory="f110cfe4-e54a-4980-9a68-3b8533f230e7">
      <Output>
        <ErrorInfo>
          <Message>Assert.Equal() Failure: Values differ&#xD;
Expected: -1&#xD;
Actual:   1000</Message>
          <StackTrace>   at MininaxTests.Unit.AlgorithmsTests.MinimaxTests.MinimaxAlgo_WhenMinPlayerFirst_ShouldWork(Int32 brancingFactor, Int32 levels, IMinimax`1 algo) in D:\Old Projects\Minimax\tests\MininaxTests.Unit\AlgorithmsTests\MinimaxTests.cs:line 64&#xD;
   at InvokeStub_MinimaxTests.MinimaxAlgo_WhenMinPlayerFirst_ShouldWork(Object, Span`1)&#xD;
   at System.Reflection.MethodBaseInvoker.InvokeWithFewArgs(Object obj, BindingFlags invokeAttr, Binder binder, Object[] parameters, CultureInfo culture)</StackTrace>
        </ErrorInfo>
      </Output>
    </UnitTestResult>
    <UnitTestResult executionId="4721d304-4550-42d8-8659-d063ff05090a" testId="c1ee103b-9768-30a9-d0da-31299d93b1ab" testName="MininaxTests.Unit.AlgorithmsTests.MinimaxTests.MinimaxAlgo_WhenMinPlayerFirst_ShouldWork(brancingFactor: 50, levels: 4, algo: ParallelMinimax_ForEach_FirstLevel { })" computerName="ACERNITRO5" duration="00:00:00.6198617" startTime="2025-11-24T13:26:37.1041704+01:00" endTime="2025-11-24T13:26:37.1041708+01:00" testType="13cdc9d9-ddb5-4fa4-a97d-d965ccfc6d4b" outcome="Failed" testListId="8c84fa94-04c1-424b-9868-57a2d4851a1d" relativeResultsDirectory="4721d304-4550-42d8-8659-d063ff05090a">
      <Output>
        <ErrorInfo>
          <Message>Assert.Equal() Failure: Values differ&#xD;
Expected: -1&#xD;
Actual:   122550</Message>
          <StackTrace>   at MininaxTests.Unit.AlgorithmsTests.MinimaxTests.MinimaxAlgo_WhenMinPlayerFirst_ShouldWork(Int32 brancingFactor, Int32 levels, IMinimax`1 algo) in D:\Old Projects\Minimax\tests\MininaxTests.Unit\AlgorithmsTests\MinimaxTests.cs:line 64&#xD;
   at InvokeStub_MinimaxTests.MinimaxAlgo_WhenMinPlayerFirst_ShouldWork(Object, Span`1)&#xD;
   at System.Reflection.MethodBaseInvoker.InvokeWithFewArgs(Object obj, BindingFlags invokeAttr, Binder binder, Object[] parameters, CultureInfo culture)</StackTrace>
        </ErrorInfo>
      </Output>
    </UnitTestResult>
    <UnitTestResult executionId="239bff61-28bc-4075-8ecb-dfb69cc567f7" testId="66b5a6bf-27b3-b59a-13e3-dc52ea6b590a" testName="MininaxTests.Unit.AlgorithmsTests.MinimaxTests.MinimaxAlgo_WhenMaxPlayerFirst_ShouldWork(brancingFactor: 2, levels: 2, algo: SequentialMinimax { })" computerName="ACERNITRO5" duration="00:00:00.0001304" startTime="2025-11-24T13:26:38.7504104+01:00" endTime="2025-11-24T13:26:38.7504105+01:00" testType="13cdc9d9-ddb5-4fa4-a97d-d965ccfc6d4b" outcome="Passed" testListId="8c84fa94-04c1-424b-9868-57a2d4851a1d" relativeResultsDirectory="239bff61-28bc-4075-8ecb-dfb69cc567f7" />
  </Results>
  <TestDefinitions>
    <UnitTest name="MininaxTests.Unit.AlgorithmsTests.FlakyMinimaxTests.FlakyTest_RaceCondition_MayFail" storage="d:\old projects\minimax\tests\mininaxtests.unit\bin\debug\net8.0\mininaxtests.unit.dll" id="56310b88-446b-427b-3b6b-d2d1b0d49243">
      <Execution id="1709fc19-66e8-4868-916f-860cbc15dbfe" />
      <TestMethod codeBase="D:\Old Projects\Minimax\tests\MininaxTests.Unit\bin\Debug\net8.0\MininaxTests.Unit.dll" adapterTypeName="executor://xunit/VsTestRunner2/netcoreapp" className="MininaxTests.Unit.AlgorithmsTests.FlakyMinimaxTests" name="FlakyTest_RaceCondition_MayFail" />
    </UnitTest>
    <UnitTest name="MininaxTests.Unit.AlgorithmsTests.FlakyMinimaxTests.FlakyTest_ParallelResultsWithSharedState_MayFail(branchingFactor: 3, levels: 4)" storage="d:\old projects\minimax\tests\mininaxtests.unit\bin\debug\net8.0\mininaxtests.unit.dll" id="0ede4ed3-1d4f-8231-2756-56e8be0a41ec">
      <Execution id="a1f26aa0-80c5-4e8f-832d-56bb4aa668c8" />
      <TestMethod codeBase="D:\Old Projects\Minimax\tests\MininaxTests.Unit\bin\Debug\net8.0\MininaxTests.Unit.dll" adapterTypeName="executor://xunit/VsTestRunner2/netcoreapp" className="MininaxTests.Unit.AlgorithmsTests.FlakyMinimaxTests" name="FlakyTest_ParallelResultsWithSharedState_MayFail" />
    </UnitTest>
    <UnitTest name="MininaxTests.Unit.AlgorithmsTests.FlakyMinimaxTests.FlakyTest_MemoryPressureDependent_MayFail" storage="d:\old projects\minimax\tests\mininaxtests.unit\bin\debug\net8.0\mininaxtests.unit.dll" id="538b25b8-b6d6-c107-3a02-1152d8f49cf1">
      <Execution id="f3cce6be-07b9-46cf-85a6-560f39979fce" />
      <TestMethod codeBase="D:\Old Projects\Minimax\tests\MininaxTests.Unit\bin\Debug\net8.0\MininaxTests.Unit.dll" adapterTypeName="executor://xunit/VsTestRunner2/netcoreapp" className="MininaxTests.Unit.AlgorithmsTests.FlakyMinimaxTests" name="FlakyTest_MemoryPressureDependent_MayFail" />
    </UnitTest>
    <UnitTest name="MininaxTests.Unit.AlgorithmsTests.FlakyMinimaxTests.FlakyTest_TaskDelayRace_MayFail(delayMs: 5)" storage="d:\old projects\minimax\tests\mininaxtests.unit\bin\debug\net8.0\mininaxtests.unit.dll" id="ee98f934-2189-c7df-4f9c-36f7295b35c9">
      <Execution id="db25e35d-279c-477b-a516-f72c73d6be69" />
      <TestMethod codeBase="D:\Old Projects\Minimax\tests\MininaxTests.Unit\bin\Debug\net8.0\MininaxTests.Unit.dll" adapterTypeName="executor://xunit/VsTestRunner2/netcoreapp" className="MininaxTests.Unit.AlgorithmsTests.FlakyMinimaxTests" name="FlakyTest_TaskDelayRace_MayFail" />
    </UnitTest>
    <UnitTest name="MininaxTests.Unit.AlgorithmsTests.FlakyMinimaxTests.FlakyTest_FloatingPointComparison_MayFail" storage="d:\old projects\minimax\tests\mininaxtests.unit\bin\debug\net8.0\mininaxtests.unit.dll" id="ff68cf20-4f6c-3695-9759-570a2747c6c4">
      <Execution id="0e8cd636-7833-411c-8f84-ed0712397425" />
      <TestMethod codeBase="D:\Old Projects\Minimax\tests\MininaxTests.Unit\bin\Debug\net8.0\MininaxTests.Unit.dll" adapterTypeName="executor://xunit/VsTestRunner2/netcoreapp" className="MininaxTests.Unit.AlgorithmsTests.FlakyMinimaxTests" name="FlakyTest_FloatingPointComparison_MayFail" />
    </UnitTest>
    <UnitTest name="MininaxTests.Unit.AlgorithmsTests.FlakyMinimaxTests.FlakyTest_RandomAssertion_MayFail" storage="d:\old projects\minimax\tests\mininaxtests.unit\bin\debug\net8.0\mininaxtests.unit.dll" id="7e0da9ee-8842-0ac0-5323-31ffa45acd1f">
      <Execution id="819af0a9-5d8f-4c55-8cf5-31c09d89f4ae" />
      <TestMethod codeBase="D:\Old Projects\Minimax\tests\MininaxTests.Unit\bin\Debug\net8.0\MininaxTests.Unit.dll" adapterTypeName="executor://xunit/VsTestRunner2/netcoreapp" className="MininaxTests.Unit.AlgorithmsTests.FlakyMinimaxTests" name="FlakyTest_RandomAssertion_MayFail" />
    </UnitTest>
    <UnitTest name="MininaxTests.Unit.AlgorithmsTests.FlakyMinimaxTests.FlakyTest_ParallelResultsWithSharedState_MayFail(branchingFactor: 2, levels: 5)" storage="d:\old projects\minimax\tests\mininaxtests.unit\bin\debug\net8.0\mininaxtests.unit.dll" id="2e3c0228-238a-3db0-10b2-138db65c20eb">
      <Execution id="b37d062c-400e-4fc4-87c5-1892d2411a2e" />
      <TestMethod codeBase="D:\Old Projects\Minimax\tests\MininaxTests.Unit\bin\Debug\net8.0\MininaxTests.Unit.dll" adapterTypeName="executor://xunit/VsTestRunner2/netcoreapp" className="MininaxTests.Unit.AlgorithmsTests.FlakyMinimaxTests" name="FlakyTest_ParallelResultsWithSharedState_MayFail" />
    </UnitTest>
    <UnitTest name="MininaxTests.Unit.AlgorithmsTests.FlakyMinimaxTests.FlakyTest_RandomSeed_MayFail" storage="d:\old projects\minimax\tests\mininaxtests.unit\bin\debug\net8.0\mininaxtests.unit.dll" id="b9b2942c-33a0-e0da-272f-7d15d5134f8f">
      <Execution id="a90d55c9-e591-4900-a268-759d3777952b" />
      <TestMethod codeBase="D:\Old Projects\Minimax\tests\MininaxTests.Unit\bin\Debug\net8.0\MininaxTests.Unit.dll" adapterTypeName="executor://xunit/VsTestRunner2/netcoreapp" className="MininaxTests.Unit.AlgorithmsTests.FlakyMinimaxTests" name="FlakyTest_RandomSeed_MayFail" />
    </UnitTest>
    <UnitTest name="MininaxTests.Unit.AlgorithmsTests.MinimaxTests.MinimaxAlgo_WhenMinPlayerFirst_ShouldWork" storage="d:\old projects\minimax\tests\mininaxtests.unit\bin\debug\net8.0\mininaxtests.unit.dll" id="c1ee103b-9768-30a9-d0da-31299d93b1ab">
      <Execution id="35203929-5c64-40cb-93ec-8965fe785647" />
      <TestMethod codeBase="D:\Old Projects\Minimax\tests\MininaxTests.Unit\bin\Debug\net8.0\MininaxTests.Unit.dll" adapterTypeName="executor://xunit/VsTestRunner2/netcoreapp" className="MininaxTests.Unit.AlgorithmsTests.MinimaxTests" name="MinimaxAlgo_WhenMinPlayerFirst_ShouldWork" />
    </UnitTest>
    <UnitTest name="MininaxTests.Unit.AlgorithmsTests.FlakyMinimaxTests.FlakyTest_DateTimeDependency_MayFail" storage="d:\old projects\minimax\tests\mininaxtests.unit\bin\debug\net8.0\mininaxtests.unit.dll" id="e27deb66-f0e5-37e1-3e9f-5cf156fbcbe4">
      <Execution id="558e4521-a652-4dab-814d-5674e4222d9f" />
      <TestMethod codeBase="D:\Old Projects\Minimax\tests\MininaxTests.Unit\bin\Debug\net8.0\MininaxTests.Unit.dll" adapterTypeName="executor://xunit/VsTestRunner2/netcoreapp" className="MininaxTests.Unit.AlgorithmsTests.FlakyMinimaxTests" name="FlakyTest_DateTimeDependency_MayFail" />
    </UnitTest>
    <UnitTest name="MininaxTests.Unit.AlgorithmsTests.FlakyMinimaxTests.FlakyTest_ParallelResultsWithSharedState_MayFail(branchingFactor: 4, levels: 3)" storage="d:\old projects\minimax\tests\mininaxtests.unit\bin\debug\net8.0\mininaxtests.unit.dll" id="9d8f8dac-b0a3-aed5-3458-2441cc8a2022">
      <Execution id="0b6157d8-b458-4f17-bf5a-89ab594e363c" />
      <TestMethod codeBase="D:\Old Projects\Minimax\tests\MininaxTests.Unit\bin\Debug\net8.0\MininaxTests.Unit.dll" adapterTypeName="executor://xunit/VsTestRunner2/netcoreapp" className="MininaxTests.Unit.AlgorithmsTests.FlakyMinimaxTests" name="FlakyTest_ParallelResultsWithSharedState_MayFail" />
    </UnitTest>
    <UnitTest name="MininaxTests.Unit.AlgorithmsTests.FlakyMinimaxTests.FlakyTest_ThreadSleepTiming_MayFail" storage="d:\old projects\minimax\tests\mininaxtests.unit\bin\debug\net8.0\mininaxtests.unit.dll" id="d69fd164-87fd-a1fb-f42a-ac7613b8afaa">
      <Execution id="74a0ea50-74e3-451c-8851-4be4be254f7b" />
      <TestMethod codeBase="D:\Old Projects\Minimax\tests\MininaxTests.Unit\bin\Debug\net8.0\MininaxTests.Unit.dll" adapterTypeName="executor://xunit/VsTestRunner2/netcoreapp" className="MininaxTests.Unit.AlgorithmsTests.FlakyMinimaxTests" name="FlakyTest_ThreadSleepTiming_MayFail" />
    </UnitTest>
    <UnitTest name="MininaxTests.Unit.AlgorithmsTests.FlakyMinimaxTests.FlakyTest_TimingDependent_MayFail" storage="d:\old projects\minimax\tests\mininaxtests.unit\bin\debug\net8.0\mininaxtests.unit.dll" id="333ed00a-581b-1a53-6852-210c428e0e1e">
      <Execution id="e307142f-907f-430e-8c16-60ddc546d966" />
      <TestMethod codeBase="D:\Old Projects\Minimax\tests\MininaxTests.Unit\bin\Debug\net8.0\MininaxTests.Unit.dll" adapterTypeName="executor://xunit/VsTestRunner2/netcoreapp" className="MininaxTests.Unit.AlgorithmsTests.FlakyMinimaxTests" name="FlakyTest_TimingDependent_MayFail" />
    </UnitTest>
    <UnitTest name="MininaxTests.Unit.AlgorithmsTests.MinimaxTests.MinimaxAlgo_WhenMaxPlayerFirst_ShouldWork" storage="d:\old projects\minimax\tests\mininaxtests.unit\bin\debug\net8.0\mininaxtests.unit.dll" id="66b5a6bf-27b3-b59a-13e3-dc52ea6b590a">
      <Execution id="239bff61-28bc-4075-8ecb-dfb69cc567f7" />
      <TestMethod codeBase="D:\Old Projects\Minimax\tests\MininaxTests.Unit\bin\Debug\net8.0\MininaxTests.Unit.dll" adapterTypeName="executor://xunit/VsTestRunner2/netcoreapp" className="MininaxTests.Unit.AlgorithmsTests.MinimaxTests" name="MinimaxAlgo_WhenMaxPlayerFirst_ShouldWork" />
    </UnitTest>
    <UnitTest name="MininaxTests.Unit.AlgorithmsTests.FlakyMinimaxTests.FlakyTest_TaskDelayRace_MayFail(delayMs: 10)" storage="d:\old projects\minimax\tests\mininaxtests.unit\bin\debug\net8.0\mininaxtests.unit.dll" id="634e10d3-c4db-deb3-d91d-97eff9835fa9">
      <Execution id="d7dd8cb0-0962-4d6d-9d5d-3a7913ebfdf0" />
      <TestMethod codeBase="D:\Old Projects\Minimax\tests\MininaxTests.Unit\bin\Debug\net8.0\MininaxTests.Unit.dll" adapterTypeName="executor://xunit/VsTestRunner2/netcoreapp" className="MininaxTests.Unit.AlgorithmsTests.FlakyMinimaxTests" name="FlakyTest_TaskDelayRace_MayFail" />
    </UnitTest>
    <UnitTest name="MininaxTests.Unit.AlgorithmsTests.FlakyMinimaxTests.FlakyTest_StaticStateCorruption_MayFail" storage="d:\old projects\minimax\tests\mininaxtests.unit\bin\debug\net8.0\mininaxtests.unit.dll" id="9fcf6c62-e9bb-3a50-9702-e3f9f6e6cbd6">
      <Execution id="30eb63b4-3570-4f84-9dd0-128806205df4" />
      <TestMethod codeBase="D:\Old Projects\Minimax\tests\MininaxTests.Unit\bin\Debug\net8.0\MininaxTests.Unit.dll" adapterTypeName="executor://xunit/VsTestRunner2/netcoreapp" className="MininaxTests.Unit.AlgorithmsTests.FlakyMinimaxTests" name="FlakyTest_StaticStateCorruption_MayFail" />
    </UnitTest>
    <UnitTest name="MininaxTests.Unit.AlgorithmsTests.FlakyMinimaxTests.FlakyTest_CollectionModificationDuringIteration_MayFail" storage="d:\old projects\minimax\tests\mininaxtests.unit\bin\debug\net8.0\mininaxtests.unit.dll" id="a3f7626d-02cb-6fa8-b5aa-91ffe225874d">
      <Execution id="ec88fdad-3d44-431d-9d6a-570d24262f15" />
      <TestMethod codeBase="D:\Old Projects\Minimax\tests\MininaxTests.Unit\bin\Debug\net8.0\MininaxTests.Unit.dll" adapterTypeName="executor://xunit/VsTestRunner2/netcoreapp" className="MininaxTests.Unit.AlgorithmsTests.FlakyMinimaxTests" name="FlakyTest_CollectionModificationDuringIteration_MayFail" />
    </UnitTest>
  </TestDefinitions>
  <TestEntries>
    <TestEntry testId="66b5a6bf-27b3-b59a-13e3-dc52ea6b590a" executionId="a93dca60-7313-4377-9bbe-9bb1cb065ee2" testListId="8c84fa94-04c1-424b-9868-57a2d4851a1d" />
    <TestEntry testId="66b5a6bf-27b3-b59a-13e3-dc52ea6b590a" executionId="830c792c-3246-42f2-a647-9d727fa199d7" testListId="8c84fa94-04c1-424b-9868-57a2d4851a1d" />
    <TestEntry testId="a3f7626d-02cb-6fa8-b5aa-91ffe225874d" executionId="ec88fdad-3d44-431d-9d6a-570d24262f15" testListId="8c84fa94-04c1-424b-9868-57a2d4851a1d" />
    <TestEntry testId="0ede4ed3-1d4f-8231-2756-56e8be0a41ec" executionId="a1f26aa0-80c5-4e8f-832d-56bb4aa668c8" testListId="8c84fa94-04c1-424b-9868-57a2d4851a1d" />
    <TestEntry testId="c1ee103b-9768-30a9-d0da-31299d93b1ab" executionId="9842a066-02bb-4b4a-b5c4-e9cb8cd79c12" testListId="8c84fa94-04c1-424b-9868-57a2d4851a1d" />
    <TestEntry testId="66b5a6bf-27b3-b59a-13e3-dc52ea6b590a" executionId="b2fcf377-21c2-45f3-ba95-536e15b528da" testListId="8c84fa94-04c1-424b-9868-57a2d4851a1d" />
    <TestEntry testId="66b5a6bf-27b3-b59a-13e3-dc52ea6b590a" executionId="4cf55fc5-cef1-4ccd-a0c6-ff6ac3aee11f" testListId="8c84fa94-04c1-424b-9868-57a2d4851a1d" />
    <TestEntry testId="56310b88-446b-427b-3b6b-d2d1b0d49243" executionId="1709fc19-66e8-4868-916f-860cbc15dbfe" testListId="8c84fa94-04c1-424b-9868-57a2d4851a1d" />
    <TestEntry testId="66b5a6bf-27b3-b59a-13e3-dc52ea6b590a" executionId="c0ba81c9-632f-43f8-8334-4c00417a1d99" testListId="8c84fa94-04c1-424b-9868-57a2d4851a1d" />
    <TestEntry testId="c1ee103b-9768-30a9-d0da-31299d93b1ab" executionId="9b899a49-a38a-4871-a414-189f9fe2e886" testListId="8c84fa94-04c1-424b-9868-57a2d4851a1d" />
    <TestEntry testId="66b5a6bf-27b3-b59a-13e3-dc52ea6b590a" executionId="2efc1bb1-28eb-4e89-a2d8-82ee054526dc" testListId="8c84fa94-04c1-424b-9868-57a2d4851a1d" />
    <TestEntry testId="66b5a6bf-27b3-b59a-13e3-dc52ea6b590a" executionId="1dc73733-cb5b-40e2-849d-d35d1c6eeed8" testListId="8c84fa94-04c1-424b-9868-57a2d4851a1d" />
    <TestEntry testId="c1ee103b-9768-30a9-d0da-31299d93b1ab" executionId="35203929-5c64-40cb-93ec-8965fe785647" testListId="8c84fa94-04c1-424b-9868-57a2d4851a1d" />
    <TestEntry testId="9fcf6c62-e9bb-3a50-9702-e3f9f6e6cbd6" executionId="30eb63b4-3570-4f84-9dd0-128806205df4" testListId="8c84fa94-04c1-424b-9868-57a2d4851a1d" />
    <TestEntry testId="c1ee103b-9768-30a9-d0da-31299d93b1ab" executionId="27d08259-2760-409c-85ad-2a366d9de328" testListId="8c84fa94-04c1-424b-9868-57a2d4851a1d" />
    <TestEntry testId="538b25b8-b6d6-c107-3a02-1152d8f49cf1" executionId="f3cce6be-07b9-46cf-85a6-560f39979fce" testListId="8c84fa94-04c1-424b-9868-57a2d4851a1d" />
    <TestEntry testId="66b5a6bf-27b3-b59a-13e3-dc52ea6b590a" executionId="75fac295-e8f8-4b28-86a4-e20ee8d7a41d" testListId="8c84fa94-04c1-424b-9868-57a2d4851a1d" />
    <TestEntry testId="66b5a6bf-27b3-b59a-13e3-dc52ea6b590a" executionId="1f6ec894-e82e-4a73-be1c-36b167b6eeed" testListId="8c84fa94-04c1-424b-9868-57a2d4851a1d" />
    <TestEntry testId="c1ee103b-9768-30a9-d0da-31299d93b1ab" executionId="02d59aee-482c-4942-af11-ae8d2610703d" testListId="8c84fa94-04c1-424b-9868-57a2d4851a1d" />
    <TestEntry testId="66b5a6bf-27b3-b59a-13e3-dc52ea6b590a" executionId="ded0c0bf-3db6-49c6-9f7f-2f50e805e21c" testListId="8c84fa94-04c1-424b-9868-57a2d4851a1d" />
    <TestEntry testId="66b5a6bf-27b3-b59a-13e3-dc52ea6b590a" executionId="2f37c6c3-c303-40c6-8a54-309d3cc9c724" testListId="8c84fa94-04c1-424b-9868-57a2d4851a1d" />
    <TestEntry testId="c1ee103b-9768-30a9-d0da-31299d93b1ab" executionId="b099267a-ba70-48d1-b8d9-505da5c38487" testListId="8c84fa94-04c1-424b-9868-57a2d4851a1d" />
    <TestEntry testId="66b5a6bf-27b3-b59a-13e3-dc52ea6b590a" executionId="758625d9-acaa-49db-a1a7-4cc6b3156998" testListId="8c84fa94-04c1-424b-9868-57a2d4851a1d" />
    <TestEntry testId="9d8f8dac-b0a3-aed5-3458-2441cc8a2022" executionId="0b6157d8-b458-4f17-bf5a-89ab594e363c" testListId="8c84fa94-04c1-424b-9868-57a2d4851a1d" />
    <TestEntry testId="634e10d3-c4db-deb3-d91d-97eff9835fa9" executionId="d7dd8cb0-0962-4d6d-9d5d-3a7913ebfdf0" testListId="8c84fa94-04c1-424b-9868-57a2d4851a1d" />
    <TestEntry testId="c1ee103b-9768-30a9-d0da-31299d93b1ab" executionId="85b29032-0349-40f6-8f1f-a6dfc1f16383" testListId="8c84fa94-04c1-424b-9868-57a2d4851a1d" />
    <TestEntry testId="66b5a6bf-27b3-b59a-13e3-dc52ea6b590a" executionId="8037e54d-b2e8-487c-a747-3f9333ffa636" testListId="8c84fa94-04c1-424b-9868-57a2d4851a1d" />
    <TestEntry testId="c1ee103b-9768-30a9-d0da-31299d93b1ab" executionId="7bc24366-ae5f-49bc-84ae-ad09ac26b658" testListId="8c84fa94-04c1-424b-9868-57a2d4851a1d" />
    <TestEntry testId="2e3c0228-238a-3db0-10b2-138db65c20eb" executionId="b37d062c-400e-4fc4-87c5-1892d2411a2e" testListId="8c84fa94-04c1-424b-9868-57a2d4851a1d" />
    <TestEntry testId="ff68cf20-4f6c-3695-9759-570a2747c6c4" executionId="0e8cd636-7833-411c-8f84-ed0712397425" testListId="8c84fa94-04c1-424b-9868-57a2d4851a1d" />
    <TestEntry testId="c1ee103b-9768-30a9-d0da-31299d93b1ab" executionId="fb6f2edb-e963-45de-9822-320a6bc5d209" testListId="8c84fa94-04c1-424b-9868-57a2d4851a1d" />
    <TestEntry testId="c1ee103b-9768-30a9-d0da-31299d93b1ab" executionId="d98ac9dd-a854-43f2-a38d-6d5e53d418bc" testListId="8c84fa94-04c1-424b-9868-57a2d4851a1d" />
    <TestEntry testId="d69fd164-87fd-a1fb-f42a-ac7613b8afaa" executionId="74a0ea50-74e3-451c-8851-4be4be254f7b" testListId="8c84fa94-04c1-424b-9868-57a2d4851a1d" />
    <TestEntry testId="c1ee103b-9768-30a9-d0da-31299d93b1ab" executionId="dce83aa6-afb2-4a28-af7e-7781103f7169" testListId="8c84fa94-04c1-424b-9868-57a2d4851a1d" />
    <TestEntry testId="333ed00a-581b-1a53-6852-210c428e0e1e" executionId="e307142f-907f-430e-8c16-60ddc546d966" testListId="8c84fa94-04c1-424b-9868-57a2d4851a1d" />
    <TestEntry testId="66b5a6bf-27b3-b59a-13e3-dc52ea6b590a" executionId="6351565a-5f5d-4292-9305-8ae5333accfd" testListId="8c84fa94-04c1-424b-9868-57a2d4851a1d" />
    <TestEntry testId="66b5a6bf-27b3-b59a-13e3-dc52ea6b590a" executionId="915e197e-5834-4960-871a-46cd69ecde7c" testListId="8c84fa94-04c1-424b-9868-57a2d4851a1d" />
    <TestEntry testId="c1ee103b-9768-30a9-d0da-31299d93b1ab" executionId="a1b0bdd6-2aa6-4044-90ec-561aa90a3736" testListId="8c84fa94-04c1-424b-9868-57a2d4851a1d" />
    <TestEntry testId="e27deb66-f0e5-37e1-3e9f-5cf156fbcbe4" executionId="558e4521-a652-4dab-814d-5674e4222d9f" testListId="8c84fa94-04c1-424b-9868-57a2d4851a1d" />
    <TestEntry testId="7e0da9ee-8842-0ac0-5323-31ffa45acd1f" executionId="819af0a9-5d8f-4c55-8cf5-31c09d89f4ae" testListId="8c84fa94-04c1-424b-9868-57a2d4851a1d" />
    <TestEntry testId="c1ee103b-9768-30a9-d0da-31299d93b1ab" executionId="b79a0782-53aa-487f-9215-e5cdcb6cbafe" testListId="8c84fa94-04c1-424b-9868-57a2d4851a1d" />
    <TestEntry testId="c1ee103b-9768-30a9-d0da-31299d93b1ab" executionId="d3b4a901-603a-4b16-853d-4cb491c97e43" testListId="8c84fa94-04c1-424b-9868-57a2d4851a1d" />
    <TestEntry testId="b9b2942c-33a0-e0da-272f-7d15d5134f8f" executionId="a90d55c9-e591-4900-a268-759d3777952b" testListId="8c84fa94-04c1-424b-9868-57a2d4851a1d" />
    <TestEntry testId="ee98f934-2189-c7df-4f9c-36f7295b35c9" executionId="db25e35d-279c-477b-a516-f72c73d6be69" testListId="8c84fa94-04c1-424b-9868-57a2d4851a1d" />
    <TestEntry testId="66b5a6bf-27b3-b59a-13e3-dc52ea6b590a" executionId="d72cf877-3318-4138-b343-8c382cc3cb8d" testListId="8c84fa94-04c1-424b-9868-57a2d4851a1d" />
    <TestEntry testId="66b5a6bf-27b3-b59a-13e3-dc52ea6b590a" executionId="b3132f2e-ba9b-425c-b713-e63e83d39644" testListId="8c84fa94-04c1-424b-9868-57a2d4851a1d" />
    <TestEntry testId="c1ee103b-9768-30a9-d0da-31299d93b1ab" executionId="8c5a0f94-b96b-40f3-b2ca-ae8eb5e682fa" testListId="8c84fa94-04c1-424b-9868-57a2d4851a1d" />
    <TestEntry testId="c1ee103b-9768-30a9-d0da-31299d93b1ab" executionId="38541f81-9870-402a-86f7-afd8a6ee3b66" testListId="8c84fa94-04c1-424b-9868-57a2d4851a1d" />
    <TestEntry testId="c1ee103b-9768-30a9-d0da-31299d93b1ab" executionId="f110cfe4-e54a-4980-9a68-3b8533f230e7" testListId="8c84fa94-04c1-424b-9868-57a2d4851a1d" />
    <TestEntry testId="c1ee103b-9768-30a9-d0da-31299d93b1ab" executionId="4721d304-4550-42d8-8659-d063ff05090a" testListId="8c84fa94-04c1-424b-9868-57a2d4851a1d" />
    <TestEntry testId="66b5a6bf-27b3-b59a-13e3-dc52ea6b590a" executionId="239bff61-28bc-4075-8ecb-dfb69cc567f7" testListId="8c84fa94-04c1-424b-9868-57a2d4851a1d" />
  </TestEntries>
  <TestLists>
    <TestList name="Results Not in a List" id="8c84fa94-04c1-424b-9868-57a2d4851a1d" />
    <TestList name="All Loaded Results" id="19431567-8539-422a-85d7-44ee4e166bda" />
  </TestLists>
  <ResultSummary outcome="Failed">
    <Counters total="51" executed="51" passed="31" failed="20" error="0" timeout="0" aborted="0" inconclusive="0" passedButRunAborted="0" notRunnable="0" notExecuted="0" disconnected="0" warning="0" completed="0" inProgress="0" pending="0" />
    <Output>
      <StdOut>[xUnit.net 00:00:00.00] xUnit.net VSTest Adapter v2.5.3.1+6b60a9e56a (64-bit .NET 8.0.22)&#xD;
[xUnit.net 00:00:00.06]   Discovering: MininaxTests.Unit&#xD;
[xUnit.net 00:00:00.10]   Discovered:  MininaxTests.Unit&#xD;
[xUnit.net 00:00:00.10]   Starting:    MininaxTests.Unit&#xD;
[xUnit.net 00:00:00.16]       Assert.Equal() Failure: Values differ&#xD;
[xUnit.net 00:00:00.16]       Expected: -1&#xD;
[xUnit.net 00:00:00.16]       Actual:   2&#xD;
[xUnit.net 00:00:00.16]       Stack Trace:&#xD;
[xUnit.net 00:00:00.16]         D:\Old Projects\Minimax\tests\MininaxTests.Unit\AlgorithmsTests\MinimaxTests.cs(64,0): at MininaxTests.Unit.AlgorithmsTests.MinimaxTests.MinimaxAlgo_WhenMinPlayerFirst_ShouldWork(Int32 brancingFactor, Int32 levels, IMinimax`1 algo)&#xD;
[xUnit.net 00:00:00.16]            at System.RuntimeMethodHandle.InvokeMethod(Object target, Void** arguments, Signature sig, Boolean isConstructor)&#xD;
[xUnit.net 00:00:00.16]            at System.Reflection.MethodBaseInvoker.InvokeDirectByRefWithFewArgs(Object obj, Span`1 copyOfArgs, BindingFlags invokeAttr)&#xD;
[xUnit.net 00:00:00.16]       Assert.Equal() Failure: Values differ&#xD;
[xUnit.net 00:00:00.16]       Expected: -1&#xD;
[xUnit.net 00:00:00.16]       Actual:   342&#xD;
[xUnit.net 00:00:00.16]       Stack Trace:&#xD;
[xUnit.net 00:00:00.16]         D:\Old Projects\Minimax\tests\MininaxTests.Unit\AlgorithmsTests\MinimaxTests.cs(64,0): at MininaxTests.Unit.AlgorithmsTests.MinimaxTests.MinimaxAlgo_WhenMinPlayerFirst_ShouldWork(Int32 brancingFactor, Int32 levels, IMinimax`1 algo)&#xD;
[xUnit.net 00:00:00.16]            at InvokeStub_MinimaxTests.MinimaxAlgo_WhenMinPlayerFirst_ShouldWork(Object, Span`1)&#xD;
[xUnit.net 00:00:00.17]            at System.Reflection.MethodBaseInvoker.InvokeWithFewArgs(Object obj, BindingFlags invokeAttr, Binder binder, Object[] parameters, CultureInfo culture)&#xD;
[xUnit.net 00:00:00.36]       Assert.Equal() Failure: Values differ&#xD;
[xUnit.net 00:00:00.36]       Expected: 2&#xD;
[xUnit.net 00:00:00.36]       Actual:   1&#xD;
[xUnit.net 00:00:00.36]       Stack Trace:&#xD;
[xUnit.net 00:00:00.36]         D:\Old Projects\Minimax\tests\MininaxTests.Unit\AlgorithmsTests\FlakyMinimaxTests.cs(130,0): at MininaxTests.Unit.AlgorithmsTests.FlakyMinimaxTests.FlakyTest_ParallelResultsWithSharedState_MayFail(Int32 branchingFactor, Int32 levels)&#xD;
[xUnit.net 00:00:00.36]            at InvokeStub_FlakyMinimaxTests.FlakyTest_ParallelResultsWithSharedState_MayFail(Object, Span`1)&#xD;
[xUnit.net 00:00:00.36]            at System.Reflection.MethodBaseInvoker.InvokeWithFewArgs(Object obj, BindingFlags invokeAttr, Binder binder, Object[] parameters, CultureInfo culture)&#xD;
[xUnit.net 00:00:00.36]       Expected computation to complete in time!&#xD;
[xUnit.net 00:00:00.36]       Stack Trace:&#xD;
[xUnit.net 00:00:00.36]         D:\Old Projects\Minimax\tests\MininaxTests.Unit\AlgorithmsTests\FlakyMinimaxTests.cs(190,0): at MininaxTests.Unit.AlgorithmsTests.FlakyMinimaxTests.FlakyTest_TaskDelayRace_MayFail(Int32 delayMs)&#xD;
[xUnit.net 00:00:00.36]            at InvokeStub_FlakyMinimaxTests.FlakyTest_TaskDelayRace_MayFail(Object, Span`1)&#xD;
[xUnit.net 00:00:00.36]            at System.Reflection.MethodBaseInvoker.InvokeWithOneArg(Object obj, BindingFlags invokeAttr, Binder binder, Object[] parameters, CultureInfo culture)&#xD;
[xUnit.net 00:00:00.94]       Assert.Equal() Failure: Values differ&#xD;
[xUnit.net 00:00:00.94]       Expected: -1&#xD;
[xUnit.net 00:00:00.94]       Actual:   349526&#xD;
[xUnit.net 00:00:00.94]       Stack Trace:&#xD;
[xUnit.net 00:00:00.94]         D:\Old Projects\Minimax\tests\MininaxTests.Unit\AlgorithmsTests\MinimaxTests.cs(64,0): at MininaxTests.Unit.AlgorithmsTests.MinimaxTests.MinimaxAlgo_WhenMinPlayerFirst_ShouldWork(Int32 brancingFactor, Int32 levels, IMinimax`1 algo)&#xD;
[xUnit.net 00:00:00.94]            at InvokeStub_MinimaxTests.MinimaxAlgo_WhenMinPlayerFirst_ShouldWork(Object, Span`1)&#xD;
[xUnit.net 00:00:00.94]            at System.Reflection.MethodBaseInvoker.InvokeWithFewArgs(Object obj, BindingFlags invokeAttr, Binder binder, Object[] parameters, CultureInfo culture)&#xD;
[xUnit.net 00:00:01.73]       Assert.Equal() Failure: Values differ&#xD;
[xUnit.net 00:00:01.73]       Expected: -1&#xD;
[xUnit.net 00:00:01.73]       Actual:   122550&#xD;
[xUnit.net 00:00:01.73]       Stack Trace:&#xD;
[xUnit.net 00:00:01.73]         D:\Old Projects\Minimax\tests\MininaxTests.Unit\AlgorithmsTests\MinimaxTests.cs(64,0): at MininaxTests.Unit.AlgorithmsTests.MinimaxTests.MinimaxAlgo_WhenMinPlayerFirst_ShouldWork(Int32 brancingFactor, Int32 levels, IMinimax`1 algo)&#xD;
[xUnit.net 00:00:01.73]            at InvokeStub_MinimaxTests.MinimaxAlgo_WhenMinPlayerFirst_ShouldWork(Object, Span`1)&#xD;
[xUnit.net 00:00:01.73]            at System.Reflection.MethodBaseInvoker.InvokeWithFewArgs(Object obj, BindingFlags invokeAttr, Binder binder, Object[] parameters, CultureInfo culture)&#xD;
[xUnit.net 00:00:01.82]       Assert.Equal() Failure: Values differ&#xD;
[xUnit.net 00:00:01.82]       Expected: -1&#xD;
[xUnit.net 00:00:01.82]       Actual:   9901&#xD;
[xUnit.net 00:00:01.82]       Stack Trace:&#xD;
[xUnit.net 00:00:01.82]         D:\Old Projects\Minimax\tests\MininaxTests.Unit\AlgorithmsTests\MinimaxTests.cs(64,0): at MininaxTests.Unit.AlgorithmsTests.MinimaxTests.MinimaxAlgo_WhenMinPlayerFirst_ShouldWork(Int32 brancingFactor, Int32 levels, IMinimax`1 algo)&#xD;
[xUnit.net 00:00:01.82]            at InvokeStub_MinimaxTests.MinimaxAlgo_WhenMinPlayerFirst_ShouldWork(Object, Span`1)&#xD;
[xUnit.net 00:00:01.82]            at System.Reflection.MethodBaseInvoker.InvokeWithFewArgs(Object obj, BindingFlags invokeAttr, Binder binder, Object[] parameters, CultureInfo culture)&#xD;
[xUnit.net 00:00:01.90]       Assert.Equal() Failure: Values differ&#xD;
[xUnit.net 00:00:01.90]       Expected: -1&#xD;
[xUnit.net 00:00:01.90]       Actual:   1000&#xD;
[xUnit.net 00:00:01.90]       Stack Trace:&#xD;
[xUnit.net 00:00:01.90]         D:\Old Projects\Minimax\tests\MininaxTests.Unit\AlgorithmsTests\MinimaxTests.cs(64,0): at MininaxTests.Unit.AlgorithmsTests.MinimaxTests.MinimaxAlgo_WhenMinPlayerFirst_ShouldWork(Int32 brancingFactor, Int32 levels, IMinimax`1 algo)&#xD;
[xUnit.net 00:00:01.90]            at InvokeStub_MinimaxTests.MinimaxAlgo_WhenMinPlayerFirst_ShouldWork(Object, Span`1)&#xD;
[xUnit.net 00:00:01.90]            at System.Reflection.MethodBaseInvoker.InvokeWithFewArgs(Object obj, BindingFlags invokeAttr, Binder binder, Object[] parameters, CultureInfo culture)&#xD;
[xUnit.net 00:00:01.90]       Assert.Equal() Failure: Values differ&#xD;
[xUnit.net 00:00:01.90]       Expected: -1&#xD;
[xUnit.net 00:00:01.90]       Actual:   2&#xD;
[xUnit.net 00:00:01.90]       Stack Trace:&#xD;
[xUnit.net 00:00:01.90]         D:\Old Projects\Minimax\tests\MininaxTests.Unit\AlgorithmsTests\MinimaxTests.cs(64,0): at MininaxTests.Unit.AlgorithmsTests.MinimaxTests.MinimaxAlgo_WhenMinPlayerFirst_ShouldWork(Int32 brancingFactor, Int32 levels, IMinimax`1 algo)&#xD;
[xUnit.net 00:00:01.90]            at InvokeStub_MinimaxTests.MinimaxAlgo_WhenMinPlayerFirst_ShouldWork(Object, Span`1)&#xD;
[xUnit.net 00:00:01.90]            at System.Reflection.MethodBaseInvoker.InvokeWithFewArgs(Object obj, BindingFlags invokeAttr, Binder binder, Object[] parameters, CultureInfo culture)&#xD;
[xUnit.net 00:00:01.90]       Assert.Equal() Failure: Values differ&#xD;
[xUnit.net 00:00:01.90]       Expected: -1&#xD;
[xUnit.net 00:00:01.90]       Actual:   342&#xD;
[xUnit.net 00:00:01.90]       Stack Trace:&#xD;
[xUnit.net 00:00:01.90]         D:\Old Projects\Minimax\tests\MininaxTests.Unit\AlgorithmsTests\MinimaxTests.cs(64,0): at MininaxTests.Unit.AlgorithmsTests.MinimaxTests.MinimaxAlgo_WhenMinPlayerFirst_ShouldWork(Int32 brancingFactor, Int32 levels, IMinimax`1 algo)&#xD;
[xUnit.net 00:00:01.90]            at InvokeStub_MinimaxTests.MinimaxAlgo_WhenMinPlayerFirst_ShouldWork(Object, Span`1)&#xD;
[xUnit.net 00:00:01.90]            at System.Reflection.MethodBaseInvoker.InvokeWithFewArgs(Object obj, BindingFlags invokeAttr, Binder binder, Object[] parameters, CultureInfo culture)&#xD;
[xUnit.net 00:00:02.50]       Assert.Equal() Failure: Values differ&#xD;
[xUnit.net 00:00:02.50]       Expected: -1&#xD;
[xUnit.net 00:00:02.50]       Actual:   349526&#xD;
[xUnit.net 00:00:02.50]       Stack Trace:&#xD;
[xUnit.net 00:00:02.50]         D:\Old Projects\Minimax\tests\MininaxTests.Unit\AlgorithmsTests\MinimaxTests.cs(64,0): at MininaxTests.Unit.AlgorithmsTests.MinimaxTests.MinimaxAlgo_WhenMinPlayerFirst_ShouldWork(Int32 brancingFactor, Int32 levels, IMinimax`1 algo)&#xD;
[xUnit.net 00:00:02.50]            at InvokeStub_MinimaxTests.MinimaxAlgo_WhenMinPlayerFirst_ShouldWork(Object, Span`1)&#xD;
[xUnit.net 00:00:02.50]            at System.Reflection.MethodBaseInvoker.InvokeWithFewArgs(Object obj, BindingFlags invokeAttr, Binder binder, Object[] parameters, CultureInfo culture)&#xD;
[xUnit.net 00:00:03.12]       Assert.Equal() Failure: Values differ&#xD;
[xUnit.net 00:00:03.12]       Expected: -1&#xD;
[xUnit.net 00:00:03.12]       Actual:   122550&#xD;
[xUnit.net 00:00:03.12]       Stack Trace:&#xD;
[xUnit.net 00:00:03.12]         D:\Old Projects\Minimax\tests\MininaxTests.Unit\AlgorithmsTests\MinimaxTests.cs(64,0): at MininaxTests.Unit.AlgorithmsTests.MinimaxTests.MinimaxAlgo_WhenMinPlayerFirst_ShouldWork(Int32 brancingFactor, Int32 levels, IMinimax`1 algo)&#xD;
[xUnit.net 00:00:03.12]            at InvokeStub_MinimaxTests.MinimaxAlgo_WhenMinPlayerFirst_ShouldWork(Object, Span`1)&#xD;
[xUnit.net 00:00:03.12]            at System.Reflection.MethodBaseInvoker.InvokeWithFewArgs(Object obj, BindingFlags invokeAttr, Binder binder, Object[] parameters, CultureInfo culture)&#xD;
[xUnit.net 00:00:03.20]       Assert.Equal() Failure: Values differ&#xD;
[xUnit.net 00:00:03.20]       Expected: -1&#xD;
[xUnit.net 00:00:03.20]       Actual:   9901&#xD;
[xUnit.net 00:00:03.20]       Stack Trace:&#xD;
[xUnit.net 00:00:03.20]         D:\Old Projects\Minimax\tests\MininaxTests.Unit\AlgorithmsTests\MinimaxTests.cs(64,0): at MininaxTests.Unit.AlgorithmsTests.MinimaxTests.MinimaxAlgo_WhenMinPlayerFirst_ShouldWork(Int32 brancingFactor, Int32 levels, IMinimax`1 algo)&#xD;
[xUnit.net 00:00:03.20]            at InvokeStub_MinimaxTests.MinimaxAlgo_WhenMinPlayerFirst_ShouldWork(Object, Span`1)&#xD;
[xUnit.net 00:00:03.20]            at System.Reflection.MethodBaseInvoker.InvokeWithFewArgs(Object obj, BindingFlags invokeAttr, Binder binder, Object[] parameters, CultureInfo culture)&#xD;
[xUnit.net 00:00:03.35]       Assert.Equal() Failure: Values differ&#xD;
[xUnit.net 00:00:03.35]       Expected: -1&#xD;
[xUnit.net 00:00:03.35]       Actual:   1000&#xD;
[xUnit.net 00:00:03.35]       Stack Trace:&#xD;
[xUnit.net 00:00:03.35]         D:\Old Projects\Minimax\tests\MininaxTests.Unit\AlgorithmsTests\MinimaxTests.cs(64,0): at MininaxTests.Unit.AlgorithmsTests.MinimaxTests.MinimaxAlgo_WhenMinPlayerFirst_ShouldWork(Int32 brancingFactor, Int32 levels, IMinimax`1 algo)&#xD;
[xUnit.net 00:00:03.35]            at InvokeStub_MinimaxTests.MinimaxAlgo_WhenMinPlayerFirst_ShouldWork(Object, Span`1)&#xD;
[xUnit.net 00:00:03.35]            at System.Reflection.MethodBaseInvoker.InvokeWithFewArgs(Object obj, BindingFlags invokeAttr, Binder binder, Object[] parameters, CultureInfo culture)&#xD;
[xUnit.net 00:00:03.35]       Assert.Equal() Failure: Values differ&#xD;
[xUnit.net 00:00:03.35]       Expected: -1&#xD;
[xUnit.net 00:00:03.35]       Actual:   2&#xD;
[xUnit.net 00:00:03.35]       Stack Trace:&#xD;
[xUnit.net 00:00:03.35]         D:\Old Projects\Minimax\tests\MininaxTests.Unit\AlgorithmsTests\MinimaxTests.cs(64,0): at MininaxTests.Unit.AlgorithmsTests.MinimaxTests.MinimaxAlgo_WhenMinPlayerFirst_ShouldWork(Int32 brancingFactor, Int32 levels, IMinimax`1 algo)&#xD;
[xUnit.net 00:00:03.35]            at InvokeStub_MinimaxTests.MinimaxAlgo_WhenMinPlayerFirst_ShouldWork(Object, Span`1)&#xD;
[xUnit.net 00:00:03.35]            at System.Reflection.MethodBaseInvoker.InvokeWithFewArgs(Object obj, BindingFlags invokeAttr, Binder binder, Object[] parameters, CultureInfo culture)&#xD;
[xUnit.net 00:00:03.35]       Assert.Equal() Failure: Values differ&#xD;
[xUnit.net 00:00:03.35]       Expected: -1&#xD;
[xUnit.net 00:00:03.35]       Actual:   342&#xD;
[xUnit.net 00:00:03.35]       Stack Trace:&#xD;
[xUnit.net 00:00:03.35]         D:\Old Projects\Minimax\tests\MininaxTests.Unit\AlgorithmsTests\MinimaxTests.cs(64,0): at MininaxTests.Unit.AlgorithmsTests.MinimaxTests.MinimaxAlgo_WhenMinPlayerFirst_ShouldWork(Int32 brancingFactor, Int32 levels, IMinimax`1 algo)&#xD;
[xUnit.net 00:00:03.35]            at InvokeStub_MinimaxTests.MinimaxAlgo_WhenMinPlayerFirst_ShouldWork(Object, Span`1)&#xD;
[xUnit.net 00:00:03.35]            at System.Reflection.MethodBaseInvoker.InvokeWithFewArgs(Object obj, BindingFlags invokeAttr, Binder binder, Object[] parameters, CultureInfo culture)&#xD;
[xUnit.net 00:00:03.88]       Assert.Equal() Failure: Values differ&#xD;
[xUnit.net 00:00:03.88]       Expected: -1&#xD;
[xUnit.net 00:00:03.88]       Actual:   349526&#xD;
[xUnit.net 00:00:03.88]       Stack Trace:&#xD;
[xUnit.net 00:00:03.88]         D:\Old Projects\Minimax\tests\MininaxTests.Unit\AlgorithmsTests\MinimaxTests.cs(64,0): at MininaxTests.Unit.AlgorithmsTests.MinimaxTests.MinimaxAlgo_WhenMinPlayerFirst_ShouldWork(Int32 brancingFactor, Int32 levels, IMinimax`1 algo)&#xD;
[xUnit.net 00:00:03.88]            at InvokeStub_MinimaxTests.MinimaxAlgo_WhenMinPlayerFirst_ShouldWork(Object, Span`1)&#xD;
[xUnit.net 00:00:03.88]            at System.Reflection.MethodBaseInvoker.InvokeWithFewArgs(Object obj, BindingFlags invokeAttr, Binder binder, Object[] parameters, CultureInfo culture)&#xD;
[xUnit.net 00:00:04.52]       Assert.Equal() Failure: Values differ&#xD;
[xUnit.net 00:00:04.52]       Expected: -1&#xD;
[xUnit.net 00:00:04.52]       Actual:   122550&#xD;
[xUnit.net 00:00:04.52]       Stack Trace:&#xD;
[xUnit.net 00:00:04.52]         D:\Old Projects\Minimax\tests\MininaxTests.Unit\AlgorithmsTests\MinimaxTests.cs(64,0): at MininaxTests.Unit.AlgorithmsTests.MinimaxTests.MinimaxAlgo_WhenMinPlayerFirst_ShouldWork(Int32 brancingFactor, Int32 levels, IMinimax`1 algo)&#xD;
[xUnit.net 00:00:04.52]            at InvokeStub_MinimaxTests.MinimaxAlgo_WhenMinPlayerFirst_ShouldWork(Object, Span`1)&#xD;
[xUnit.net 00:00:04.52]            at System.Reflection.MethodBaseInvoker.InvokeWithFewArgs(Object obj, BindingFlags invokeAttr, Binder binder, Object[] parameters, CultureInfo culture)&#xD;
[xUnit.net 00:00:04.64]       Assert.Equal() Failure: Values differ&#xD;
[xUnit.net 00:00:04.64]       Expected: -1&#xD;
[xUnit.net 00:00:04.64]       Actual:   9901&#xD;
[xUnit.net 00:00:04.64]       Stack Trace:&#xD;
[xUnit.net 00:00:04.64]         D:\Old Projects\Minimax\tests\MininaxTests.Unit\AlgorithmsTests\MinimaxTests.cs(64,0): at MininaxTests.Unit.AlgorithmsTests.MinimaxTests.MinimaxAlgo_WhenMinPlayerFirst_ShouldWork(Int32 brancingFactor, Int32 levels, IMinimax`1 algo)&#xD;
[xUnit.net 00:00:04.64]            at InvokeStub_MinimaxTests.MinimaxAlgo_WhenMinPlayerFirst_ShouldWork(Object, Span`1)&#xD;
[xUnit.net 00:00:04.64]            at System.Reflection.MethodBaseInvoker.InvokeWithFewArgs(Object obj, BindingFlags invokeAttr, Binder binder, Object[] parameters, CultureInfo culture)&#xD;
[xUnit.net 00:00:04.76]       Assert.Equal() Failure: Values differ&#xD;
[xUnit.net 00:00:04.76]       Expected: -1&#xD;
[xUnit.net 00:00:04.76]       Actual:   1000&#xD;
[xUnit.net 00:00:04.76]       Stack Trace:&#xD;
[xUnit.net 00:00:04.76]         D:\Old Projects\Minimax\tests\MininaxTests.Unit\AlgorithmsTests\MinimaxTests.cs(64,0): at MininaxTests.Unit.AlgorithmsTests.MinimaxTests.MinimaxAlgo_WhenMinPlayerFirst_ShouldWork(Int32 brancingFactor, Int32 levels, IMinimax`1 algo)&#xD;
[xUnit.net 00:00:04.76]            at InvokeStub_MinimaxTests.MinimaxAlgo_WhenMinPlayerFirst_ShouldWork(Object, Span`1)&#xD;
[xUnit.net 00:00:04.76]            at System.Reflection.MethodBaseInvoker.InvokeWithFewArgs(Object obj, BindingFlags invokeAttr, Binder binder, Object[] parameters, CultureInfo culture)&#xD;
[xUnit.net 00:00:08.99]   Finished:    MininaxTests.Unit&#xD;
</StdOut>
    </Output>
    <RunInfos>
      <RunInfo computerName="ACERNITRO5" outcome="Error" timestamp="2025-11-24T13:26:34.1450276+01:00">
        <Text>[xUnit.net 00:00:00.16]     MininaxTests.Unit.AlgorithmsTests.MinimaxTests.MinimaxAlgo_WhenMinPlayerFirst_ShouldWork(brancingFactor: 2, levels: 2, algo: SequentialMinimax { }) [FAIL]</Text>
      </RunInfo>
      <RunInfo computerName="ACERNITRO5" outcome="Error" timestamp="2025-11-24T13:26:34.1464145+01:00">
        <Text>[xUnit.net 00:00:00.16]     MininaxTests.Unit.AlgorithmsTests.MinimaxTests.MinimaxAlgo_WhenMinPlayerFirst_ShouldWork(brancingFactor: 2, levels: 10, algo: SequentialMinimax { }) [FAIL]</Text>
      </RunInfo>
      <RunInfo computerName="ACERNITRO5" outcome="Error" timestamp="2025-11-24T13:26:34.3863528+01:00">
        <Text>[xUnit.net 00:00:00.36]     MininaxTests.Unit.AlgorithmsTests.FlakyMinimaxTests.FlakyTest_ParallelResultsWithSharedState_MayFail(branchingFactor: 3, levels: 4) [FAIL]</Text>
      </RunInfo>
      <RunInfo computerName="ACERNITRO5" outcome="Error" timestamp="2025-11-24T13:26:34.3865529+01:00">
        <Text>[xUnit.net 00:00:00.36]     MininaxTests.Unit.AlgorithmsTests.FlakyMinimaxTests.FlakyTest_TaskDelayRace_MayFail(delayMs: 10) [FAIL]</Text>
      </RunInfo>
      <RunInfo computerName="ACERNITRO5" outcome="Error" timestamp="2025-11-24T13:26:34.9276613+01:00">
        <Text>[xUnit.net 00:00:00.94]     MininaxTests.Unit.AlgorithmsTests.MinimaxTests.MinimaxAlgo_WhenMinPlayerFirst_ShouldWork(brancingFactor: 2, levels: 20, algo: SequentialMinimax { }) [FAIL]</Text>
      </RunInfo>
      <RunInfo computerName="ACERNITRO5" outcome="Error" timestamp="2025-11-24T13:26:35.7193796+01:00">
        <Text>[xUnit.net 00:00:01.73]     MininaxTests.Unit.AlgorithmsTests.MinimaxTests.MinimaxAlgo_WhenMinPlayerFirst_ShouldWork(brancingFactor: 50, levels: 4, algo: SequentialMinimax { }) [FAIL]</Text>
      </RunInfo>
      <RunInfo computerName="ACERNITRO5" outcome="Error" timestamp="2025-11-24T13:26:35.8026784+01:00">
        <Text>[xUnit.net 00:00:01.82]     MininaxTests.Unit.AlgorithmsTests.MinimaxTests.MinimaxAlgo_WhenMinPlayerFirst_ShouldWork(brancingFactor: 100, levels: 3, algo: SequentialMinimax { }) [FAIL]</Text>
      </RunInfo>
      <RunInfo computerName="ACERNITRO5" outcome="Error" timestamp="2025-11-24T13:26:35.8878993+01:00">
        <Text>[xUnit.net 00:00:01.90]     MininaxTests.Unit.AlgorithmsTests.MinimaxTests.MinimaxAlgo_WhenMinPlayerFirst_ShouldWork(brancingFactor: 1000, levels: 2, algo: SequentialMinimax { }) [FAIL]</Text>
      </RunInfo>
      <RunInfo computerName="ACERNITRO5" outcome="Error" timestamp="2025-11-24T13:26:35.8881575+01:00">
        <Text>[xUnit.net 00:00:01.90]     MininaxTests.Unit.AlgorithmsTests.MinimaxTests.MinimaxAlgo_WhenMinPlayerFirst_ShouldWork(brancingFactor: 2, levels: 2, algo: ParallelMinimax_ForEach_FirstLevel { }) [FAIL]</Text>
      </RunInfo>
      <RunInfo computerName="ACERNITRO5" outcome="Error" timestamp="2025-11-24T13:26:35.8885507+01:00">
        <Text>[xUnit.net 00:00:01.90]     MininaxTests.Unit.AlgorithmsTests.MinimaxTests.MinimaxAlgo_WhenMinPlayerFirst_ShouldWork(brancingFactor: 2, levels: 10, algo: ParallelMinimax_ForEach_FirstLevel { }) [FAIL]</Text>
      </RunInfo>
      <RunInfo computerName="ACERNITRO5" outcome="Error" timestamp="2025-11-24T13:26:36.4844265+01:00">
        <Text>[xUnit.net 00:00:02.50]     MininaxTests.Unit.AlgorithmsTests.MinimaxTests.MinimaxAlgo_WhenMinPlayerFirst_ShouldWork(brancingFactor: 2, levels: 20, algo: ParallelMinimax_ForEach_FirstLevel { }) [FAIL]</Text>
      </RunInfo>
      <RunInfo computerName="ACERNITRO5" outcome="Error" timestamp="2025-11-24T13:26:37.1038225+01:00">
        <Text>[xUnit.net 00:00:03.12]     MininaxTests.Unit.AlgorithmsTests.MinimaxTests.MinimaxAlgo_WhenMinPlayerFirst_ShouldWork(brancingFactor: 50, levels: 4, algo: ParallelMinimax_ForEach_FirstLevel { }) [FAIL]</Text>
      </RunInfo>
      <RunInfo computerName="ACERNITRO5" outcome="Error" timestamp="2025-11-24T13:26:37.1821330+01:00">
        <Text>[xUnit.net 00:00:03.20]     MininaxTests.Unit.AlgorithmsTests.MinimaxTests.MinimaxAlgo_WhenMinPlayerFirst_ShouldWork(brancingFactor: 100, levels: 3, algo: ParallelMinimax_ForEach_FirstLevel { }) [FAIL]</Text>
      </RunInfo>
      <RunInfo computerName="ACERNITRO5" outcome="Error" timestamp="2025-11-24T13:26:37.3367990+01:00">
        <Text>[xUnit.net 00:00:03.35]     MininaxTests.Unit.AlgorithmsTests.MinimaxTests.MinimaxAlgo_WhenMinPlayerFirst_ShouldWork(brancingFactor: 1000, levels: 2, algo: ParallelMinimax_ForEach_FirstLevel { }) [FAIL]</Text>
      </RunInfo>
      <RunInfo computerName="ACERNITRO5" outcome="Error" timestamp="2025-11-24T13:26:37.3373126+01:00">
        <Text>[xUnit.net 00:00:03.35]     MininaxTests.Unit.AlgorithmsTests.MinimaxTests.MinimaxAlgo_WhenMinPlayerFirst_ShouldWork(brancingFactor: 2, levels: 2, algo: ParallelMinimax_ForEach_ChooseLevel { }) [FAIL]</Text>
      </RunInfo>
      <RunInfo computerName="ACERNITRO5" outcome="Error" timestamp="2025-11-24T13:26:37.3376769+01:00">
        <Text>[xUnit.net 00:00:03.35]     MininaxTests.Unit.AlgorithmsTests.MinimaxTests.MinimaxAlgo_WhenMinPlayerFirst_ShouldWork(brancingFactor: 2, levels: 10, algo: ParallelMinimax_ForEach_ChooseLevel { }) [FAIL]</Text>
      </RunInfo>
      <RunInfo computerName="ACERNITRO5" outcome="Error" timestamp="2025-11-24T13:26:37.8644331+01:00">
        <Text>[xUnit.net 00:00:03.88]     MininaxTests.Unit.AlgorithmsTests.MinimaxTests.MinimaxAlgo_WhenMinPlayerFirst_ShouldWork(brancingFactor: 2, levels: 20, algo: ParallelMinimax_ForEach_ChooseLevel { }) [FAIL]</Text>
      </RunInfo>
      <RunInfo computerName="ACERNITRO5" outcome="Error" timestamp="2025-11-24T13:26:38.5098820+01:00">
        <Text>[xUnit.net 00:00:04.52]     MininaxTests.Unit.AlgorithmsTests.MinimaxTests.MinimaxAlgo_WhenMinPlayerFirst_ShouldWork(brancingFactor: 50, levels: 4, algo: ParallelMinimax_ForEach_ChooseLevel { }) [FAIL]</Text>
      </RunInfo>
      <RunInfo computerName="ACERNITRO5" outcome="Error" timestamp="2025-11-24T13:26:38.6257708+01:00">
        <Text>[xUnit.net 00:00:04.64]     MininaxTests.Unit.AlgorithmsTests.MinimaxTests.MinimaxAlgo_WhenMinPlayerFirst_ShouldWork(brancingFactor: 100, levels: 3, algo: ParallelMinimax_ForEach_ChooseLevel { }) [FAIL]</Text>
      </RunInfo>
      <RunInfo computerName="ACERNITRO5" outcome="Error" timestamp="2025-11-24T13:26:38.7498417+01:00">
        <Text>[xUnit.net 00:00:04.76]     MininaxTests.Unit.AlgorithmsTests.MinimaxTests.MinimaxAlgo_WhenMinPlayerFirst_ShouldWork(brancingFactor: 1000, levels: 2, algo: ParallelMinimax_ForEach_ChooseLevel { }) [FAIL]</Text>
      </RunInfo>
    </RunInfos>
  </ResultSummary>
</TestRun>